{
  "stats": {
    "suites": 1,
    "tests": 2,
    "passes": 2,
    "pending": 0,
    "failures": 0,
    "start": "2025-05-29T11:28:43.074Z",
    "end": "2025-05-29T11:28:44.486Z",
    "duration": 1412,
    "testsRegistered": 2,
    "passPercent": 100,
    "pendingPercent": 0,
    "other": 0,
    "hasOther": false,
    "skipped": 0,
    "hasSkipped": false
  },
  "results": [
    {
      "uuid": "b4f78769-fc87-496a-bfc7-4305e7a8eea3",
      "title": "",
      "fullFile": "config/cypress/e2e/auth/auth-official-simple.cy.js",
      "file": "config/cypress/e2e/auth/auth-official-simple.cy.js",
      "beforeHooks": [],
      "afterHooks": [],
      "tests": [],
      "suites": [
        {
          "uuid": "7c247436-d08c-466a-b7cf-8ac78f1db06c",
          "title": "Official Clerk Simple Test",
          "fullFile": "",
          "file": "",
          "beforeHooks": [],
          "afterHooks": [],
          "tests": [
            {
              "title": "should access protected route with Testing Token",
              "fullTitle": "Official Clerk Simple Test should access protected route with Testing Token",
              "timedOut": null,
              "duration": 618,
              "state": "passed",
              "speed": "fast",
              "pass": true,
              "fail": false,
              "pending": false,
              "context": null,
              "code": "(0, _cypress.setupClerkTestingToken)();\ncy.visit('/dashboard');\n// Simple assertion - just check we're not redirected to sign-in\ncy.url().should('not.include', '/sign-in');\ncy.url().should('include', '/dashboard');\n// Check the page loaded successfully\ncy.get('body').should('be.visible');",
              "err": {},
              "uuid": "607a47c1-c8ec-4159-a54e-235ddf3b6a88",
              "parentUUID": "7c247436-d08c-466a-b7cf-8ac78f1db06c",
              "isHook": false,
              "skipped": false
            },
            {
              "title": "should access marketplace with Testing Token",
              "fullTitle": "Official Clerk Simple Test should access marketplace with Testing Token",
              "timedOut": null,
              "duration": 715,
              "state": "passed",
              "speed": "fast",
              "pass": true,
              "fail": false,
              "pending": false,
              "context": null,
              "code": "(0, _cypress.setupClerkTestingToken)();\ncy.visit('/influencer-marketplace');\n// Simple assertion\ncy.url().should('not.include', '/sign-in');\ncy.url().should('include', '/influencer-marketplace');\ncy.get('body').should('be.visible');",
              "err": {},
              "uuid": "61076140-b019-4f67-8908-d6ba25f278d4",
              "parentUUID": "7c247436-d08c-466a-b7cf-8ac78f1db06c",
              "isHook": false,
              "skipped": false
            }
          ],
          "suites": [],
          "passes": [
            "607a47c1-c8ec-4159-a54e-235ddf3b6a88",
            "61076140-b019-4f67-8908-d6ba25f278d4"
          ],
          "failures": [],
          "pending": [],
          "skipped": [],
          "duration": 1333,
          "root": false,
          "rootEmpty": false,
          "_timeout": 2000
        }
      ],
      "passes": [],
      "failures": [],
      "pending": [],
      "skipped": [],
      "duration": 0,
      "root": true,
      "rootEmpty": true,
      "_timeout": 2000
    }
  ],
  "meta": {
    "mocha": {
      "version": "7.2.0"
    },
    "mochawesome": {
      "options": {
        "quiet": false,
        "reportFilename": "cypress-report-[datetime]",
        "saveHtml": false,
        "saveJson": true,
        "consoleReporter": "spec",
        "useInlineDiffs": false,
        "code": true
      },
      "version": "7.1.3"
    },
    "marge": {
      "options": {
        "reportDir": "config/cypress/reports",
        "overwrite": false,
        "html": false,
        "json": true,
        "timestamp": "isoDateTime",
        "reportFilename": "cypress-report-[datetime]"
      },
      "version": "6.2.0"
    }
  }
}
