{
  "stats": {
    "suites": 1,
    "tests": 10,
    "passes": 1,
    "pending": 0,
    "failures": 9,
    "start": "2025-05-29T11:30:19.930Z",
    "end": "2025-05-29T11:33:33.251Z",
    "duration": 193321,
    "testsRegistered": 10,
    "passPercent": 10,
    "pendingPercent": 0,
    "other": 0,
    "hasOther": false,
    "skipped": 0,
    "hasSkipped": false
  },
  "results": [
    {
      "uuid": "7ce3f88a-4dcb-486c-8168-ed85c26fc1d6",
      "title": "",
      "fullFile": "config/cypress/e2e/billing/index.cy.js",
      "file": "config/cypress/e2e/billing/index.cy.js",
      "beforeHooks": [],
      "afterHooks": [],
      "tests": [],
      "suites": [
        {
          "uuid": "43034a05-1897-4970-8df6-f9e4f65d4044",
          "title": "Billing Page",
          "fullFile": "",
          "file": "",
          "beforeHooks": [],
          "afterHooks": [],
          "tests": [
            {
              "title": "loads the billing page",
              "fullTitle": "Billing Page loads the billing page",
              "timedOut": null,
              "duration": 592,
              "state": "passed",
              "speed": "fast",
              "pass": true,
              "fail": false,
              "pending": false,
              "context": null,
              "code": "cy.get('body').should('exist');",
              "err": {},
              "uuid": "6dd105c8-5c93-48db-ac04-6d778d7fb38e",
              "parentUUID": "43034a05-1897-4970-8df6-f9e4f65d4044",
              "isHook": false,
              "skipped": false
            },
            {
              "title": "should display the main billing page content",
              "fullTitle": "Billing Page should display the main billing page content",
              "timedOut": null,
              "duration": 10535,
              "state": "failed",
              "speed": null,
              "pass": false,
              "fail": true,
              "pending": false,
              "context": null,
              "code": "// Check header and navigation tabs\ncy.contains('Subscription & Billing').should('be.visible');\ncy.contains('Subscription Overview').should('be.visible');\ncy.contains('Credits & Purchase').should('be.visible');\n// In the default Subscription Overview tab\ncy.contains('Subscription Plan').should('be.visible');\ncy.contains('Credits Balance').should('be.visible');\ncy.contains('Payment Methods').should('be.visible');\ncy.contains('Billing History').should('be.visible');",
              "err": {
                "message": "AssertionError: Timed out retrying after 10000ms: Expected to find content: 'Subscription & Billing' but never did.",
                "estack": "AssertionError: Timed out retrying after 10000ms: Expected to find content: 'Subscription & Billing' but never did.\n    at Context.eval (webpack://my-project/./config/cypress/e2e/billing/index.cy.js:17:42)",
                "diff": null
              },
              "uuid": "d8a68e02-abf3-4a1c-b6af-20c4c3e218ba",
              "parentUUID": "43034a05-1897-4970-8df6-f9e4f65d4044",
              "isHook": false,
              "skipped": false
            },
            {
              "title": "should scroll to Billing History when \"Billing History\" button is clicked",
              "fullTitle": "Billing Page should scroll to Billing History when \"Billing History\" button is clicked",
              "timedOut": null,
              "duration": 10689,
              "state": "failed",
              "speed": null,
              "pass": false,
              "fail": true,
              "pending": false,
              "context": null,
              "code": "cy.contains('button', 'Billing History').click();\n// Check that the Billing History section (with id \"billingHistory\") is visible\ncy.get('#billingHistory').should('be.visible');",
              "err": {
                "message": "AssertionError: Timed out retrying after 10000ms: Expected to find content: 'Billing History' within the selector: 'button' but never did.",
                "estack": "AssertionError: Timed out retrying after 10000ms: Expected to find content: 'Billing History' within the selector: 'button' but never did.\n    at Context.eval (webpack://my-project/./config/cypress/e2e/billing/index.cy.js:29:7)",
                "diff": null
              },
              "uuid": "144cf40a-5a91-48bb-86e2-2231a12c69f2",
              "parentUUID": "43034a05-1897-4970-8df6-f9e4f65d4044",
              "isHook": false,
              "skipped": false
            },
            {
              "title": "should open the Update Payment Method modal when \"Update\" is clicked",
              "fullTitle": "Billing Page should open the Update Payment Method modal when \"Update\" is clicked",
              "timedOut": null,
              "duration": 10607,
              "state": "failed",
              "speed": null,
              "pass": false,
              "fail": true,
              "pending": false,
              "context": null,
              "code": "cy.contains('button', 'Update').click();\n// The modal should appear with the title \"Update Payment Method\"\ncy.contains('Update Payment Method').should('be.visible');",
              "err": {
                "message": "AssertionError: Timed out retrying after 10000ms: Expected to find content: 'Update' within the selector: 'button' but never did.",
                "estack": "AssertionError: Timed out retrying after 10000ms: Expected to find content: 'Update' within the selector: 'button' but never did.\n    at Context.eval (webpack://my-project/./config/cypress/e2e/billing/index.cy.js:35:7)",
                "diff": null
              },
              "uuid": "850497e8-b3b0-478e-b7e7-3caed26ce1fc",
              "parentUUID": "43034a05-1897-4970-8df6-f9e4f65d4044",
              "isHook": false,
              "skipped": false
            },
            {
              "title": "should scroll to Plan Upgrade section when \"Change\" is clicked",
              "fullTitle": "Billing Page should scroll to Plan Upgrade section when \"Change\" is clicked",
              "timedOut": null,
              "duration": 10633,
              "state": "failed",
              "speed": null,
              "pass": false,
              "fail": true,
              "pending": false,
              "context": null,
              "code": "cy.contains('button', 'Change').click();\n// Check that one of the plan options appears, e.g., \"Normal Plan\"\ncy.contains('Normal Plan').should('be.visible');",
              "err": {
                "message": "AssertionError: Timed out retrying after 10000ms: Expected to find content: 'Change' within the selector: 'button' but never did.",
                "estack": "AssertionError: Timed out retrying after 10000ms: Expected to find content: 'Change' within the selector: 'button' but never did.\n    at Context.eval (webpack://my-project/./config/cypress/e2e/billing/index.cy.js:41:7)",
                "diff": null
              },
              "uuid": "85bb4ab0-48fa-4442-8c6f-fb384d7449f3",
              "parentUUID": "43034a05-1897-4970-8df6-f9e4f65d4044",
              "isHook": false,
              "skipped": false
            },
            {
              "title": "should remove a payment method and warn when attempting to remove the last one",
              "fullTitle": "Billing Page should remove a payment method and warn when attempting to remove the last one",
              "timedOut": null,
              "duration": 10615,
              "state": "failed",
              "speed": null,
              "pass": false,
              "fail": true,
              "pending": false,
              "context": null,
              "code": "// Initially, there are two payment methods.\n// Remove the first payment method.\ncy.get('button[aria-label=\"Remove payment method\"]').first().click();\n// Now, only one payment method remains.\ncy.get('button[aria-label=\"Remove payment method\"]').should('have.length', 1);\n// Stub window.alert to catch the warning.\nconst alertStub = cy.stub();\ncy.on('window:alert', alertStub);\n// Attempt to remove the last remaining payment method.\ncy.get('button[aria-label=\"Remove payment method\"]').click().then(() => {\n  expect(alertStub).to.have.been.calledWith('Warning: No active payment methods. Add a card to continue.');\n});",
              "err": {
                "message": "AssertionError: Timed out retrying after 10000ms: Expected to find element: `button[aria-label=\"Remove payment method\"]`, but never found it.",
                "estack": "AssertionError: Timed out retrying after 10000ms: Expected to find element: `button[aria-label=\"Remove payment method\"]`, but never found it.\n    at Context.eval (webpack://my-project/./config/cypress/e2e/billing/index.cy.js:49:7)",
                "diff": null
              },
              "uuid": "4b7a78d2-fa8c-482b-9698-bcf75aa82a4a",
              "parentUUID": "43034a05-1897-4970-8df6-f9e4f65d4044",
              "isHook": false,
              "skipped": false
            },
            {
              "title": "should open the Add Payment Method modal, validate input, and add a new payment method",
              "fullTitle": "Billing Page should open the Add Payment Method modal, validate input, and add a new payment method",
              "timedOut": null,
              "duration": 10614,
              "state": "failed",
              "speed": null,
              "pass": false,
              "fail": true,
              "pending": false,
              "context": null,
              "code": "// Open the Add Payment Method modal.\ncy.contains('button', 'Add').click();\ncy.contains('Add Payment Method').should('be.visible');\n// Enter invalid card number to trigger validation error.\ncy.get('input[aria-label=\"Card Number\"]').type('1234');\ncy.get('input[aria-label=\"Expiry Date\"]').type('12/30');\ncy.get('input[aria-label=\"CVV\"]').type('123');\ncy.get('button[aria-label=\"Add Payment Method\"]').click();\ncy.contains('Error: Please enter a valid card number.').should('be.visible');\n// Clear invalid input and enter valid card details.\ncy.get('input[aria-label=\"Card Number\"]').clear().type('4242424242424242');\ncy.get('input[aria-label=\"Expiry Date\"]').clear().type('12/30');\ncy.get('input[aria-label=\"CVV\"]').clear().type('123');\ncy.get('button[aria-label=\"Add Payment Method\"]').click();\n// Check that a success toast appears.\ncy.contains('Payment method added successfully!').should('be.visible');\n// Ensure the modal is closed.\ncy.contains('Add Payment Method').should('not.exist');\n// Verify that the new payment method appears in the list (last 4 digits \"4242\").\ncy.contains('VISA').parent().should('contain.text', '4242');",
              "err": {
                "message": "AssertionError: Timed out retrying after 10000ms: Expected to find content: 'Add' within the selector: 'button' but never did.",
                "estack": "AssertionError: Timed out retrying after 10000ms: Expected to find content: 'Add' within the selector: 'button' but never did.\n    at Context.eval (webpack://my-project/./config/cypress/e2e/billing/index.cy.js:69:7)",
                "diff": null
              },
              "uuid": "99a641b1-dd5e-4040-92cb-93ad9443eb41",
              "parentUUID": "43034a05-1897-4970-8df6-f9e4f65d4044",
              "isHook": false,
              "skipped": false
            },
            {
              "title": "should open and confirm the Upgrade Plan modal",
              "fullTitle": "Billing Page should open and confirm the Upgrade Plan modal",
              "timedOut": null,
              "duration": 10737,
              "state": "failed",
              "speed": null,
              "pass": false,
              "fail": true,
              "pending": false,
              "context": null,
              "code": "// Click one of the \"Upgrade\" buttons (for example, the first one).\ncy.contains('button', 'Upgrade').first().click();\n// Modal with \"Confirm Upgrade\" should appear.\ncy.contains('Confirm Upgrade').should('be.visible');\n// Confirm the upgrade.\ncy.get('button[aria-label=\"Confirm Upgrade\"]').click();\n// Check that the toast message appears.\ncy.contains('Plan upgraded successfully!').should('be.visible');",
              "err": {
                "message": "AssertionError: Timed out retrying after 10000ms: Expected to find content: 'Upgrade' within the selector: 'button' but never did.",
                "estack": "AssertionError: Timed out retrying after 10000ms: Expected to find content: 'Upgrade' within the selector: 'button' but never did.\n    at Context.eval (webpack://my-project/./config/cypress/e2e/billing/index.cy.js:95:7)",
                "diff": null
              },
              "uuid": "c502b4b1-4ce4-4315-b74a-6f1169c5c526",
              "parentUUID": "43034a05-1897-4970-8df6-f9e4f65d4044",
              "isHook": false,
              "skipped": false
            },
            {
              "title": "should open the Buy Credits modal, require a selection, and complete the purchase",
              "fullTitle": "Billing Page should open the Buy Credits modal, require a selection, and complete the purchase",
              "timedOut": null,
              "duration": 10642,
              "state": "failed",
              "speed": null,
              "pass": false,
              "fail": true,
              "pending": false,
              "context": null,
              "code": "// Switch to the \"Credits & Purchase\" tab.\ncy.contains('Credits & Purchase').click();\n// Click the Buy button.\ncy.contains('button', 'Buy').click();\n// Without selecting a package, click Confirm Purchase and expect an alert.\nconst alertStub = cy.stub();\ncy.on('window:alert', alertStub);\ncy.get('button[aria-label=\"Confirm Purchase\"]').click().then(() => {\n  expect(alertStub).to.have.been.calledWith('Please select a credit package.');\n});\n// Select a credit package (assume one with aria-label containing \"50 Credits\").\ncy.get('input[type=\"radio\"][aria-label*=\"50 Credits\"]').check();\n// Confirm the purchase.\ncy.get('button[aria-label=\"Confirm Purchase\"]').click();\n// Verify the success toast.\ncy.contains('Credits added successfully!').should('be.visible');",
              "err": {
                "message": "AssertionError: Timed out retrying after 10000ms: Expected to find content: 'Credits & Purchase' but never did.",
                "estack": "AssertionError: Timed out retrying after 10000ms: Expected to find content: 'Credits & Purchase' but never did.\n    at Context.eval (webpack://my-project/./config/cypress/e2e/billing/index.cy.js:107:7)",
                "diff": null
              },
              "uuid": "d3a4c15f-6e8e-4714-9c1a-a48ae1b38b8b",
              "parentUUID": "43034a05-1897-4970-8df6-f9e4f65d4044",
              "isHook": false,
              "skipped": false
            },
            {
              "title": "should trigger alerts for Download and Retry actions in Billing History",
              "fullTitle": "Billing Page should trigger alerts for Download and Retry actions in Billing History",
              "timedOut": null,
              "duration": 10700,
              "state": "failed",
              "speed": null,
              "pass": false,
              "fail": true,
              "pending": false,
              "context": null,
              "code": "// Stub alert for Download action.\nconst downloadAlertStub = cy.stub();\ncy.on('window:alert', downloadAlertStub);\n// Click the first \"Download\" button in the Billing History table.\ncy.get('table').contains('Download').first().click().then(() => {\n  expect(downloadAlertStub).to.have.been.calledWith('Downloading invoice...');\n});\n// Stub alert for Retry action (for pending transactions).\nconst retryAlertStub = cy.stub();\ncy.on('window:alert', retryAlertStub);\n// Click the \"Retry\" button (present only on pending transactions).\ncy.get('table').contains('Retry').click().then(() => {\n  expect(retryAlertStub).to.have.been.calledWith('Retrying payment...');\n});",
              "err": {
                "message": "AssertionError: Timed out retrying after 10000ms: Expected to find element: `table`, but never found it.",
                "estack": "AssertionError: Timed out retrying after 10000ms: Expected to find element: `table`, but never found it.\n    at Context.eval (webpack://my-project/./config/cypress/e2e/billing/index.cy.js:131:7)",
                "diff": null
              },
              "uuid": "488d994f-91d3-462f-9eff-2d51b422e62e",
              "parentUUID": "43034a05-1897-4970-8df6-f9e4f65d4044",
              "isHook": false,
              "skipped": false
            }
          ],
          "suites": [],
          "passes": ["6dd105c8-5c93-48db-ac04-6d778d7fb38e"],
          "failures": [
            "d8a68e02-abf3-4a1c-b6af-20c4c3e218ba",
            "144cf40a-5a91-48bb-86e2-2231a12c69f2",
            "850497e8-b3b0-478e-b7e7-3caed26ce1fc",
            "85bb4ab0-48fa-4442-8c6f-fb384d7449f3",
            "4b7a78d2-fa8c-482b-9698-bcf75aa82a4a",
            "99a641b1-dd5e-4040-92cb-93ad9443eb41",
            "c502b4b1-4ce4-4315-b74a-6f1169c5c526",
            "d3a4c15f-6e8e-4714-9c1a-a48ae1b38b8b",
            "488d994f-91d3-462f-9eff-2d51b422e62e"
          ],
          "pending": [],
          "skipped": [],
          "duration": 96364,
          "root": false,
          "rootEmpty": false,
          "_timeout": 2000
        }
      ],
      "passes": [],
      "failures": [],
      "pending": [],
      "skipped": [],
      "duration": 0,
      "root": true,
      "rootEmpty": true,
      "_timeout": 2000
    }
  ],
  "meta": {
    "mocha": {
      "version": "7.2.0"
    },
    "mochawesome": {
      "options": {
        "quiet": false,
        "reportFilename": "cypress-report-[datetime]",
        "saveHtml": false,
        "saveJson": true,
        "consoleReporter": "spec",
        "useInlineDiffs": false,
        "code": true
      },
      "version": "7.1.3"
    },
    "marge": {
      "options": {
        "reportDir": "config/cypress/reports",
        "overwrite": false,
        "html": false,
        "json": true,
        "timestamp": "isoDateTime",
        "reportFilename": "cypress-report-[datetime]"
      },
      "version": "6.2.0"
    }
  }
}
