{
  "stats": {
    "suites": 1,
    "tests": 1,
    "passes": 1,
    "pending": 0,
    "failures": 0,
    "start": "2025-05-29T11:30:18.056Z",
    "end": "2025-05-29T11:30:18.711Z",
    "duration": 655,
    "testsRegistered": 1,
    "passPercent": 100,
    "pendingPercent": 0,
    "other": 0,
    "hasOther": false,
    "skipped": 0,
    "hasSkipped": false
  },
  "results": [
    {
      "uuid": "1f67a233-10e8-46a6-82e2-f3c50a73af65",
      "title": "",
      "fullFile": "config/cypress/e2e/auth/signin.cy.js",
      "file": "config/cypress/e2e/auth/signin.cy.js",
      "beforeHooks": [],
      "afterHooks": [],
      "tests": [],
      "suites": [
        {
          "uuid": "5f1f51cb-9f05-4af6-b270-5b855dbd19a8",
          "title": "Auth Flow",
          "fullFile": "",
          "file": "",
          "beforeHooks": [],
          "afterHooks": [],
          "tests": [
            {
              "title": "loads the auth page",
              "fullTitle": "Auth Flow loads the auth page",
              "timedOut": null,
              "duration": 584,
              "state": "passed",
              "speed": "fast",
              "pass": true,
              "fail": false,
              "pending": false,
              "context": null,
              "code": "cy.visit('/auth/signin', {\n  failOnStatusCode: false\n});\ncy.get('body').should('exist');",
              "err": {},
              "uuid": "bd17a029-a43a-46c6-bd08-dd4bdd9eeda6",
              "parentUUID": "5f1f51cb-9f05-4af6-b270-5b855dbd19a8",
              "isHook": false,
              "skipped": false
            }
          ],
          "suites": [],
          "passes": ["bd17a029-a43a-46c6-bd08-dd4bdd9eeda6"],
          "failures": [],
          "pending": [],
          "skipped": [],
          "duration": 584,
          "root": false,
          "rootEmpty": false,
          "_timeout": 2000
        }
      ],
      "passes": [],
      "failures": [],
      "pending": [],
      "skipped": [],
      "duration": 0,
      "root": true,
      "rootEmpty": true,
      "_timeout": 2000
    }
  ],
  "meta": {
    "mocha": {
      "version": "7.2.0"
    },
    "mochawesome": {
      "options": {
        "quiet": false,
        "reportFilename": "cypress-report-[datetime]",
        "saveHtml": false,
        "saveJson": true,
        "consoleReporter": "spec",
        "useInlineDiffs": false,
        "code": true
      },
      "version": "7.1.3"
    },
    "marge": {
      "options": {
        "reportDir": "config/cypress/reports",
        "overwrite": false,
        "html": false,
        "json": true,
        "timestamp": "isoDateTime",
        "reportFilename": "cypress-report-[datetime]"
      },
      "version": "6.2.0"
    }
  }
}
