{
  "stats": {
    "suites": 3,
    "tests": 5,
    "passes": 5,
    "pending": 0,
    "failures": 0,
    "start": "2025-05-29T11:28:46.439Z",
    "end": "2025-05-29T11:28:48.857Z",
    "duration": 2418,
    "testsRegistered": 5,
    "passPercent": 100,
    "pendingPercent": 0,
    "other": 0,
    "hasOther": false,
    "skipped": 0,
    "hasSkipped": false
  },
  "results": [
    {
      "uuid": "a13b32ba-cd1e-4c7e-bc6c-bf92df02e7c0",
      "title": "",
      "fullFile": "config/cypress/e2e/auth/auth-test-minimal.cy.js",
      "file": "config/cypress/e2e/auth/auth-test-minimal.cy.js",
      "beforeHooks": [],
      "afterHooks": [],
      "tests": [],
      "suites": [
        {
          "uuid": "33a11a2a-5871-43d3-9fc0-070770ec753f",
          "title": "Authentication - Minimal Test (SSOT Verification)",
          "fullFile": "",
          "file": "",
          "beforeHooks": [],
          "afterHooks": [],
          "tests": [],
          "suites": [
            {
              "uuid": "c5aeb786-9596-40a3-9d20-dbf247f82c22",
              "title": "Sign-In Page Access",
              "fullFile": "",
              "file": "",
              "beforeHooks": [],
              "afterHooks": [],
              "tests": [
                {
                  "title": "should load sign-in page without authentication",
                  "fullTitle": "Authentication - Minimal Test (SSOT Verification) Sign-In Page Access should load sign-in page without authentication",
                  "timedOut": null,
                  "duration": 1118,
                  "state": "passed",
                  "speed": "fast",
                  "pass": true,
                  "fail": false,
                  "pending": false,
                  "context": null,
                  "code": "cy.visit('/sign-in');\ncy.url().should('include', '/sign-in');\ncy.get('body').should('be.visible');\n// Verify sign-in form elements are present\ncy.get('.cl-formButtonPrimary, [data-testid=\"sign-in-button\"], button').should('exist');\ncy.log('✅ Sign-in page loads successfully');",
                  "err": {},
                  "uuid": "58cc603f-df37-405c-8da1-654fc8a1dbcc",
                  "parentUUID": "c5aeb786-9596-40a3-9d20-dbf247f82c22",
                  "isHook": false,
                  "skipped": false
                },
                {
                  "title": "should verify SSOT utilities are working",
                  "fullTitle": "Authentication - Minimal Test (SSOT Verification) Sign-In Page Access should verify SSOT utilities are working",
                  "timedOut": null,
                  "duration": 487,
                  "state": "passed",
                  "speed": "fast",
                  "pass": true,
                  "fail": false,
                  "pending": false,
                  "context": null,
                  "code": "// Test AssertionHelpers\ncy.visit('/sign-in');\n_testHelpers.AssertionHelpers.expectUrlToContain('/sign-in');\n// Test API interceptors are set up\ncy.window().then(() => {\n  cy.log('✅ SSOT utilities working correctly');\n});",
                  "err": {},
                  "uuid": "58b8c035-5ded-49b7-b24c-93a1954cafaf",
                  "parentUUID": "c5aeb786-9596-40a3-9d20-dbf247f82c22",
                  "isHook": false,
                  "skipped": false
                },
                {
                  "title": "should handle performance measurement",
                  "fullTitle": "Authentication - Minimal Test (SSOT Verification) Sign-In Page Access should handle performance measurement",
                  "timedOut": null,
                  "duration": 46,
                  "state": "passed",
                  "speed": "fast",
                  "pass": true,
                  "fail": false,
                  "pending": false,
                  "context": null,
                  "code": "cy.measurePageLoadTime(() => {\n  cy.visit('/sign-in');\n}, 'sign-in-page-load', 3000);\ncy.get('body').should('be.visible');\ncy.log('✅ Performance measurement working');",
                  "err": {},
                  "uuid": "e8f55f2d-aa86-4318-a61a-b775577e126e",
                  "parentUUID": "c5aeb786-9596-40a3-9d20-dbf247f82c22",
                  "isHook": false,
                  "skipped": false
                }
              ],
              "suites": [],
              "passes": [
                "58cc603f-df37-405c-8da1-654fc8a1dbcc",
                "58b8c035-5ded-49b7-b24c-93a1954cafaf",
                "e8f55f2d-aa86-4318-a61a-b775577e126e"
              ],
              "failures": [],
              "pending": [],
              "skipped": [],
              "duration": 1651,
              "root": false,
              "rootEmpty": false,
              "_timeout": 2000
            },
            {
              "uuid": "d9e4228b-9176-4921-8f79-f72f4d548b7f",
              "title": "SSOT Verification Tests",
              "fullFile": "",
              "file": "",
              "beforeHooks": [],
              "afterHooks": [],
              "tests": [
                {
                  "title": "should verify BasePage methods work",
                  "fullTitle": "Authentication - Minimal Test (SSOT Verification) SSOT Verification Tests should verify BasePage methods work",
                  "timedOut": null,
                  "duration": 525,
                  "state": "passed",
                  "speed": "fast",
                  "pass": true,
                  "fail": false,
                  "pending": false,
                  "context": null,
                  "code": "cy.visit('/sign-in');\n// Test BasePage utilities\nsignInPage.logAction('Testing BasePage inheritance');\nsignInPage.expectUrl('/sign-in');\ncy.log('✅ BasePage methods working correctly');",
                  "err": {},
                  "uuid": "9ba53ca7-f6d2-4cc5-a24d-d2311b515b09",
                  "parentUUID": "d9e4228b-9176-4921-8f79-f72f4d548b7f",
                  "isHook": false,
                  "skipped": false
                },
                {
                  "title": "should verify API interceptors are functional",
                  "fullTitle": "Authentication - Minimal Test (SSOT Verification) SSOT Verification Tests should verify API interceptors are functional",
                  "timedOut": null,
                  "duration": 16,
                  "state": "passed",
                  "speed": "fast",
                  "pass": true,
                  "fail": false,
                  "pending": false,
                  "context": null,
                  "code": "// The auth interceptors should be set up\ncy.window().then(() => {\n  // Check that interceptors are configured\n  cy.log('✅ API interceptors configured via TestSetup');\n});",
                  "err": {},
                  "uuid": "183ff57c-8c56-41d4-8268-83ee4b8f79ab",
                  "parentUUID": "d9e4228b-9176-4921-8f79-f72f4d548b7f",
                  "isHook": false,
                  "skipped": false
                }
              ],
              "suites": [],
              "passes": [
                "9ba53ca7-f6d2-4cc5-a24d-d2311b515b09",
                "183ff57c-8c56-41d4-8268-83ee4b8f79ab"
              ],
              "failures": [],
              "pending": [],
              "skipped": [],
              "duration": 541,
              "root": false,
              "rootEmpty": false,
              "_timeout": 2000
            }
          ],
          "passes": [],
          "failures": [],
          "pending": [],
          "skipped": [],
          "duration": 0,
          "root": false,
          "rootEmpty": false,
          "_timeout": 2000
        }
      ],
      "passes": [],
      "failures": [],
      "pending": [],
      "skipped": [],
      "duration": 0,
      "root": true,
      "rootEmpty": true,
      "_timeout": 2000
    }
  ],
  "meta": {
    "mocha": {
      "version": "7.2.0"
    },
    "mochawesome": {
      "options": {
        "quiet": false,
        "reportFilename": "cypress-report-[datetime]",
        "saveHtml": false,
        "saveJson": true,
        "consoleReporter": "spec",
        "useInlineDiffs": false,
        "code": true
      },
      "version": "7.1.3"
    },
    "marge": {
      "options": {
        "reportDir": "config/cypress/reports",
        "overwrite": false,
        "html": false,
        "json": true,
        "timestamp": "isoDateTime",
        "reportFilename": "cypress-report-[datetime]"
      },
      "version": "6.2.0"
    }
  }
}
