{
  "stats": {
    "suites": 1,
    "tests": 1,
    "passes": 1,
    "pending": 0,
    "failures": 0,
    "start": "2025-05-29T11:28:51.173Z",
    "end": "2025-05-29T11:28:51.920Z",
    "duration": 747,
    "testsRegistered": 1,
    "passPercent": 100,
    "pendingPercent": 0,
    "other": 0,
    "hasOther": false,
    "skipped": 0,
    "hasSkipped": false
  },
  "results": [
    {
      "uuid": "f27f9327-15db-4b04-821e-55412c0f3784",
      "title": "",
      "fullFile": "config/cypress/e2e/auth/flow.cy.js",
      "file": "config/cypress/e2e/auth/flow.cy.js",
      "beforeHooks": [],
      "afterHooks": [],
      "tests": [],
      "suites": [
        {
          "uuid": "6c516b2f-ac80-4fb2-9029-14209eddd5fa",
          "title": "Full Authentication Flow",
          "fullFile": "",
          "file": "",
          "beforeHooks": [],
          "afterHooks": [],
          "tests": [
            {
              "title": "should log in and display the dashboard with admin indicators",
              "fullTitle": "Full Authentication Flow should log in and display the dashboard with admin indicators",
              "timedOut": null,
              "duration": 687,
              "state": "passed",
              "speed": "fast",
              "pass": true,
              "fail": false,
              "pending": false,
              "context": null,
              "code": "// Instead of 'Admin Tools', check that the Settings link (or company name) is visible.\ncy.contains('Settings').should('be.visible');\ncy.get('header').within(() => {\n  cy.contains('Justify').should('be.visible');\n});",
              "err": {},
              "uuid": "c835defa-3ed7-4c70-b42c-549b6d1c6b78",
              "parentUUID": "6c516b2f-ac80-4fb2-9029-14209eddd5fa",
              "isHook": false,
              "skipped": false
            }
          ],
          "suites": [],
          "passes": ["c835defa-3ed7-4c70-b42c-549b6d1c6b78"],
          "failures": [],
          "pending": [],
          "skipped": [],
          "duration": 687,
          "root": false,
          "rootEmpty": false,
          "_timeout": 2000
        }
      ],
      "passes": [],
      "failures": [],
      "pending": [],
      "skipped": [],
      "duration": 0,
      "root": true,
      "rootEmpty": true,
      "_timeout": 2000
    }
  ],
  "meta": {
    "mocha": {
      "version": "7.2.0"
    },
    "mochawesome": {
      "options": {
        "quiet": false,
        "reportFilename": "cypress-report-[datetime]",
        "saveHtml": false,
        "saveJson": true,
        "consoleReporter": "spec",
        "useInlineDiffs": false,
        "code": true
      },
      "version": "7.1.3"
    },
    "marge": {
      "options": {
        "reportDir": "config/cypress/reports",
        "overwrite": false,
        "html": false,
        "json": true,
        "timestamp": "isoDateTime",
        "reportFilename": "cypress-report-[datetime]"
      },
      "version": "6.2.0"
    }
  }
}
