{
  "stats": {
    "suites": 1,
    "tests": 1,
    "passes": 1,
    "pending": 0,
    "failures": 0,
    "start": "2025-05-29T11:33:45.073Z",
    "end": "2025-05-29T11:33:45.654Z",
    "duration": 581,
    "testsRegistered": 1,
    "passPercent": 100,
    "pendingPercent": 0,
    "other": 0,
    "hasOther": false,
    "skipped": 0,
    "hasSkipped": false
  },
  "results": [
    {
      "uuid": "55971d54-b52f-4e25-842a-b3a9f87845f6",
      "title": "",
      "fullFile": "config/cypress/e2e/brand-lift/survey-approval.cy.js",
      "file": "config/cypress/e2e/brand-lift/survey-approval.cy.js",
      "beforeHooks": [],
      "afterHooks": [],
      "tests": [],
      "suites": [
        {
          "uuid": "0d91e9ae-6a1a-42f4-a4c7-11fdf23a1c58",
          "title": "Brand Lift Survey Approval",
          "fullFile": "",
          "file": "",
          "beforeHooks": [],
          "afterHooks": [],
          "tests": [
            {
              "title": "loads the page",
              "fullTitle": "Brand Lift Survey Approval loads the page",
              "timedOut": null,
              "duration": 521,
              "state": "passed",
              "speed": "fast",
              "pass": true,
              "fail": false,
              "pending": false,
              "context": null,
              "code": "cy.get('body').should('exist');",
              "err": {},
              "uuid": "f8c6a790-d30a-4c4c-b1e5-a958d04af908",
              "parentUUID": "0d91e9ae-6a1a-42f4-a4c7-11fdf23a1c58",
              "isHook": false,
              "skipped": false
            }
          ],
          "suites": [],
          "passes": ["f8c6a790-d30a-4c4c-b1e5-a958d04af908"],
          "failures": [],
          "pending": [],
          "skipped": [],
          "duration": 521,
          "root": false,
          "rootEmpty": false,
          "_timeout": 2000
        }
      ],
      "passes": [],
      "failures": [],
      "pending": [],
      "skipped": [],
      "duration": 0,
      "root": true,
      "rootEmpty": true,
      "_timeout": 2000
    }
  ],
  "meta": {
    "mocha": {
      "version": "7.2.0"
    },
    "mochawesome": {
      "options": {
        "quiet": false,
        "reportFilename": "cypress-report-[datetime]",
        "saveHtml": false,
        "saveJson": true,
        "consoleReporter": "spec",
        "useInlineDiffs": false,
        "code": true
      },
      "version": "7.1.3"
    },
    "marge": {
      "options": {
        "reportDir": "config/cypress/reports",
        "overwrite": false,
        "html": false,
        "json": true,
        "timestamp": "isoDateTime",
        "reportFilename": "cypress-report-[datetime]"
      },
      "version": "6.2.0"
    }
  }
}
