{
  "stats": {
    "suites": 7,
    "tests": 19,
    "passes": 1,
    "pending": 0,
    "failures": 18,
    "start": "2025-05-24T12:07:48.494Z",
    "end": "2025-05-24T12:16:30.176Z",
    "duration": 521682,
    "testsRegistered": 19,
    "passPercent": 5.263157894736842,
    "pendingPercent": 0,
    "other": 0,
    "hasOther": false,
    "skipped": 0,
    "hasSkipped": false
  },
  "results": [
    {
      "uuid": "f7a7a566-9954-4603-8374-25823f2876d8",
      "title": "",
      "fullFile": "config/cypress/e2e/marketplace/marketplace-minimal.cy.js",
      "file": "config/cypress/e2e/marketplace/marketplace-minimal.cy.js",
      "beforeHooks": [],
      "afterHooks": [],
      "tests": [],
      "suites": [
        {
          "uuid": "61754182-cd34-4c22-bf3b-5ddc9dcd7494",
          "title": "Marketplace Module - SSOT Verification",
          "fullFile": "",
          "file": "",
          "beforeHooks": [],
          "afterHooks": [],
          "tests": [],
          "suites": [
            {
              "uuid": "086a227d-3150-4b19-9771-02b72a58a54b",
              "title": "Page Object SSOT Verification",
              "fullFile": "",
              "file": "",
              "beforeHooks": [],
              "afterHooks": [],
              "tests": [
                {
                  "title": "should verify MarketplacePage SSOT implementation",
                  "fullTitle": "Marketplace Module - SSOT Verification Page Object SSOT Verification should verify MarketplacePage SSOT implementation",
                  "timedOut": null,
                  "duration": 10912,
                  "state": "failed",
                  "speed": null,
                  "pass": false,
                  "fail": true,
                  "pending": false,
                  "context": null,
                  "code": "// Test SSOT compliance\nexpect(marketplacePage).to.be.instanceOf(_pageObjects.MarketplacePage);\nexpect(marketplacePage.resetPageState).to.be.a('function');\nexpect(marketplacePage.logAction).to.be.a('function');\nexpect(marketplacePage.takeScreenshot).to.be.a('function');\n// Test basic functionality\nmarketplacePage.visit();\nmarketplacePage.expectToBeOnMarketplacePage();\ncy.wait('@getInfluencers');",
                  "err": {
                    "message": "AssertionError: Timed out retrying after 10000ms: Expected to find content: 'Influencer Marketplace' within the selector: 'h1' but never did.",
                    "estack": "AssertionError: Timed out retrying after 10000ms: Expected to find content: 'Influencer Marketplace' within the selector: 'h1' but never did.\n    at MarketplacePage.waitForPageLoad (webpack://my-project/./config/cypress/support/page-objects/marketplace/MarketplacePage.js:459:34)\n    at MarketplacePage.visit (webpack://my-project/./config/cypress/support/page-objects/marketplace/MarketplacePage.js:127:13)\n    at Context.eval (webpack://my-project/./config/cypress/e2e/marketplace/marketplace-minimal.cy.js:47:28)",
                    "diff": null
                  },
                  "uuid": "ad402f55-ab1f-4719-bc7f-f719db292ad7",
                  "parentUUID": "086a227d-3150-4b19-9771-02b72a58a54b",
                  "isHook": false,
                  "skipped": false
                },
                {
                  "title": "should verify InfluencerProfilePage SSOT implementation",
                  "fullTitle": "Marketplace Module - SSOT Verification Page Object SSOT Verification should verify InfluencerProfilePage SSOT implementation",
                  "timedOut": null,
                  "duration": 10828,
                  "state": "failed",
                  "speed": null,
                  "pass": false,
                  "fail": true,
                  "pending": false,
                  "context": null,
                  "code": "// Test SSOT compliance\nexpect(influencerProfilePage).to.be.instanceOf(_pageObjects.InfluencerProfilePage);\nexpect(influencerProfilePage.resetPageState).to.be.a('function');\nexpect(influencerProfilePage.logAction).to.be.a('function');\n// Mock profile API\ncy.intercept('GET', '**/api/influencers/fetch-profile**', {\n  body: {\n    success: true,\n    data: {\n      id: '1',\n      handle: 'test_influencer',\n      name: 'Test Influencer',\n      platforms: ['INSTAGRAM']\n    }\n  }\n}).as('getProfile');\n// Test basic functionality\ninfluencerProfilePage.visitProfile('test_influencer', 'INSTAGRAM');\ninfluencerProfilePage.expectProfileHeaderVisible();\ncy.wait('@getProfile');",
                  "err": {
                    "message": "AssertionError: Timed out retrying after 10000ms: Expected to find element: `.min-h-screen`, but never found it.",
                    "estack": "AssertionError: Timed out retrying after 10000ms: Expected to find element: `.min-h-screen`, but never found it.\n    at InfluencerProfilePage.waitForProfileLoad (webpack://my-project/./config/cypress/support/page-objects/marketplace/InfluencerProfilePage.js:518:41)\n    at InfluencerProfilePage.visitProfile (webpack://my-project/./config/cypress/support/page-objects/marketplace/InfluencerProfilePage.js:154:13)\n    at Context.eval (webpack://my-project/./config/cypress/e2e/marketplace/marketplace-minimal.cy.js:73:34)",
                    "diff": null
                  },
                  "uuid": "31331ff8-1d9c-4f25-891c-9a84704db6ee",
                  "parentUUID": "086a227d-3150-4b19-9771-02b72a58a54b",
                  "isHook": false,
                  "skipped": false
                },
                {
                  "title": "should verify SearchAndFilterPage SSOT implementation",
                  "fullTitle": "Marketplace Module - SSOT Verification Page Object SSOT Verification should verify SearchAndFilterPage SSOT implementation",
                  "timedOut": null,
                  "duration": 10828,
                  "state": "failed",
                  "speed": null,
                  "pass": false,
                  "fail": true,
                  "pending": false,
                  "context": null,
                  "code": "// Test SSOT compliance\nexpect(searchAndFilterPage).to.be.instanceOf(_pageObjects.SearchAndFilterPage);\nexpect(searchAndFilterPage.resetPageState).to.be.a('function');\nexpect(searchAndFilterPage.logAction).to.be.a('function');\n// Test basic search functionality\nmarketplacePage.visit();\nsearchAndFilterPage.performSearch('test');\nsearchAndFilterPage.expectSearchResultsVisible();",
                  "err": {
                    "message": "AssertionError: Timed out retrying after 10000ms: Expected to find content: 'Influencer Marketplace' within the selector: 'h1' but never did.",
                    "estack": "AssertionError: Timed out retrying after 10000ms: Expected to find content: 'Influencer Marketplace' within the selector: 'h1' but never did.\n    at MarketplacePage.waitForPageLoad (webpack://my-project/./config/cypress/support/page-objects/marketplace/MarketplacePage.js:459:34)\n    at MarketplacePage.visit (webpack://my-project/./config/cypress/support/page-objects/marketplace/MarketplacePage.js:127:13)\n    at Context.eval (webpack://my-project/./config/cypress/e2e/marketplace/marketplace-minimal.cy.js:86:28)",
                    "diff": null
                  },
                  "uuid": "afd75283-544a-4085-83bd-6d952f113b68",
                  "parentUUID": "086a227d-3150-4b19-9771-02b72a58a54b",
                  "isHook": false,
                  "skipped": false
                },
                {
                  "title": "should verify InfluencerEngagementPage SSOT implementation",
                  "fullTitle": "Marketplace Module - SSOT Verification Page Object SSOT Verification should verify InfluencerEngagementPage SSOT implementation",
                  "timedOut": null,
                  "duration": 25,
                  "state": "passed",
                  "speed": "fast",
                  "pass": true,
                  "fail": false,
                  "pending": false,
                  "context": null,
                  "code": "// Test SSOT compliance\nexpect(influencerEngagementPage).to.be.instanceOf(_pageObjects.InfluencerEngagementPage);\nexpect(influencerEngagementPage.resetPageState).to.be.a('function');\nexpect(influencerEngagementPage.logAction).to.be.a('function');\n// Test engagement functionality exists\nexpect(influencerEngagementPage.openAddToCampaignDialog).to.be.a('function');\nexpect(influencerEngagementPage.selectCampaign).to.be.a('function');\nexpect(influencerEngagementPage.confirmAddToCampaign).to.be.a('function');",
                  "err": {},
                  "uuid": "28dc0f29-076e-42c5-8746-b86c5594e375",
                  "parentUUID": "086a227d-3150-4b19-9771-02b72a58a54b",
                  "isHook": false,
                  "skipped": false
                }
              ],
              "suites": [],
              "passes": ["28dc0f29-076e-42c5-8746-b86c5594e375"],
              "failures": [
                "ad402f55-ab1f-4719-bc7f-f719db292ad7",
                "31331ff8-1d9c-4f25-891c-9a84704db6ee",
                "afd75283-544a-4085-83bd-6d952f113b68"
              ],
              "pending": [],
              "skipped": [],
              "duration": 32593,
              "root": false,
              "rootEmpty": false,
              "_timeout": 2000
            },
            {
              "uuid": "1aa2694b-3906-4f5a-b6d0-714bd4c804e5",
              "title": "Basic Functionality Verification",
              "fullFile": "",
              "file": "",
              "beforeHooks": [],
              "afterHooks": [],
              "tests": [
                {
                  "title": "should load marketplace successfully",
                  "fullTitle": "Marketplace Module - SSOT Verification Basic Functionality Verification should load marketplace successfully",
                  "timedOut": null,
                  "duration": 10726,
                  "state": "failed",
                  "speed": null,
                  "pass": false,
                  "fail": true,
                  "pending": false,
                  "context": null,
                  "code": "marketplacePage.visit();\nmarketplacePage.expectToBeOnMarketplacePage();\nmarketplacePage.expectInfluencersVisible();",
                  "err": {
                    "message": "AssertionError: Timed out retrying after 10000ms: Expected to find content: 'Influencer Marketplace' within the selector: 'h1' but never did.",
                    "estack": "AssertionError: Timed out retrying after 10000ms: Expected to find content: 'Influencer Marketplace' within the selector: 'h1' but never did.\n    at MarketplacePage.waitForPageLoad (webpack://my-project/./config/cypress/support/page-objects/marketplace/MarketplacePage.js:459:34)\n    at MarketplacePage.visit (webpack://my-project/./config/cypress/support/page-objects/marketplace/MarketplacePage.js:127:13)\n    at Context.eval (webpack://my-project/./config/cypress/e2e/marketplace/marketplace-minimal.cy.js:106:28)",
                    "diff": null
                  },
                  "uuid": "498c190a-8c5c-4bbc-a11c-57388d3727a1",
                  "parentUUID": "1aa2694b-3906-4f5a-b6d0-714bd4c804e5",
                  "isHook": false,
                  "skipped": false
                },
                {
                  "title": "should perform basic search",
                  "fullTitle": "Marketplace Module - SSOT Verification Basic Functionality Verification should perform basic search",
                  "timedOut": null,
                  "duration": 10664,
                  "state": "failed",
                  "speed": null,
                  "pass": false,
                  "fail": true,
                  "pending": false,
                  "context": null,
                  "code": "marketplacePage.visit();\nsearchAndFilterPage.performSearch('fashion');\nsearchAndFilterPage.expectSearchResultsVisible();",
                  "err": {
                    "message": "AssertionError: Timed out retrying after 10000ms: Expected to find content: 'Influencer Marketplace' within the selector: 'h1' but never did.",
                    "estack": "AssertionError: Timed out retrying after 10000ms: Expected to find content: 'Influencer Marketplace' within the selector: 'h1' but never did.\n    at MarketplacePage.waitForPageLoad (webpack://my-project/./config/cypress/support/page-objects/marketplace/MarketplacePage.js:459:34)\n    at MarketplacePage.visit (webpack://my-project/./config/cypress/support/page-objects/marketplace/MarketplacePage.js:127:13)\n    at Context.eval (webpack://my-project/./config/cypress/e2e/marketplace/marketplace-minimal.cy.js:112:28)",
                    "diff": null
                  },
                  "uuid": "650f0d2f-d9ba-461d-91d4-27ca557b2b43",
                  "parentUUID": "1aa2694b-3906-4f5a-b6d0-714bd4c804e5",
                  "isHook": false,
                  "skipped": false
                },
                {
                  "title": "should open filter panel",
                  "fullTitle": "Marketplace Module - SSOT Verification Basic Functionality Verification should open filter panel",
                  "timedOut": null,
                  "duration": 10660,
                  "state": "failed",
                  "speed": null,
                  "pass": false,
                  "fail": true,
                  "pending": false,
                  "context": null,
                  "code": "marketplacePage.visit();\nsearchAndFilterPage.openFilters();\nsearchAndFilterPage.expectFiltersVisible();",
                  "err": {
                    "message": "AssertionError: Timed out retrying after 10000ms: Expected to find content: 'Influencer Marketplace' within the selector: 'h1' but never did.",
                    "estack": "AssertionError: Timed out retrying after 10000ms: Expected to find content: 'Influencer Marketplace' within the selector: 'h1' but never did.\n    at MarketplacePage.waitForPageLoad (webpack://my-project/./config/cypress/support/page-objects/marketplace/MarketplacePage.js:459:34)\n    at MarketplacePage.visit (webpack://my-project/./config/cypress/support/page-objects/marketplace/MarketplacePage.js:127:13)\n    at Context.eval (webpack://my-project/./config/cypress/e2e/marketplace/marketplace-minimal.cy.js:118:28)",
                    "diff": null
                  },
                  "uuid": "87e077ef-92ef-4aac-b1d8-8367243669e8",
                  "parentUUID": "1aa2694b-3906-4f5a-b6d0-714bd4c804e5",
                  "isHook": false,
                  "skipped": false
                },
                {
                  "title": "should navigate to influencer profile",
                  "fullTitle": "Marketplace Module - SSOT Verification Basic Functionality Verification should navigate to influencer profile",
                  "timedOut": null,
                  "duration": 10664,
                  "state": "failed",
                  "speed": null,
                  "pass": false,
                  "fail": true,
                  "pending": false,
                  "context": null,
                  "code": "cy.intercept('GET', '**/api/influencers/fetch-profile**', {\n  body: {\n    success: true,\n    data: {\n      id: '1',\n      handle: 'test_influencer',\n      name: 'Test Influencer',\n      platforms: ['INSTAGRAM']\n    }\n  }\n}).as('getProfile');\ninfluencerProfilePage.visitProfile('test_influencer', 'INSTAGRAM');\ninfluencerProfilePage.expectToBeOnProfilePage('test_influencer');\ncy.wait('@getProfile');",
                  "err": {
                    "message": "AssertionError: Timed out retrying after 10000ms: Expected to find element: `.min-h-screen`, but never found it.",
                    "estack": "AssertionError: Timed out retrying after 10000ms: Expected to find element: `.min-h-screen`, but never found it.\n    at InfluencerProfilePage.waitForProfileLoad (webpack://my-project/./config/cypress/support/page-objects/marketplace/InfluencerProfilePage.js:518:41)\n    at InfluencerProfilePage.visitProfile (webpack://my-project/./config/cypress/support/page-objects/marketplace/InfluencerProfilePage.js:154:13)\n    at Context.eval (webpack://my-project/./config/cypress/e2e/marketplace/marketplace-minimal.cy.js:136:34)",
                    "diff": null
                  },
                  "uuid": "f0782db8-5b92-4a9e-a21e-1ca588146b21",
                  "parentUUID": "1aa2694b-3906-4f5a-b6d0-714bd4c804e5",
                  "isHook": false,
                  "skipped": false
                },
                {
                  "title": "should test tab navigation",
                  "fullTitle": "Marketplace Module - SSOT Verification Basic Functionality Verification should test tab navigation",
                  "timedOut": null,
                  "duration": 10726,
                  "state": "failed",
                  "speed": null,
                  "pass": false,
                  "fail": true,
                  "pending": false,
                  "context": null,
                  "code": "cy.intercept('GET', '**/api/influencers/fetch-profile**', {\n  body: {\n    success: true,\n    data: {\n      id: '1',\n      handle: 'test_influencer',\n      name: 'Test Influencer',\n      platforms: ['INSTAGRAM']\n    }\n  }\n}).as('getProfile');\ninfluencerProfilePage.visitProfile('test_influencer', 'INSTAGRAM');\ninfluencerProfilePage.switchToPerformanceTab();\ninfluencerProfilePage.expectTabActive('performance');",
                  "err": {
                    "message": "AssertionError: Timed out retrying after 10000ms: Expected to find element: `.min-h-screen`, but never found it.",
                    "estack": "AssertionError: Timed out retrying after 10000ms: Expected to find element: `.min-h-screen`, but never found it.\n    at InfluencerProfilePage.waitForProfileLoad (webpack://my-project/./config/cypress/support/page-objects/marketplace/InfluencerProfilePage.js:518:41)\n    at InfluencerProfilePage.visitProfile (webpack://my-project/./config/cypress/support/page-objects/marketplace/InfluencerProfilePage.js:154:13)\n    at Context.eval (webpack://my-project/./config/cypress/e2e/marketplace/marketplace-minimal.cy.js:155:34)",
                    "diff": null
                  },
                  "uuid": "b4e3d374-a817-4b88-a0e2-63f85415ce1c",
                  "parentUUID": "1aa2694b-3906-4f5a-b6d0-714bd4c804e5",
                  "isHook": false,
                  "skipped": false
                }
              ],
              "suites": [],
              "passes": [],
              "failures": [
                "498c190a-8c5c-4bbc-a11c-57388d3727a1",
                "650f0d2f-d9ba-461d-91d4-27ca557b2b43",
                "87e077ef-92ef-4aac-b1d8-8367243669e8",
                "f0782db8-5b92-4a9e-a21e-1ca588146b21",
                "b4e3d374-a817-4b88-a0e2-63f85415ce1c"
              ],
              "pending": [],
              "skipped": [],
              "duration": 53440,
              "root": false,
              "rootEmpty": false,
              "_timeout": 2000
            },
            {
              "uuid": "1a9a0d51-1500-468e-9dd2-9e3644fbcb26",
              "title": "Error Handling Verification",
              "fullFile": "",
              "file": "",
              "beforeHooks": [],
              "afterHooks": [],
              "tests": [
                {
                  "title": "should handle marketplace API errors",
                  "fullTitle": "Marketplace Module - SSOT Verification Error Handling Verification should handle marketplace API errors",
                  "timedOut": null,
                  "duration": 10776,
                  "state": "failed",
                  "speed": null,
                  "pass": false,
                  "fail": true,
                  "pending": false,
                  "context": null,
                  "code": "cy.intercept('GET', '**/api/influencers**', {\n  statusCode: 500,\n  body: {\n    error: 'Server error'\n  }\n}).as('getInfluencersError');\nmarketplacePage.visit();\nmarketplacePage.expectErrorState();\ncy.wait('@getInfluencersError');",
                  "err": {
                    "message": "AssertionError: Timed out retrying after 10000ms: Expected to find content: 'Influencer Marketplace' within the selector: 'h1' but never did.",
                    "estack": "AssertionError: Timed out retrying after 10000ms: Expected to find content: 'Influencer Marketplace' within the selector: 'h1' but never did.\n    at MarketplacePage.waitForPageLoad (webpack://my-project/./config/cypress/support/page-objects/marketplace/MarketplacePage.js:459:34)\n    at MarketplacePage.visit (webpack://my-project/./config/cypress/support/page-objects/marketplace/MarketplacePage.js:127:13)\n    at Context.eval (webpack://my-project/./config/cypress/e2e/marketplace/marketplace-minimal.cy.js:168:28)",
                    "diff": null
                  },
                  "uuid": "a3ac90a5-f90b-4d87-9afd-d560ea99a92a",
                  "parentUUID": "1a9a0d51-1500-468e-9dd2-9e3644fbcb26",
                  "isHook": false,
                  "skipped": false
                },
                {
                  "title": "should handle profile not found",
                  "fullTitle": "Marketplace Module - SSOT Verification Error Handling Verification should handle profile not found",
                  "timedOut": null,
                  "duration": 10706,
                  "state": "failed",
                  "speed": null,
                  "pass": false,
                  "fail": true,
                  "pending": false,
                  "context": null,
                  "code": "cy.intercept('GET', '**/api/influencers/fetch-profile**', {\n  statusCode: 404,\n  body: {\n    success: false,\n    error: 'Profile not found'\n  }\n}).as('getProfileNotFound');\ninfluencerProfilePage.visitProfile('nonexistent_user', 'INSTAGRAM');\ninfluencerProfilePage.expectErrorState();\ncy.wait('@getProfileNotFound');",
                  "err": {
                    "message": "AssertionError: Timed out retrying after 10000ms: Expected to find element: `.min-h-screen`, but never found it.",
                    "estack": "AssertionError: Timed out retrying after 10000ms: Expected to find element: `.min-h-screen`, but never found it.\n    at InfluencerProfilePage.waitForProfileLoad (webpack://my-project/./config/cypress/support/page-objects/marketplace/InfluencerProfilePage.js:518:41)\n    at InfluencerProfilePage.visitProfile (webpack://my-project/./config/cypress/support/page-objects/marketplace/InfluencerProfilePage.js:154:13)\n    at Context.eval (webpack://my-project/./config/cypress/e2e/marketplace/marketplace-minimal.cy.js:180:34)",
                    "diff": null
                  },
                  "uuid": "79080161-496f-4ed4-9528-572f14cc2cab",
                  "parentUUID": "1a9a0d51-1500-468e-9dd2-9e3644fbcb26",
                  "isHook": false,
                  "skipped": false
                }
              ],
              "suites": [],
              "passes": [],
              "failures": [
                "a3ac90a5-f90b-4d87-9afd-d560ea99a92a",
                "79080161-496f-4ed4-9528-572f14cc2cab"
              ],
              "pending": [],
              "skipped": [],
              "duration": 21482,
              "root": false,
              "rootEmpty": false,
              "_timeout": 2000
            },
            {
              "uuid": "1be1add2-95d7-447e-83de-65d58f2f0345",
              "title": "Performance Verification",
              "fullFile": "",
              "file": "",
              "beforeHooks": [],
              "afterHooks": [],
              "tests": [
                {
                  "title": "should measure marketplace page load performance",
                  "fullTitle": "Marketplace Module - SSOT Verification Performance Verification should measure marketplace page load performance",
                  "timedOut": null,
                  "duration": 177,
                  "state": "failed",
                  "speed": null,
                  "pass": false,
                  "fail": true,
                  "pending": false,
                  "context": null,
                  "code": "cy.measurePageLoadTime(() => {\n  marketplacePage.visit();\n}, 'marketplace-load', 3000);\nmarketplacePage.expectToBeOnMarketplacePage();",
                  "err": {
                    "message": "CypressError: `cy.task('recordPerformance')` failed with the following error:\n\nThe task 'recordPerformance' was not handled in the setupNodeEvents method. The following tasks are registered: log, resetDatabase, measurePerformance\n\nFix this in your setupNodeEvents method here:\n/Users/edadams/my-project/cypress.config.js\n\nhttps://on.cypress.io/api/task",
                    "estack": "CypressError: `cy.task('recordPerformance')` failed with the following error:\n\nThe task 'recordPerformance' was not handled in the setupNodeEvents method. The following tasks are registered: log, resetDatabase, measurePerformance\n\nFix this in your setupNodeEvents method here:\n/Users/edadams/my-project/cypress.config.js\n\nhttps://on.cypress.io/api/task\n    at <unknown> (http://localhost:3000/__cypress/runner/cypress_runner.js:138197:72)\n    at tryCatcher (http://localhost:3000/__cypress/runner/cypress_runner.js:1777:23)\n    at Promise._settlePromiseFromHandler (http://localhost:3000/__cypress/runner/cypress_runner.js:1489:31)\n    at Promise._settlePromise (http://localhost:3000/__cypress/runner/cypress_runner.js:1546:18)\n    at Promise._settlePromise0 (http://localhost:3000/__cypress/runner/cypress_runner.js:1591:10)\n    at Promise._settlePromises (http://localhost:3000/__cypress/runner/cypress_runner.js:1667:18)\n    at _drainQueueStep (http://localhost:3000/__cypress/runner/cypress_runner.js:2377:12)\n    at _drainQueue (http://localhost:3000/__cypress/runner/cypress_runner.js:2370:9)\n    at Async._drainQueues (http://localhost:3000/__cypress/runner/cypress_runner.js:2386:5)\n    at Async.drainQueues (http://localhost:3000/__cypress/runner/cypress_runner.js:2256:14)\nFrom Your Spec Code:\n    at Context.eval (webpack://my-project/./config/cypress/support/commands/performance.js:58:9)\n    at getRet (http://localhost:3000/__cypress/runner/cypress_runner.js:120576:20)\n    at tryCatcher (http://localhost:3000/__cypress/runner/cypress_runner.js:1777:23)\n    at Promise.attempt.Promise.try (http://localhost:3000/__cypress/runner/cypress_runner.js:4285:29)\n    at Context.thenFn (http://localhost:3000/__cypress/runner/cypress_runner.js:120587:66)\n    at Context.then (http://localhost:3000/__cypress/runner/cypress_runner.js:120838:21)\n    at wrapped (http://localhost:3000/__cypress/runner/cypress_runner.js:141133:19)",
                    "diff": null
                  },
                  "uuid": "031ace9b-fe5c-47a5-bebd-565559f25f1f",
                  "parentUUID": "1be1add2-95d7-447e-83de-65d58f2f0345",
                  "isHook": false,
                  "skipped": false
                },
                {
                  "title": "should measure search performance",
                  "fullTitle": "Marketplace Module - SSOT Verification Performance Verification should measure search performance",
                  "timedOut": null,
                  "duration": 10838,
                  "state": "failed",
                  "speed": null,
                  "pass": false,
                  "fail": true,
                  "pending": false,
                  "context": null,
                  "code": "marketplacePage.visit();\ncy.measureInteractionTime(() => {\n  searchAndFilterPage.performSearch('test');\n}, 'search-performance', 2000);\nsearchAndFilterPage.expectSearchResultsVisible();",
                  "err": {
                    "message": "AssertionError: Timed out retrying after 10000ms: Expected to find content: 'Influencer Marketplace' within the selector: 'h1' but never did.",
                    "estack": "AssertionError: Timed out retrying after 10000ms: Expected to find content: 'Influencer Marketplace' within the selector: 'h1' but never did.\n    at MarketplacePage.waitForPageLoad (webpack://my-project/./config/cypress/support/page-objects/marketplace/MarketplacePage.js:459:34)\n    at MarketplacePage.visit (webpack://my-project/./config/cypress/support/page-objects/marketplace/MarketplacePage.js:127:13)\n    at Context.eval (webpack://my-project/./config/cypress/e2e/marketplace/marketplace-minimal.cy.js:197:28)",
                    "diff": null
                  },
                  "uuid": "d9e870bf-a8db-48b0-aa0d-eba0b01b920b",
                  "parentUUID": "1be1add2-95d7-447e-83de-65d58f2f0345",
                  "isHook": false,
                  "skipped": false
                },
                {
                  "title": "should measure profile load performance",
                  "fullTitle": "Marketplace Module - SSOT Verification Performance Verification should measure profile load performance",
                  "timedOut": null,
                  "duration": 154,
                  "state": "failed",
                  "speed": null,
                  "pass": false,
                  "fail": true,
                  "pending": false,
                  "context": null,
                  "code": "cy.intercept('GET', '**/api/influencers/fetch-profile**', {\n  body: {\n    success: true,\n    data: {\n      id: '1',\n      handle: 'test_influencer',\n      name: 'Test Influencer',\n      platforms: ['INSTAGRAM']\n    }\n  }\n}).as('getProfile');\ncy.measurePageLoadTime(() => {\n  influencerProfilePage.visitProfile('test_influencer', 'INSTAGRAM');\n}, 'profile-load', 3000);\ninfluencerProfilePage.expectProfileHeaderVisible();",
                  "err": {
                    "message": "CypressError: `cy.task('recordPerformance')` failed with the following error:\n\nThe task 'recordPerformance' was not handled in the setupNodeEvents method. The following tasks are registered: log, resetDatabase, measurePerformance\n\nFix this in your setupNodeEvents method here:\n/Users/edadams/my-project/cypress.config.js\n\nhttps://on.cypress.io/api/task",
                    "estack": "CypressError: `cy.task('recordPerformance')` failed with the following error:\n\nThe task 'recordPerformance' was not handled in the setupNodeEvents method. The following tasks are registered: log, resetDatabase, measurePerformance\n\nFix this in your setupNodeEvents method here:\n/Users/edadams/my-project/cypress.config.js\n\nhttps://on.cypress.io/api/task\n    at <unknown> (http://localhost:3000/__cypress/runner/cypress_runner.js:138197:72)\n    at tryCatcher (http://localhost:3000/__cypress/runner/cypress_runner.js:1777:23)\n    at Promise._settlePromiseFromHandler (http://localhost:3000/__cypress/runner/cypress_runner.js:1489:31)\n    at Promise._settlePromise (http://localhost:3000/__cypress/runner/cypress_runner.js:1546:18)\n    at Promise._settlePromise0 (http://localhost:3000/__cypress/runner/cypress_runner.js:1591:10)\n    at Promise._settlePromises (http://localhost:3000/__cypress/runner/cypress_runner.js:1667:18)\n    at _drainQueueStep (http://localhost:3000/__cypress/runner/cypress_runner.js:2377:12)\n    at _drainQueue (http://localhost:3000/__cypress/runner/cypress_runner.js:2370:9)\n    at Async._drainQueues (http://localhost:3000/__cypress/runner/cypress_runner.js:2386:5)\n    at Async.drainQueues (http://localhost:3000/__cypress/runner/cypress_runner.js:2256:14)\nFrom Your Spec Code:\n    at Context.eval (webpack://my-project/./config/cypress/support/commands/performance.js:58:9)\n    at getRet (http://localhost:3000/__cypress/runner/cypress_runner.js:120576:20)\n    at tryCatcher (http://localhost:3000/__cypress/runner/cypress_runner.js:1777:23)\n    at Promise.attempt.Promise.try (http://localhost:3000/__cypress/runner/cypress_runner.js:4285:29)\n    at Context.thenFn (http://localhost:3000/__cypress/runner/cypress_runner.js:120587:66)\n    at Context.then (http://localhost:3000/__cypress/runner/cypress_runner.js:120838:21)\n    at wrapped (http://localhost:3000/__cypress/runner/cypress_runner.js:141133:19)",
                    "diff": null
                  },
                  "uuid": "e3056eaf-213e-4d86-8819-924e89cd2a38",
                  "parentUUID": "1be1add2-95d7-447e-83de-65d58f2f0345",
                  "isHook": false,
                  "skipped": false
                }
              ],
              "suites": [],
              "passes": [],
              "failures": [
                "031ace9b-fe5c-47a5-bebd-565559f25f1f",
                "d9e870bf-a8db-48b0-aa0d-eba0b01b920b",
                "e3056eaf-213e-4d86-8819-924e89cd2a38"
              ],
              "pending": [],
              "skipped": [],
              "duration": 11169,
              "root": false,
              "rootEmpty": false,
              "_timeout": 2000
            },
            {
              "uuid": "01f2907e-bea3-41c2-8037-9e1ab6de0c59",
              "title": "Integration Verification",
              "fullFile": "",
              "file": "",
              "beforeHooks": [],
              "afterHooks": [],
              "tests": [
                {
                  "title": "should test marketplace to profile navigation",
                  "fullTitle": "Marketplace Module - SSOT Verification Integration Verification should test marketplace to profile navigation",
                  "timedOut": null,
                  "duration": 10676,
                  "state": "failed",
                  "speed": null,
                  "pass": false,
                  "fail": true,
                  "pending": false,
                  "context": null,
                  "code": "cy.intercept('GET', '**/api/influencers/fetch-profile**', {\n  body: {\n    success: true,\n    data: {\n      id: '1',\n      handle: 'test_influencer',\n      name: 'Test Influencer',\n      platforms: ['INSTAGRAM']\n    }\n  }\n}).as('getProfile');\n// Start at marketplace\nmarketplacePage.visit();\nmarketplacePage.expectToBeOnMarketplacePage();\n// Navigate to profile\nmarketplacePage.viewInfluencerProfile('test_influencer');\ninfluencerProfilePage.expectToBeOnProfilePage('test_influencer');\n// Navigate back\ninfluencerProfilePage.goBackToMarketplace();\nmarketplacePage.expectToBeOnMarketplacePage();",
                  "err": {
                    "message": "AssertionError: Timed out retrying after 10000ms: Expected to find content: 'Influencer Marketplace' within the selector: 'h1' but never did.",
                    "estack": "AssertionError: Timed out retrying after 10000ms: Expected to find content: 'Influencer Marketplace' within the selector: 'h1' but never did.\n    at MarketplacePage.waitForPageLoad (webpack://my-project/./config/cypress/support/page-objects/marketplace/MarketplacePage.js:459:34)\n    at MarketplacePage.visit (webpack://my-project/./config/cypress/support/page-objects/marketplace/MarketplacePage.js:127:13)\n    at Context.eval (webpack://my-project/./config/cypress/e2e/marketplace/marketplace-minimal.cy.js:242:28)",
                    "diff": null
                  },
                  "uuid": "e4c64cd8-3cc0-4468-9fde-0cacfe70d3ce",
                  "parentUUID": "01f2907e-bea3-41c2-8037-9e1ab6de0c59",
                  "isHook": false,
                  "skipped": false
                },
                {
                  "title": "should test search and filter integration",
                  "fullTitle": "Marketplace Module - SSOT Verification Integration Verification should test search and filter integration",
                  "timedOut": null,
                  "duration": 10732,
                  "state": "failed",
                  "speed": null,
                  "pass": false,
                  "fail": true,
                  "pending": false,
                  "context": null,
                  "code": "marketplacePage.visit();\n// Apply search\nsearchAndFilterPage.performSearch('fashion');\nsearchAndFilterPage.expectSearchResultsVisible();\n// Apply filters\nsearchAndFilterPage.openFilters();\nsearchAndFilterPage.filterByPlatform('INSTAGRAM');\nsearchAndFilterPage.applyFilters();\nsearchAndFilterPage.expectFiltersApplied();",
                  "err": {
                    "message": "AssertionError: Timed out retrying after 10000ms: Expected to find content: 'Influencer Marketplace' within the selector: 'h1' but never did.",
                    "estack": "AssertionError: Timed out retrying after 10000ms: Expected to find content: 'Influencer Marketplace' within the selector: 'h1' but never did.\n    at MarketplacePage.waitForPageLoad (webpack://my-project/./config/cypress/support/page-objects/marketplace/MarketplacePage.js:459:34)\n    at MarketplacePage.visit (webpack://my-project/./config/cypress/support/page-objects/marketplace/MarketplacePage.js:127:13)\n    at Context.eval (webpack://my-project/./config/cypress/e2e/marketplace/marketplace-minimal.cy.js:255:28)",
                    "diff": null
                  },
                  "uuid": "2d6d8042-7e4f-44f8-aa15-a1e1f808a765",
                  "parentUUID": "01f2907e-bea3-41c2-8037-9e1ab6de0c59",
                  "isHook": false,
                  "skipped": false
                }
              ],
              "suites": [],
              "passes": [],
              "failures": [
                "e4c64cd8-3cc0-4468-9fde-0cacfe70d3ce",
                "2d6d8042-7e4f-44f8-aa15-a1e1f808a765"
              ],
              "pending": [],
              "skipped": [],
              "duration": 21408,
              "root": false,
              "rootEmpty": false,
              "_timeout": 2000
            },
            {
              "uuid": "6166ee87-5374-47c7-944c-a5932ea9583a",
              "title": "Accessibility Verification",
              "fullFile": "",
              "file": "",
              "beforeHooks": [],
              "afterHooks": [],
              "tests": [
                {
                  "title": "should verify marketplace accessibility",
                  "fullTitle": "Marketplace Module - SSOT Verification Accessibility Verification should verify marketplace accessibility",
                  "timedOut": null,
                  "duration": 10675,
                  "state": "failed",
                  "speed": null,
                  "pass": false,
                  "fail": true,
                  "pending": false,
                  "context": null,
                  "code": "marketplacePage.visit();\nmarketplacePage.checkMarketplaceAccessibility();",
                  "err": {
                    "message": "AssertionError: Timed out retrying after 10000ms: Expected to find content: 'Influencer Marketplace' within the selector: 'h1' but never did.",
                    "estack": "AssertionError: Timed out retrying after 10000ms: Expected to find content: 'Influencer Marketplace' within the selector: 'h1' but never did.\n    at MarketplacePage.waitForPageLoad (webpack://my-project/./config/cypress/support/page-objects/marketplace/MarketplacePage.js:459:34)\n    at MarketplacePage.visit (webpack://my-project/./config/cypress/support/page-objects/marketplace/MarketplacePage.js:127:13)\n    at Context.eval (webpack://my-project/./config/cypress/e2e/marketplace/marketplace-minimal.cy.js:271:28)",
                    "diff": null
                  },
                  "uuid": "f05f9e2e-3097-4dd9-8eb9-196cd5eaaa32",
                  "parentUUID": "6166ee87-5374-47c7-944c-a5932ea9583a",
                  "isHook": false,
                  "skipped": false
                },
                {
                  "title": "should verify search accessibility",
                  "fullTitle": "Marketplace Module - SSOT Verification Accessibility Verification should verify search accessibility",
                  "timedOut": null,
                  "duration": 10652,
                  "state": "failed",
                  "speed": null,
                  "pass": false,
                  "fail": true,
                  "pending": false,
                  "context": null,
                  "code": "marketplacePage.visit();\nsearchAndFilterPage.checkSearchAccessibility();",
                  "err": {
                    "message": "AssertionError: Timed out retrying after 10000ms: Expected to find content: 'Influencer Marketplace' within the selector: 'h1' but never did.",
                    "estack": "AssertionError: Timed out retrying after 10000ms: Expected to find content: 'Influencer Marketplace' within the selector: 'h1' but never did.\n    at MarketplacePage.waitForPageLoad (webpack://my-project/./config/cypress/support/page-objects/marketplace/MarketplacePage.js:459:34)\n    at MarketplacePage.visit (webpack://my-project/./config/cypress/support/page-objects/marketplace/MarketplacePage.js:127:13)\n    at Context.eval (webpack://my-project/./config/cypress/e2e/marketplace/marketplace-minimal.cy.js:276:28)",
                    "diff": null
                  },
                  "uuid": "25cc0910-70bc-4793-8138-1e93d20d3a61",
                  "parentUUID": "6166ee87-5374-47c7-944c-a5932ea9583a",
                  "isHook": false,
                  "skipped": false
                },
                {
                  "title": "should verify profile accessibility",
                  "fullTitle": "Marketplace Module - SSOT Verification Accessibility Verification should verify profile accessibility",
                  "timedOut": null,
                  "duration": 10701,
                  "state": "failed",
                  "speed": null,
                  "pass": false,
                  "fail": true,
                  "pending": false,
                  "context": null,
                  "code": "cy.intercept('GET', '**/api/influencers/fetch-profile**', {\n  body: {\n    success: true,\n    data: {\n      id: '1',\n      handle: 'test_influencer',\n      name: 'Test Influencer',\n      platforms: ['INSTAGRAM']\n    }\n  }\n}).as('getProfile');\ninfluencerProfilePage.visitProfile('test_influencer', 'INSTAGRAM');\ninfluencerProfilePage.checkProfileAccessibility();",
                  "err": {
                    "message": "AssertionError: Timed out retrying after 10000ms: Expected to find element: `.min-h-screen`, but never found it.",
                    "estack": "AssertionError: Timed out retrying after 10000ms: Expected to find element: `.min-h-screen`, but never found it.\n    at InfluencerProfilePage.waitForProfileLoad (webpack://my-project/./config/cypress/support/page-objects/marketplace/InfluencerProfilePage.js:518:41)\n    at InfluencerProfilePage.visitProfile (webpack://my-project/./config/cypress/support/page-objects/marketplace/InfluencerProfilePage.js:154:13)\n    at Context.eval (webpack://my-project/./config/cypress/e2e/marketplace/marketplace-minimal.cy.js:293:34)",
                    "diff": null
                  },
                  "uuid": "c8b9c425-fd52-4f77-b7b2-dbcc35e3ee07",
                  "parentUUID": "6166ee87-5374-47c7-944c-a5932ea9583a",
                  "isHook": false,
                  "skipped": false
                }
              ],
              "suites": [],
              "passes": [],
              "failures": [
                "f05f9e2e-3097-4dd9-8eb9-196cd5eaaa32",
                "25cc0910-70bc-4793-8138-1e93d20d3a61",
                "c8b9c425-fd52-4f77-b7b2-dbcc35e3ee07"
              ],
              "pending": [],
              "skipped": [],
              "duration": 32028,
              "root": false,
              "rootEmpty": false,
              "_timeout": 2000
            }
          ],
          "passes": [],
          "failures": [],
          "pending": [],
          "skipped": [],
          "duration": 0,
          "root": false,
          "rootEmpty": false,
          "_timeout": 2000
        }
      ],
      "passes": [],
      "failures": [],
      "pending": [],
      "skipped": [],
      "duration": 0,
      "root": true,
      "rootEmpty": true,
      "_timeout": 2000
    }
  ],
  "meta": {
    "mocha": {
      "version": "7.2.0"
    },
    "mochawesome": {
      "options": {
        "quiet": false,
        "reportFilename": "mochawesome",
        "saveHtml": false,
        "saveJson": true,
        "consoleReporter": "spec",
        "useInlineDiffs": false,
        "code": true
      },
      "version": "7.1.3"
    },
    "marge": {
      "options": {
        "reportDir": "config/cypress/reports",
        "overwrite": false,
        "html": false,
        "json": true,
        "timestamp": "mmddyyyy_HHMMss"
      },
      "version": "6.2.0"
    }
  }
}
