{
  "stats": {
    "suites": 1,
    "tests": 5,
    "passes": 0,
    "pending": 0,
    "failures": 5,
    "start": "2025-05-23T13:31:01.648Z",
    "end": "2025-05-23T13:33:51.685Z",
    "duration": 170037,
    "testsRegistered": 5,
    "passPercent": 0,
    "pendingPercent": 0,
    "other": 0,
    "hasOther": false,
    "skipped": 0,
    "hasSkipped": false
  },
  "results": [
    {
      "uuid": "f8dceeca-c982-4b2c-8f3e-f6ac45840537",
      "title": "",
      "fullFile": "config/cypress/e2e/settings/branding.cy.js",
      "file": "config/cypress/e2e/settings/branding.cy.js",
      "beforeHooks": [],
      "afterHooks": [],
      "tests": [],
      "suites": [
        {
          "uuid": "cc41a5ef-4684-4518-94e2-8ae525bd0c32",
          "title": "Branding Page",
          "fullFile": "",
          "file": "",
          "beforeHooks": [],
          "afterHooks": [],
          "tests": [
            {
              "title": "displays branding settings correctly",
              "fullTitle": "Branding Page displays branding settings correctly",
              "timedOut": null,
              "duration": 15942,
              "state": "failed",
              "speed": null,
              "pass": false,
              "fail": true,
              "pending": false,
              "context": null,
              "code": "// Wait for data to load\ncy.wait('@getBrandingSettings');\n// Check that color settings are displayed\ncy.contains('Brand Colors').should('be.visible');\ncy.get('input[aria-label=\"Primary Color\"]').should('have.value', '#333333');\ncy.get('input[aria-label=\"Secondary Color\"]').should('have.value', '#4A5568');\ncy.get('input[aria-label=\"Accent Color\"]').should('have.value', '#00BFFF');\n// Check that typography settings are displayed\ncy.contains('Typography').should('be.visible');\ncy.get('select[aria-label=\"Header Font\"]').should('have.value', 'Inter');\ncy.get('select[aria-label=\"Body Font\"]').should('have.value', 'Roboto');\n// Check that logo is displayed\ncy.contains('Brand Logo').should('be.visible');\ncy.get('img[alt=\"Current brand logo\"]').should('have.attr', 'src', 'https://example.com/logo.png');",
              "err": {
                "message": "CypressError: Timed out retrying after 10000ms: `cy.wait()` timed out waiting `10000ms` for the 1st request to the route: `getBrandingSettings`. No request ever occurred.\n\nhttps://on.cypress.io/wait",
                "estack": "CypressError: Timed out retrying after 10000ms: `cy.wait()` timed out waiting `10000ms` for the 1st request to the route: `getBrandingSettings`. No request ever occurred.\n\nhttps://on.cypress.io/wait\n    at cypressErr (http://localhost:3000/__cypress/runner/cypress_runner.js:77162:18)\n    at Object.errByPath (http://localhost:3000/__cypress/runner/cypress_runner.js:77216:10)\n    at checkForXhr (http://localhost:3000/__cypress/runner/cypress_runner.js:138424:84)\n    at <unknown> (http://localhost:3000/__cypress/runner/cypress_runner.js:138450:28)\n    at tryCatcher (http://localhost:3000/__cypress/runner/cypress_runner.js:1777:23)\n    at Promise.attempt.Promise.try (http://localhost:3000/__cypress/runner/cypress_runner.js:4285:29)\n    at whenStable (http://localhost:3000/__cypress/runner/cypress_runner.js:146806:68)\n    at <unknown> (http://localhost:3000/__cypress/runner/cypress_runner.js:146747:14)\n    at tryCatcher (http://localhost:3000/__cypress/runner/cypress_runner.js:1777:23)\n    at Promise._settlePromiseFromHandler (http://localhost:3000/__cypress/runner/cypress_runner.js:1489:31)\n    at Promise._settlePromise (http://localhost:3000/__cypress/runner/cypress_runner.js:1546:18)\n    at Promise._settlePromise0 (http://localhost:3000/__cypress/runner/cypress_runner.js:1591:10)\n    at Promise._settlePromises (http://localhost:3000/__cypress/runner/cypress_runner.js:1671:18)\n    at Promise._fulfill (http://localhost:3000/__cypress/runner/cypress_runner.js:1615:18)\n    at <unknown> (http://localhost:3000/__cypress/runner/cypress_runner.js:5420:46)\nFrom Your Spec Code:\n    at Context.eval (webpack://my-project/./config/cypress/e2e/settings/branding.cy.js:67:7)",
                "diff": null
              },
              "uuid": "6da471c7-2803-4104-8c4c-58943ffced04",
              "parentUUID": "cc41a5ef-4684-4518-94e2-8ae525bd0c32",
              "isHook": false,
              "skipped": false
            },
            {
              "title": "can update branding colors and typography",
              "fullTitle": "Branding Page can update branding colors and typography",
              "timedOut": null,
              "duration": 10662,
              "state": "failed",
              "speed": null,
              "pass": false,
              "fail": true,
              "pending": false,
              "context": null,
              "code": "// Wait for data to load\ncy.wait('@getBrandingSettings');\n// Click edit button\ncy.contains('Edit Branding').click();\n// Update color fields\ncy.get('input[aria-label=\"Primary Color\"]').clear().type('#222222');\ncy.get('input[aria-label=\"Accent Color\"]').clear().type('#0099FF');\n// Update typography fields\ncy.get('select[aria-label=\"Header Font\"]').select('Montserrat');\n// Save changes\ncy.contains('Save Changes').click();\n// Verify request was made with correct data\ncy.wait('@updateBrandingSettings').its('request.body').should('deep.equal', {\n  primaryColor: '#222222',\n  secondaryColor: '#4A5568',\n  accentColor: '#0099FF',\n  headerFont: 'Montserrat',\n  bodyFont: 'Roboto',\n  logoUrl: 'https://example.com/logo.png'\n});\n// Verify success message\ncy.contains('Branding settings updated successfully').should('be.visible');",
              "err": {
                "message": "CypressError: Timed out retrying after 10000ms: `cy.wait()` timed out waiting `10000ms` for the 1st request to the route: `getBrandingSettings`. No request ever occurred.\n\nhttps://on.cypress.io/wait",
                "estack": "CypressError: Timed out retrying after 10000ms: `cy.wait()` timed out waiting `10000ms` for the 1st request to the route: `getBrandingSettings`. No request ever occurred.\n\nhttps://on.cypress.io/wait\n    at cypressErr (http://localhost:3000/__cypress/runner/cypress_runner.js:77162:18)\n    at Object.errByPath (http://localhost:3000/__cypress/runner/cypress_runner.js:77216:10)\n    at checkForXhr (http://localhost:3000/__cypress/runner/cypress_runner.js:138424:84)\n    at <unknown> (http://localhost:3000/__cypress/runner/cypress_runner.js:138450:28)\n    at tryCatcher (http://localhost:3000/__cypress/runner/cypress_runner.js:1777:23)\n    at Promise.attempt.Promise.try (http://localhost:3000/__cypress/runner/cypress_runner.js:4285:29)\n    at whenStable (http://localhost:3000/__cypress/runner/cypress_runner.js:146806:68)\n    at <unknown> (http://localhost:3000/__cypress/runner/cypress_runner.js:146747:14)\n    at tryCatcher (http://localhost:3000/__cypress/runner/cypress_runner.js:1777:23)\n    at Promise._settlePromiseFromHandler (http://localhost:3000/__cypress/runner/cypress_runner.js:1489:31)\n    at Promise._settlePromise (http://localhost:3000/__cypress/runner/cypress_runner.js:1546:18)\n    at Promise._settlePromise0 (http://localhost:3000/__cypress/runner/cypress_runner.js:1591:10)\n    at Promise._settlePromises (http://localhost:3000/__cypress/runner/cypress_runner.js:1671:18)\n    at Promise._fulfill (http://localhost:3000/__cypress/runner/cypress_runner.js:1615:18)\n    at <unknown> (http://localhost:3000/__cypress/runner/cypress_runner.js:5420:46)\nFrom Your Spec Code:\n    at Context.eval (webpack://my-project/./config/cypress/e2e/settings/branding.cy.js:91:7)",
                "diff": null
              },
              "uuid": "f8febd43-d38f-48af-92f4-56f5efe5347c",
              "parentUUID": "cc41a5ef-4684-4518-94e2-8ae525bd0c32",
              "isHook": false,
              "skipped": false
            },
            {
              "title": "can upload a new brand logo",
              "fullTitle": "Branding Page can upload a new brand logo",
              "timedOut": null,
              "duration": 10707,
              "state": "failed",
              "speed": null,
              "pass": false,
              "fail": true,
              "pending": false,
              "context": null,
              "code": "// Wait for data to load\ncy.wait('@getBrandingSettings');\n// Click edit button\ncy.contains('Edit Branding').click();\n// Upload new logo\ncy.get('input[type=\"file\"][data-testid=\"logo-upload-input\"]').attachFile({\n  fileContent: 'data:image/png;base64,iVBORw0KGgoAAAANSUhEUgAAAAEAAAABCAYAAAAfFcSJAAAADUlEQVR42mP8z8BQDwAEhQGAhKmMIQAAAABJRU5ErkJggg==',\n  fileName: 'logo.png',\n  mimeType: 'image/png'\n});\ncy.contains('Upload Logo').click();\n// Verify request was made\ncy.wait('@uploadBrandLogo');\n// Verify success message\ncy.contains('Logo uploaded successfully').should('be.visible');\n// Verify the logo has been updated in the UI\ncy.get('img[alt=\"Current brand logo\"]').should('have.attr', 'src', 'https://example.com/new-logo.png');",
              "err": {
                "message": "CypressError: Timed out retrying after 10000ms: `cy.wait()` timed out waiting `10000ms` for the 1st request to the route: `getBrandingSettings`. No request ever occurred.\n\nhttps://on.cypress.io/wait",
                "estack": "CypressError: Timed out retrying after 10000ms: `cy.wait()` timed out waiting `10000ms` for the 1st request to the route: `getBrandingSettings`. No request ever occurred.\n\nhttps://on.cypress.io/wait\n    at cypressErr (http://localhost:3000/__cypress/runner/cypress_runner.js:77162:18)\n    at Object.errByPath (http://localhost:3000/__cypress/runner/cypress_runner.js:77216:10)\n    at checkForXhr (http://localhost:3000/__cypress/runner/cypress_runner.js:138424:84)\n    at <unknown> (http://localhost:3000/__cypress/runner/cypress_runner.js:138450:28)\n    at tryCatcher (http://localhost:3000/__cypress/runner/cypress_runner.js:1777:23)\n    at Promise.attempt.Promise.try (http://localhost:3000/__cypress/runner/cypress_runner.js:4285:29)\n    at whenStable (http://localhost:3000/__cypress/runner/cypress_runner.js:146806:68)\n    at <unknown> (http://localhost:3000/__cypress/runner/cypress_runner.js:146747:14)\n    at tryCatcher (http://localhost:3000/__cypress/runner/cypress_runner.js:1777:23)\n    at Promise._settlePromiseFromHandler (http://localhost:3000/__cypress/runner/cypress_runner.js:1489:31)\n    at Promise._settlePromise (http://localhost:3000/__cypress/runner/cypress_runner.js:1546:18)\n    at Promise._settlePromise0 (http://localhost:3000/__cypress/runner/cypress_runner.js:1591:10)\n    at Promise._settlePromises (http://localhost:3000/__cypress/runner/cypress_runner.js:1671:18)\n    at Promise._fulfill (http://localhost:3000/__cypress/runner/cypress_runner.js:1615:18)\n    at <unknown> (http://localhost:3000/__cypress/runner/cypress_runner.js:5420:46)\nFrom Your Spec Code:\n    at Context.eval (webpack://my-project/./config/cypress/e2e/settings/branding.cy.js:122:7)",
                "diff": null
              },
              "uuid": "a9c3b199-2d82-4a53-a91d-79247ba6fd95",
              "parentUUID": "cc41a5ef-4684-4518-94e2-8ae525bd0c32",
              "isHook": false,
              "skipped": false
            },
            {
              "title": "can remove the brand logo",
              "fullTitle": "Branding Page can remove the brand logo",
              "timedOut": null,
              "duration": 10781,
              "state": "failed",
              "speed": null,
              "pass": false,
              "fail": true,
              "pending": false,
              "context": null,
              "code": "// Wait for data to load\ncy.wait('@getBrandingSettings');\n// Click edit button\ncy.contains('Edit Branding').click();\n// Click remove logo button\ncy.contains('Remove Logo').click();\n// Confirm removal in the dialog\ncy.contains('Are you sure you want to remove your brand logo?').should('be.visible');\ncy.contains('Confirm').click();\n// Verify request was made\ncy.wait('@removeBrandLogo');\n// Verify success message\ncy.contains('Logo removed successfully').should('be.visible');\n// Verify the logo placeholder is shown instead\ncy.get('div[data-testid=\"logo-placeholder\"]').should('be.visible');\ncy.get('img[alt=\"Current brand logo\"]').should('not.exist');",
              "err": {
                "message": "CypressError: Timed out retrying after 10000ms: `cy.wait()` timed out waiting `10000ms` for the 1st request to the route: `getBrandingSettings`. No request ever occurred.\n\nhttps://on.cypress.io/wait",
                "estack": "CypressError: Timed out retrying after 10000ms: `cy.wait()` timed out waiting `10000ms` for the 1st request to the route: `getBrandingSettings`. No request ever occurred.\n\nhttps://on.cypress.io/wait\n    at cypressErr (http://localhost:3000/__cypress/runner/cypress_runner.js:77162:18)\n    at Object.errByPath (http://localhost:3000/__cypress/runner/cypress_runner.js:77216:10)\n    at checkForXhr (http://localhost:3000/__cypress/runner/cypress_runner.js:138424:84)\n    at <unknown> (http://localhost:3000/__cypress/runner/cypress_runner.js:138450:28)\n    at tryCatcher (http://localhost:3000/__cypress/runner/cypress_runner.js:1777:23)\n    at Promise.attempt.Promise.try (http://localhost:3000/__cypress/runner/cypress_runner.js:4285:29)\n    at whenStable (http://localhost:3000/__cypress/runner/cypress_runner.js:146806:68)\n    at <unknown> (http://localhost:3000/__cypress/runner/cypress_runner.js:146747:14)\n    at tryCatcher (http://localhost:3000/__cypress/runner/cypress_runner.js:1777:23)\n    at Promise._settlePromiseFromHandler (http://localhost:3000/__cypress/runner/cypress_runner.js:1489:31)\n    at Promise._settlePromise (http://localhost:3000/__cypress/runner/cypress_runner.js:1546:18)\n    at Promise._settlePromise0 (http://localhost:3000/__cypress/runner/cypress_runner.js:1591:10)\n    at Promise._settlePromises (http://localhost:3000/__cypress/runner/cypress_runner.js:1671:18)\n    at Promise._fulfill (http://localhost:3000/__cypress/runner/cypress_runner.js:1615:18)\n    at <unknown> (http://localhost:3000/__cypress/runner/cypress_runner.js:5420:46)\nFrom Your Spec Code:\n    at Context.eval (webpack://my-project/./config/cypress/e2e/settings/branding.cy.js:153:7)",
                "diff": null
              },
              "uuid": "5b015e03-1d31-42cb-b8ec-cde8e0c5cbd0",
              "parentUUID": "cc41a5ef-4684-4518-94e2-8ae525bd0c32",
              "isHook": false,
              "skipped": false
            },
            {
              "title": "shows a live preview of color changes",
              "fullTitle": "Branding Page shows a live preview of color changes",
              "timedOut": null,
              "duration": 10652,
              "state": "failed",
              "speed": null,
              "pass": false,
              "fail": true,
              "pending": false,
              "context": null,
              "code": "// Wait for data to load\ncy.wait('@getBrandingSettings');\n// Click edit button\ncy.contains('Edit Branding').click();\n// Update primary color\ncy.get('input[aria-label=\"Primary Color\"]').clear().type('#FF5733');\n// Check that the preview updates\ncy.get('[data-testid=\"color-preview-primary\"]').should('have.css', 'background-color', 'rgb(255, 87, 51)');\n// Update accent color\ncy.get('input[aria-label=\"Accent Color\"]').clear().type('#33FF57');\n// Check that the preview updates\ncy.get('[data-testid=\"color-preview-accent\"]').should('have.css', 'background-color', 'rgb(51, 255, 87)');",
              "err": {
                "message": "CypressError: Timed out retrying after 10000ms: `cy.wait()` timed out waiting `10000ms` for the 1st request to the route: `getBrandingSettings`. No request ever occurred.\n\nhttps://on.cypress.io/wait",
                "estack": "CypressError: Timed out retrying after 10000ms: `cy.wait()` timed out waiting `10000ms` for the 1st request to the route: `getBrandingSettings`. No request ever occurred.\n\nhttps://on.cypress.io/wait\n    at cypressErr (http://localhost:3000/__cypress/runner/cypress_runner.js:77162:18)\n    at Object.errByPath (http://localhost:3000/__cypress/runner/cypress_runner.js:77216:10)\n    at checkForXhr (http://localhost:3000/__cypress/runner/cypress_runner.js:138424:84)\n    at <unknown> (http://localhost:3000/__cypress/runner/cypress_runner.js:138450:28)\n    at tryCatcher (http://localhost:3000/__cypress/runner/cypress_runner.js:1777:23)\n    at Promise.attempt.Promise.try (http://localhost:3000/__cypress/runner/cypress_runner.js:4285:29)\n    at whenStable (http://localhost:3000/__cypress/runner/cypress_runner.js:146806:68)\n    at <unknown> (http://localhost:3000/__cypress/runner/cypress_runner.js:146747:14)\n    at tryCatcher (http://localhost:3000/__cypress/runner/cypress_runner.js:1777:23)\n    at Promise._settlePromiseFromHandler (http://localhost:3000/__cypress/runner/cypress_runner.js:1489:31)\n    at Promise._settlePromise (http://localhost:3000/__cypress/runner/cypress_runner.js:1546:18)\n    at Promise._settlePromise0 (http://localhost:3000/__cypress/runner/cypress_runner.js:1591:10)\n    at Promise._settlePromises (http://localhost:3000/__cypress/runner/cypress_runner.js:1671:18)\n    at Promise._fulfill (http://localhost:3000/__cypress/runner/cypress_runner.js:1615:18)\n    at <unknown> (http://localhost:3000/__cypress/runner/cypress_runner.js:5420:46)\nFrom Your Spec Code:\n    at Context.eval (webpack://my-project/./config/cypress/e2e/settings/branding.cy.js:178:7)",
                "diff": null
              },
              "uuid": "aaa72b56-5c4b-43be-842f-d73d2f399296",
              "parentUUID": "cc41a5ef-4684-4518-94e2-8ae525bd0c32",
              "isHook": false,
              "skipped": false
            }
          ],
          "suites": [],
          "passes": [],
          "failures": [
            "6da471c7-2803-4104-8c4c-58943ffced04",
            "f8febd43-d38f-48af-92f4-56f5efe5347c",
            "a9c3b199-2d82-4a53-a91d-79247ba6fd95",
            "5b015e03-1d31-42cb-b8ec-cde8e0c5cbd0",
            "aaa72b56-5c4b-43be-842f-d73d2f399296"
          ],
          "pending": [],
          "skipped": [],
          "duration": 58744,
          "root": false,
          "rootEmpty": false,
          "_timeout": 2000
        }
      ],
      "passes": [],
      "failures": [],
      "pending": [],
      "skipped": [],
      "duration": 0,
      "root": true,
      "rootEmpty": true,
      "_timeout": 2000
    }
  ],
  "meta": {
    "mocha": {
      "version": "7.2.0"
    },
    "mochawesome": {
      "options": {
        "quiet": false,
        "reportFilename": "mochawesome",
        "saveHtml": false,
        "saveJson": true,
        "consoleReporter": "spec",
        "useInlineDiffs": false,
        "code": true
      },
      "version": "7.1.3"
    },
    "marge": {
      "options": {
        "reportDir": "config/cypress/reports",
        "overwrite": false,
        "html": false,
        "json": true,
        "timestamp": "mmddyyyy_HHMMss"
      },
      "version": "6.2.0"
    }
  }
}
