{
  "stats": {
    "suites": 5,
    "tests": 7,
    "passes": 3,
    "pending": 0,
    "failures": 4,
    "start": "2025-05-25T09:16:57.740Z",
    "end": "2025-05-25T09:19:11.257Z",
    "duration": 133517,
    "testsRegistered": 7,
    "passPercent": 42.857142857142854,
    "pendingPercent": 0,
    "other": 0,
    "hasOther": false,
    "skipped": 0,
    "hasSkipped": false
  },
  "results": [
    {
      "uuid": "1e100244-3040-4e0d-9004-45f440dd6ebc",
      "title": "",
      "fullFile": "config/cypress/e2e/auth/auth-official-clerk.cy.js",
      "file": "config/cypress/e2e/auth/auth-official-clerk.cy.js",
      "beforeHooks": [],
      "afterHooks": [],
      "tests": [],
      "suites": [
        {
          "uuid": "ef317a16-1fa4-4208-bd2a-a3538fccf85c",
          "title": "Official Clerk Authentication - SSOT Reference",
          "fullFile": "",
          "file": "",
          "beforeHooks": [],
          "afterHooks": [],
          "tests": [],
          "suites": [
            {
              "uuid": "3b928807-8678-4cd5-91e6-47384fa28b85",
              "title": "Authenticated Route Access",
              "fullFile": "",
              "file": "",
              "beforeHooks": [],
              "afterHooks": [],
              "tests": [
                {
                  "title": "should access protected dashboard with real Clerk authentication",
                  "fullTitle": "Official Clerk Authentication - SSOT Reference Authenticated Route Access should access protected dashboard with real Clerk authentication",
                  "timedOut": null,
                  "duration": 10748,
                  "state": "failed",
                  "speed": null,
                  "pass": false,
                  "fail": true,
                  "pending": false,
                  "context": null,
                  "code": "// Visit protected route - Testing Token handles authentication automatically\ncy.visit('/dashboard');\n// Should be on dashboard, not redirected to sign-in\ncy.url().should('include', '/dashboard');\ncy.url().should('not.include', '/sign-in');\n// Wait for page to fully load\n_testHelpers.WaitUtilities.waitForPageLoad();\n// Wait for Clerk to be fully initialized\n_testHelpers.WaitUtilities.waitForAuthentication();\n// Verify authenticated UI elements are present\ncy.get('body').should('be.visible');\n// Check for dashboard-specific content\ncy.get('h1, h2, [data-cy*=\"dashboard\"], [data-testid*=\"dashboard\"]').should('exist').and('be.visible');\n// Verify we have access to protected content\n_testHelpers.AssertionHelpers.expectUrlToContain('/dashboard');",
                  "err": {
                    "message": "AssertionError: Timed out retrying after 10000ms: expected 'http://localhost:3000/sign-in?redirect_url=%2Fdashboard' to include '/dashboard'",
                    "estack": "AssertionError: Timed out retrying after 10000ms: expected 'http://localhost:3000/sign-in?redirect_url=%2Fdashboard' to include '/dashboard'\n    at Context.eval (webpack://my-project/./config/cypress/e2e/auth/auth-official-clerk.cy.js:31:21)",
                    "diff": null
                  },
                  "uuid": "a5ecabbe-3039-4c45-8846-bb9c8fa32191",
                  "parentUUID": "3b928807-8678-4cd5-91e6-47384fa28b85",
                  "isHook": false,
                  "skipped": false
                },
                {
                  "title": "should access influencer marketplace with proper authentication",
                  "fullTitle": "Official Clerk Authentication - SSOT Reference Authenticated Route Access should access influencer marketplace with proper authentication",
                  "timedOut": null,
                  "duration": 10859,
                  "state": "failed",
                  "speed": null,
                  "pass": false,
                  "fail": true,
                  "pending": false,
                  "context": null,
                  "code": "// Visit another protected route\ncy.visit('/influencer-marketplace');\n// Should be on marketplace, not redirected\ncy.url().should('include', '/influencer-marketplace');\ncy.url().should('not.include', '/sign-in');\n// Wait for page load and authentication\n_testHelpers.WaitUtilities.waitForPageLoad();\n_testHelpers.WaitUtilities.waitForAuthentication();\n// Verify we can access the marketplace\ncy.get('body').should('be.visible');\n_testHelpers.AssertionHelpers.expectUrlToContain('/influencer-marketplace');",
                  "err": {
                    "message": "AssertionError: Timed out retrying after 10000ms: expected 'http://localhost:3000/sign-in?redirect_url=%2Finfluencer-marketplace' to include '/influencer-marketplace'",
                    "estack": "AssertionError: Timed out retrying after 10000ms: expected 'http://localhost:3000/sign-in?redirect_url=%2Finfluencer-marketplace' to include '/influencer-marketplace'\n    at Context.eval (webpack://my-project/./config/cypress/e2e/auth/auth-official-clerk.cy.js:57:21)",
                    "diff": null
                  },
                  "uuid": "da4019a2-d78e-4340-8721-4ce72bec9c84",
                  "parentUUID": "3b928807-8678-4cd5-91e6-47384fa28b85",
                  "isHook": false,
                  "skipped": false
                },
                {
                  "title": "should access settings page with authentication",
                  "fullTitle": "Official Clerk Authentication - SSOT Reference Authenticated Route Access should access settings page with authentication",
                  "timedOut": null,
                  "duration": 10778,
                  "state": "failed",
                  "speed": null,
                  "pass": false,
                  "fail": true,
                  "pending": false,
                  "context": null,
                  "code": "cy.visit('/settings');\n// Should access settings without redirect\ncy.url().should('include', '/settings');\ncy.url().should('not.include', '/sign-in');\n_testHelpers.WaitUtilities.waitForPageLoad();\n_testHelpers.WaitUtilities.waitForAuthentication();\ncy.get('body').should('be.visible');\n_testHelpers.AssertionHelpers.expectUrlToContain('/settings');",
                  "err": {
                    "message": "AssertionError: Timed out retrying after 10000ms: expected 'http://localhost:3000/sign-in?redirect_url=%2Fsettings' to include '/settings'",
                    "estack": "AssertionError: Timed out retrying after 10000ms: expected 'http://localhost:3000/sign-in?redirect_url=%2Fsettings' to include '/settings'\n    at Context.eval (webpack://my-project/./config/cypress/e2e/auth/auth-official-clerk.cy.js:73:21)",
                    "diff": null
                  },
                  "uuid": "eb17b679-56fd-4efd-a2c4-c31631261910",
                  "parentUUID": "3b928807-8678-4cd5-91e6-47384fa28b85",
                  "isHook": false,
                  "skipped": false
                }
              ],
              "suites": [],
              "passes": [],
              "failures": [
                "a5ecabbe-3039-4c45-8846-bb9c8fa32191",
                "da4019a2-d78e-4340-8721-4ce72bec9c84",
                "eb17b679-56fd-4efd-a2c4-c31631261910"
              ],
              "pending": [],
              "skipped": [],
              "duration": 32385,
              "root": false,
              "rootEmpty": false,
              "_timeout": 2000
            },
            {
              "uuid": "937e9376-70b2-4c92-af2c-2fcb6ae0bfe6",
              "title": "API Calls with Authentication",
              "fullFile": "",
              "file": "",
              "beforeHooks": [],
              "afterHooks": [],
              "tests": [
                {
                  "title": "should make authenticated API calls successfully",
                  "fullTitle": "Official Clerk Authentication - SSOT Reference API Calls with Authentication should make authenticated API calls successfully",
                  "timedOut": null,
                  "duration": 1650,
                  "state": "passed",
                  "speed": "fast",
                  "pass": true,
                  "fail": false,
                  "pending": false,
                  "context": null,
                  "code": "cy.visit('/dashboard');\n// Wait for authentication\n_testHelpers.WaitUtilities.waitForAuthentication();\n// API calls should work with Testing Token\ncy.request({\n  method: 'GET',\n  url: '/api/dashboard',\n  failOnStatusCode: false\n}).then(response => {\n  // Should get a response (may be mocked or real)\n  expect(response.status).to.be.oneOf([200, 401, 404]);\n});",
                  "err": {},
                  "uuid": "13a63e24-7093-4b6c-915e-27b73c89461b",
                  "parentUUID": "937e9376-70b2-4c92-af2c-2fcb6ae0bfe6",
                  "isHook": false,
                  "skipped": false
                }
              ],
              "suites": [],
              "passes": [
                "13a63e24-7093-4b6c-915e-27b73c89461b"
              ],
              "failures": [],
              "pending": [],
              "skipped": [],
              "duration": 1650,
              "root": false,
              "rootEmpty": false,
              "_timeout": 2000
            },
            {
              "uuid": "d6190a3c-2394-4992-985f-1ab8553c7d2c",
              "title": "Navigation Between Protected Routes",
              "fullFile": "",
              "file": "",
              "beforeHooks": [],
              "afterHooks": [],
              "tests": [
                {
                  "title": "should navigate between protected routes without re-authentication",
                  "fullTitle": "Official Clerk Authentication - SSOT Reference Navigation Between Protected Routes should navigate between protected routes without re-authentication",
                  "timedOut": null,
                  "duration": 10668,
                  "state": "failed",
                  "speed": null,
                  "pass": false,
                  "fail": true,
                  "pending": false,
                  "context": null,
                  "code": "// Start at dashboard\ncy.visit('/dashboard');\n_testHelpers.WaitUtilities.waitForAuthentication();\n_testHelpers.AssertionHelpers.expectUrlToContain('/dashboard');\n// Navigate to marketplace\ncy.visit('/influencer-marketplace');\n_testHelpers.WaitUtilities.waitForPageLoad();\n_testHelpers.AssertionHelpers.expectUrlToContain('/influencer-marketplace');\n// Navigate to settings\ncy.visit('/settings');\n_testHelpers.WaitUtilities.waitForPageLoad();\n_testHelpers.AssertionHelpers.expectUrlToContain('/settings');\n// Should maintain authentication throughout\n_testHelpers.WaitUtilities.waitForAuthentication();",
                  "err": {
                    "message": "AssertionError: Timed out retrying after 10000ms: expected 'http://localhost:3000/sign-in?redirect_url=%2Fdashboard' to include '/dashboard'",
                    "estack": "AssertionError: Timed out retrying after 10000ms: expected 'http://localhost:3000/sign-in?redirect_url=%2Fdashboard' to include '/dashboard'\n    at AssertionHelpers.expectUrlToContain (webpack://my-project/./config/cypress/support/utils/test-helpers.js:291:13)\n    at Context.eval (webpack://my-project/./config/cypress/e2e/auth/auth-official-clerk.cy.js:108:29)",
                    "diff": null
                  },
                  "uuid": "d7e8e15e-c45a-4a9e-aa31-cb64e3cf48ac",
                  "parentUUID": "d6190a3c-2394-4992-985f-1ab8553c7d2c",
                  "isHook": false,
                  "skipped": false
                }
              ],
              "suites": [],
              "passes": [],
              "failures": [
                "d7e8e15e-c45a-4a9e-aa31-cb64e3cf48ac"
              ],
              "pending": [],
              "skipped": [],
              "duration": 10668,
              "root": false,
              "rootEmpty": false,
              "_timeout": 2000
            }
          ],
          "passes": [],
          "failures": [],
          "pending": [],
          "skipped": [],
          "duration": 0,
          "root": false,
          "rootEmpty": false,
          "_timeout": 2000
        },
        {
          "uuid": "ba46e217-7e59-49db-bf44-34a035d48486",
          "title": "Public Route Access",
          "fullFile": "",
          "file": "",
          "beforeHooks": [],
          "afterHooks": [],
          "tests": [
            {
              "title": "should access public sign-in page without authentication",
              "fullTitle": "Public Route Access should access public sign-in page without authentication",
              "timedOut": null,
              "duration": 470,
              "state": "passed",
              "speed": "fast",
              "pass": true,
              "fail": false,
              "pending": false,
              "context": null,
              "code": "cy.visit('/sign-in');\ncy.url().should('include', '/sign-in');\ncy.get('body').should('be.visible');\n// Should show sign-in form or content\n_testHelpers.WaitUtilities.waitForPageLoad();",
              "err": {},
              "uuid": "8ce8af9f-2ace-4eeb-bedd-d8f1f2c0f945",
              "parentUUID": "ba46e217-7e59-49db-bf44-34a035d48486",
              "isHook": false,
              "skipped": false
            },
            {
              "title": "should access homepage without authentication",
              "fullTitle": "Public Route Access should access homepage without authentication",
              "timedOut": null,
              "duration": 1269,
              "state": "passed",
              "speed": "fast",
              "pass": true,
              "fail": false,
              "pending": false,
              "context": null,
              "code": "cy.visit('/');\ncy.url().should('not.include', '/sign-in');\ncy.get('body').should('be.visible');\n_testHelpers.WaitUtilities.waitForPageLoad();",
              "err": {},
              "uuid": "e7313937-39bf-45ba-83b8-db4de3d1ebb2",
              "parentUUID": "ba46e217-7e59-49db-bf44-34a035d48486",
              "isHook": false,
              "skipped": false
            }
          ],
          "suites": [],
          "passes": [
            "8ce8af9f-2ace-4eeb-bedd-d8f1f2c0f945",
            "e7313937-39bf-45ba-83b8-db4de3d1ebb2"
          ],
          "failures": [],
          "pending": [],
          "skipped": [],
          "duration": 1739,
          "root": false,
          "rootEmpty": false,
          "_timeout": 2000
        }
      ],
      "passes": [],
      "failures": [],
      "pending": [],
      "skipped": [],
      "duration": 0,
      "root": true,
      "rootEmpty": true,
      "_timeout": 2000
    }
  ],
  "meta": {
    "mocha": {
      "version": "7.2.0"
    },
    "mochawesome": {
      "options": {
        "quiet": false,
        "reportFilename": "mochawesome",
        "saveHtml": false,
        "saveJson": true,
        "consoleReporter": "spec",
        "useInlineDiffs": false,
        "code": true
      },
      "version": "7.1.3"
    },
    "marge": {
      "options": {
        "reportDir": "config/cypress/reports",
        "overwrite": false,
        "html": false,
        "json": true,
        "timestamp": "mmddyyyy_HHMMss"
      },
      "version": "6.2.0"
    }
  }
}