{
  "stats": {
    "suites": 7,
    "tests": 7,
    "passes": 7,
    "pending": 0,
    "failures": 0,
    "start": "2025-05-24T09:42:47.980Z",
    "end": "2025-05-24T09:42:53.723Z",
    "duration": 5743,
    "testsRegistered": 7,
    "passPercent": 100,
    "pendingPercent": 0,
    "other": 0,
    "hasOther": false,
    "skipped": 0,
    "hasSkipped": false
  },
  "results": [
    {
      "uuid": "de967eb0-ffe9-4d76-8075-f39c3b6103ee",
      "title": "",
      "fullFile": "config/cypress/e2e/shared/data-cy-attributes.cy.js",
      "file": "config/cypress/e2e/shared/data-cy-attributes.cy.js",
      "beforeHooks": [],
      "afterHooks": [],
      "tests": [],
      "suites": [
        {
          "uuid": "965988bf-7624-4733-9b48-af3bf305bca1",
          "title": "Data-cy Attributes Verification",
          "fullFile": "",
          "file": "",
          "beforeHooks": [],
          "afterHooks": [],
          "tests": [],
          "suites": [
            {
              "uuid": "748b7bcc-0aaa-4114-acb2-e3f5c995bf49",
              "title": "Authentication and Navigation",
              "fullFile": "",
              "file": "",
              "beforeHooks": [],
              "afterHooks": [],
              "tests": [
                {
                  "title": "should find authentication page elements",
                  "fullTitle": "Data-cy Attributes Verification Authentication and Navigation should find authentication page elements",
                  "timedOut": null,
                  "duration": 781,
                  "state": "passed",
                  "speed": "fast",
                  "pass": true,
                  "fail": false,
                  "pending": false,
                  "context": null,
                  "code": "// Note: Clerk components may not have data-cy attributes directly\n// but we can verify the page loads correctly\ncy.url().should('include', '/sign-in');",
                  "err": {},
                  "uuid": "ad1cc095-dd54-4c44-b378-c034109d6a93",
                  "parentUUID": "748b7bcc-0aaa-4114-acb2-e3f5c995bf49",
                  "isHook": false,
                  "skipped": false
                },
                {
                  "title": "should find header elements when authenticated",
                  "fullTitle": "Data-cy Attributes Verification Authentication and Navigation should find header elements when authenticated",
                  "timedOut": null,
                  "duration": 831,
                  "state": "passed",
                  "speed": "fast",
                  "pass": true,
                  "fail": false,
                  "pending": false,
                  "context": null,
                  "code": "// Auth pages use a custom layout without the main header\n// Let's test a non-auth page that should have the header\ncy.visit('/', {\n  failOnStatusCode: false\n});\n// Check if header exists on root page\ncy.get('body').then($body => {\n  if ($body.find('[data-cy=\"main-header\"]').length > 0) {\n    cy.get('[data-cy=\"main-header\"]').should('exist');\n    cy.get('[data-cy=\"header-container\"]').should('exist');\n    cy.log('Header found on root page');\n  } else {\n    // Try dashboard page (might redirect to auth)\n    cy.visit('/dashboard', {\n      failOnStatusCode: false\n    });\n    cy.url().then(url => {\n      if (url.includes('/dashboard')) {\n        // If we can access dashboard, header should exist\n        cy.get('[data-cy=\"main-header\"]').should('exist');\n        cy.log('Header found on dashboard page');\n      } else {\n        // Auth pages have different layout, so we just log and pass\n        cy.log('Redirected to auth page - auth pages use custom layout without main header');\n      }\n    });\n  }\n});",
                  "err": {},
                  "uuid": "1be2b706-3a35-4ef5-9093-1e7a0362a547",
                  "parentUUID": "748b7bcc-0aaa-4114-acb2-e3f5c995bf49",
                  "isHook": false,
                  "skipped": false
                }
              ],
              "suites": [],
              "passes": [
                "ad1cc095-dd54-4c44-b378-c034109d6a93",
                "1be2b706-3a35-4ef5-9093-1e7a0362a547"
              ],
              "failures": [],
              "pending": [],
              "skipped": [],
              "duration": 1612,
              "root": false,
              "rootEmpty": false,
              "_timeout": 2000
            },
            {
              "uuid": "eb457a67-1615-435b-a8c1-81efbe349636",
              "title": "Dashboard Elements",
              "fullFile": "",
              "file": "",
              "beforeHooks": [],
              "afterHooks": [],
              "tests": [
                {
                  "title": "should find dashboard components when accessible",
                  "fullTitle": "Data-cy Attributes Verification Dashboard Elements should find dashboard components when accessible",
                  "timedOut": null,
                  "duration": 801,
                  "state": "passed",
                  "speed": "fast",
                  "pass": true,
                  "fail": false,
                  "pending": false,
                  "context": null,
                  "code": "// Attempt to visit dashboard (may redirect to sign-in)\ncy.visit('/dashboard', {\n  failOnStatusCode: false\n});\n// Check if we're redirected to sign-in\ncy.url().then(url => {\n  if (url.includes('/sign-in')) {\n    cy.log('Redirected to sign-in as expected for unauthenticated user');\n  } else {\n    // If somehow we're on dashboard, test the data-cy attributes\n    cy.get('[data-cy=\"dashboard-content\"]').should('exist');\n    cy.get('[data-cy=\"dashboard-header\"]').should('exist');\n    cy.get('[data-cy=\"dashboard-title\"]').should('exist');\n  }\n});",
                  "err": {},
                  "uuid": "c8f0484b-3dc7-4dfb-8ede-f8b8d8e7d703",
                  "parentUUID": "eb457a67-1615-435b-a8c1-81efbe349636",
                  "isHook": false,
                  "skipped": false
                }
              ],
              "suites": [],
              "passes": ["c8f0484b-3dc7-4dfb-8ede-f8b8d8e7d703"],
              "failures": [],
              "pending": [],
              "skipped": [],
              "duration": 801,
              "root": false,
              "rootEmpty": false,
              "_timeout": 2000
            },
            {
              "uuid": "8678ad04-4d59-4798-9efd-4628349ed177",
              "title": "Navigation Elements",
              "fullFile": "",
              "file": "",
              "beforeHooks": [],
              "afterHooks": [],
              "tests": [
                {
                  "title": "should find navigation elements",
                  "fullTitle": "Data-cy Attributes Verification Navigation Elements should find navigation elements",
                  "timedOut": null,
                  "duration": 816,
                  "state": "passed",
                  "speed": "fast",
                  "pass": true,
                  "fail": false,
                  "pending": false,
                  "context": null,
                  "code": "// Test basic page structure that should be present\ncy.visit('/', {\n  failOnStatusCode: false\n});\n// These elements should be present on most pages\ncy.get('body').should('exist');\n// Check if header is present (it should be on most pages)\ncy.get('[data-cy=\"main-header\"]').should('exist');",
                  "err": {},
                  "uuid": "0f539a0f-e6a3-48b8-879c-a35715ee405a",
                  "parentUUID": "8678ad04-4d59-4798-9efd-4628349ed177",
                  "isHook": false,
                  "skipped": false
                }
              ],
              "suites": [],
              "passes": ["0f539a0f-e6a3-48b8-879c-a35715ee405a"],
              "failures": [],
              "pending": [],
              "skipped": [],
              "duration": 816,
              "root": false,
              "rootEmpty": false,
              "_timeout": 2000
            },
            {
              "uuid": "e8351c51-ecdf-43ea-8873-3a47bc29d75c",
              "title": "Search Functionality",
              "fullFile": "",
              "file": "",
              "beforeHooks": [],
              "afterHooks": [],
              "tests": [
                {
                  "title": "should find search bar elements when present",
                  "fullTitle": "Data-cy Attributes Verification Search Functionality should find search bar elements when present",
                  "timedOut": null,
                  "duration": 727,
                  "state": "passed",
                  "speed": "fast",
                  "pass": true,
                  "fail": false,
                  "pending": false,
                  "context": null,
                  "code": "cy.visit('/dashboard', {\n  failOnStatusCode: false\n});\n// Check for search elements if they exist on the page\ncy.get('body').then($body => {\n  if ($body.find('[data-cy=\"search-bar\"]').length > 0) {\n    cy.get('[data-cy=\"search-bar\"]').should('be.visible');\n    cy.get('[data-cy=\"search-input\"]').should('be.visible');\n    cy.get('[data-cy=\"search-icon\"]').should('be.visible');\n  } else {\n    cy.log('Search bar not found on this page');\n  }\n});",
                  "err": {},
                  "uuid": "1bfe28af-e64f-4653-b58e-cbb57a0e838d",
                  "parentUUID": "e8351c51-ecdf-43ea-8873-3a47bc29d75c",
                  "isHook": false,
                  "skipped": false
                }
              ],
              "suites": [],
              "passes": ["1bfe28af-e64f-4653-b58e-cbb57a0e838d"],
              "failures": [],
              "pending": [],
              "skipped": [],
              "duration": 727,
              "root": false,
              "rootEmpty": false,
              "_timeout": 2000
            },
            {
              "uuid": "977d2cd0-20a7-4a9b-845b-a9972b88843d",
              "title": "Button and Form Elements",
              "fullFile": "",
              "file": "",
              "beforeHooks": [],
              "afterHooks": [],
              "tests": [
                {
                  "title": "should verify button data-cy attributes work",
                  "fullTitle": "Data-cy Attributes Verification Button and Form Elements should verify button data-cy attributes work",
                  "timedOut": null,
                  "duration": 719,
                  "state": "passed",
                  "speed": "fast",
                  "pass": true,
                  "fail": false,
                  "pending": false,
                  "context": null,
                  "code": "cy.visit('/campaigns', {\n  failOnStatusCode: false\n});\n// Check if we can find campaign-related buttons\ncy.get('body').then($body => {\n  if ($body.find('[data-cy=\"new-campaign-button\"]').length > 0) {\n    cy.get('[data-cy=\"new-campaign-button\"]').should('exist');\n    cy.log('New campaign button found with data-cy attribute');\n  } else {\n    cy.log('New campaign button not accessible without authentication');\n  }\n});",
                  "err": {},
                  "uuid": "409be1fa-08e4-47cb-8f6f-2b3e34a60b39",
                  "parentUUID": "977d2cd0-20a7-4a9b-845b-a9972b88843d",
                  "isHook": false,
                  "skipped": false
                }
              ],
              "suites": [],
              "passes": ["409be1fa-08e4-47cb-8f6f-2b3e34a60b39"],
              "failures": [],
              "pending": [],
              "skipped": [],
              "duration": 719,
              "root": false,
              "rootEmpty": false,
              "_timeout": 2000
            },
            {
              "uuid": "a7a446ef-2e03-4367-ad34-e2c6644348fa",
              "title": "Data-cy Attribute Standards",
              "fullFile": "",
              "file": "",
              "beforeHooks": [],
              "afterHooks": [],
              "tests": [
                {
                  "title": "should verify all data-cy attributes follow naming convention",
                  "fullTitle": "Data-cy Attributes Verification Data-cy Attribute Standards should verify all data-cy attributes follow naming convention",
                  "timedOut": null,
                  "duration": 759,
                  "state": "passed",
                  "speed": "fast",
                  "pass": true,
                  "fail": false,
                  "pending": false,
                  "context": null,
                  "code": "cy.visit('/', {\n  failOnStatusCode: false\n});\n// Get all elements with data-cy attributes\ncy.get('[data-cy]').then($elements => {\n  const dataCyValues = [];\n  $elements.each((index, element) => {\n    const dataCy = element.getAttribute('data-cy');\n    if (dataCy) {\n      dataCyValues.push(dataCy);\n    }\n  });\n  // Log all found data-cy attributes\n  cy.log(`Found ${dataCyValues.length} elements with data-cy attributes`);\n  dataCyValues.forEach(value => {\n    cy.log(`data-cy=\"${value}\"`);\n    // Verify naming convention (kebab-case)\n    expect(value).to.match(/^[a-z][a-z0-9-]*[a-z0-9]$|^[a-z]$/, `data-cy=\"${value}\" should follow kebab-case convention`);\n  });\n});",
                  "err": {},
                  "uuid": "420d4606-43c6-49c1-8334-3e97ad5dbb62",
                  "parentUUID": "a7a446ef-2e03-4367-ad34-e2c6644348fa",
                  "isHook": false,
                  "skipped": false
                }
              ],
              "suites": [],
              "passes": ["420d4606-43c6-49c1-8334-3e97ad5dbb62"],
              "failures": [],
              "pending": [],
              "skipped": [],
              "duration": 759,
              "root": false,
              "rootEmpty": false,
              "_timeout": 2000
            }
          ],
          "passes": [],
          "failures": [],
          "pending": [],
          "skipped": [],
          "duration": 0,
          "root": false,
          "rootEmpty": false,
          "_timeout": 2000
        }
      ],
      "passes": [],
      "failures": [],
      "pending": [],
      "skipped": [],
      "duration": 0,
      "root": true,
      "rootEmpty": true,
      "_timeout": 2000
    }
  ],
  "meta": {
    "mocha": {
      "version": "7.2.0"
    },
    "mochawesome": {
      "options": {
        "quiet": false,
        "reportFilename": "mochawesome",
        "saveHtml": false,
        "saveJson": true,
        "consoleReporter": "spec",
        "useInlineDiffs": false,
        "code": true
      },
      "version": "7.1.3"
    },
    "marge": {
      "options": {
        "reportDir": "config/cypress/reports",
        "overwrite": false,
        "html": false,
        "json": true,
        "timestamp": "mmddyyyy_HHMMss"
      },
      "version": "6.2.0"
    }
  }
}
