{
  "stats": {
    "suites": 1,
    "tests": 1,
    "passes": 1,
    "pending": 0,
    "failures": 0,
    "start": "2025-05-24T13:04:18.408Z",
    "end": "2025-05-24T13:04:19.039Z",
    "duration": 631,
    "testsRegistered": 1,
    "passPercent": 100,
    "pendingPercent": 0,
    "other": 0,
    "hasOther": false,
    "skipped": 0,
    "hasSkipped": false
  },
  "results": [
    {
      "uuid": "96f71b6b-8d20-4ae4-94ad-03dc1b172145",
      "title": "",
      "fullFile": "config/cypress/e2e/brand-health/index.cy.js",
      "file": "config/cypress/e2e/brand-health/index.cy.js",
      "beforeHooks": [],
      "afterHooks": [],
      "tests": [],
      "suites": [
        {
          "uuid": "79c34958-0b75-413b-9607-540204845a9c",
          "title": "Brand Health Page",
          "fullFile": "",
          "file": "",
          "beforeHooks": [],
          "afterHooks": [],
          "tests": [
            {
              "title": "loads the page",
              "fullTitle": "Brand Health Page loads the page",
              "timedOut": null,
              "duration": 579,
              "state": "passed",
              "speed": "fast",
              "pass": true,
              "fail": false,
              "pending": false,
              "context": null,
              "code": "cy.get('body').should('exist');",
              "err": {},
              "uuid": "d084c9eb-d3d6-460e-b376-ca1df04564ec",
              "parentUUID": "79c34958-0b75-413b-9607-540204845a9c",
              "isHook": false,
              "skipped": false
            }
          ],
          "suites": [],
          "passes": ["d084c9eb-d3d6-460e-b376-ca1df04564ec"],
          "failures": [],
          "pending": [],
          "skipped": [],
          "duration": 579,
          "root": false,
          "rootEmpty": false,
          "_timeout": 2000
        }
      ],
      "passes": [],
      "failures": [],
      "pending": [],
      "skipped": [],
      "duration": 0,
      "root": true,
      "rootEmpty": true,
      "_timeout": 2000
    }
  ],
  "meta": {
    "mocha": {
      "version": "7.2.0"
    },
    "mochawesome": {
      "options": {
        "quiet": false,
        "reportFilename": "mochawesome",
        "saveHtml": false,
        "saveJson": true,
        "consoleReporter": "spec",
        "useInlineDiffs": false,
        "code": true
      },
      "version": "7.1.3"
    },
    "marge": {
      "options": {
        "reportDir": "config/cypress/reports",
        "overwrite": false,
        "html": false,
        "json": true,
        "timestamp": "mmddyyyy_HHMMss"
      },
      "version": "6.2.0"
    }
  }
}
