{
  "stats": {
    "suites": 1,
    "tests": 2,
    "passes": 2,
    "pending": 0,
    "failures": 0,
    "start": "2025-05-24T12:37:11.159Z",
    "end": "2025-05-24T12:37:11.226Z",
    "duration": 67,
    "testsRegistered": 2,
    "passPercent": 100,
    "pendingPercent": 0,
    "other": 0,
    "hasOther": false,
    "skipped": 0,
    "hasSkipped": false
  },
  "results": [
    {
      "uuid": "b3e22434-569c-4756-85c6-4ee504c3d614",
      "title": "",
      "fullFile": "config/cypress/e2e/campaigns/list.cy.js",
      "file": "config/cypress/e2e/campaigns/list.cy.js",
      "beforeHooks": [],
      "afterHooks": [],
      "tests": [],
      "suites": [
        {
          "uuid": "4eb021bb-d882-44d0-a1fd-c1c3d4ac94d8",
          "title": "Campaigns Page",
          "fullFile": "",
          "file": "",
          "beforeHooks": [],
          "afterHooks": [],
          "tests": [
            {
              "title": "loads the page",
              "fullTitle": "Campaigns Page loads the page",
              "timedOut": null,
              "duration": 33,
              "state": "passed",
              "speed": "fast",
              "pass": true,
              "fail": false,
              "pending": false,
              "context": null,
              "code": "cy.get('body').should('exist');",
              "err": {},
              "uuid": "36d90d8b-2918-4880-a29c-a61b0a4388a2",
              "parentUUID": "4eb021bb-d882-44d0-a1fd-c1c3d4ac94d8",
              "isHook": false,
              "skipped": false
            },
            {
              "title": "displays the campaign list header",
              "fullTitle": "Campaigns Page displays the campaign list header",
              "timedOut": null,
              "duration": 22,
              "state": "passed",
              "speed": "fast",
              "pass": true,
              "fail": false,
              "pending": false,
              "context": null,
              "code": "cy.contains('Campaign List View').should('be.visible');",
              "err": {},
              "uuid": "bab64b0c-ca9e-4162-985a-c2cbbf1eae09",
              "parentUUID": "4eb021bb-d882-44d0-a1fd-c1c3d4ac94d8",
              "isHook": false,
              "skipped": false
            }
          ],
          "suites": [],
          "passes": [
            "36d90d8b-2918-4880-a29c-a61b0a4388a2",
            "bab64b0c-ca9e-4162-985a-c2cbbf1eae09"
          ],
          "failures": [],
          "pending": [],
          "skipped": [],
          "duration": 55,
          "root": false,
          "rootEmpty": false,
          "_timeout": 2000
        }
      ],
      "passes": [],
      "failures": [],
      "pending": [],
      "skipped": [],
      "duration": 0,
      "root": true,
      "rootEmpty": true,
      "_timeout": 2000
    }
  ],
  "meta": {
    "mocha": {
      "version": "7.2.0"
    },
    "mochawesome": {
      "options": {
        "quiet": false,
        "reportFilename": "mochawesome",
        "saveHtml": false,
        "saveJson": true,
        "consoleReporter": "spec",
        "useInlineDiffs": false,
        "code": true
      },
      "version": "7.1.3"
    },
    "marge": {
      "options": {
        "reportDir": "config/cypress/reports",
        "overwrite": false,
        "html": false,
        "json": true,
        "timestamp": "mmddyyyy_HHMMss"
      },
      "version": "6.2.0"
    }
  }
}