{
  "stats": {
    "suites": 7,
    "tests": 20,
    "passes": 1,
    "pending": 0,
    "failures": 19,
    "start": "2025-05-24T12:46:51.175Z",
    "end": "2025-05-24T12:57:01.025Z",
    "duration": 609850,
    "testsRegistered": 20,
    "passPercent": 5,
    "pendingPercent": 0,
    "other": 0,
    "hasOther": false,
    "skipped": 0,
    "hasSkipped": false
  },
  "results": [
    {
      "uuid": "94ac1019-69fd-4ef6-b424-d5fed164e435",
      "title": "",
      "fullFile": "config/cypress/e2e/dashboard/index.cy.js",
      "file": "config/cypress/e2e/dashboard/index.cy.js",
      "beforeHooks": [],
      "afterHooks": [],
      "tests": [],
      "suites": [
        {
          "uuid": "aaf414a8-98c1-4fe2-a7f4-400a72604c98",
          "title": "Dashboard Page",
          "fullFile": "",
          "file": "",
          "beforeHooks": [],
          "afterHooks": [],
          "tests": [],
          "suites": [
            {
              "uuid": "2c1e0290-e5fc-4b8c-ba2a-ec484ff3134e",
              "title": "Dashboard Header",
              "fullFile": "",
              "file": "",
              "beforeHooks": [],
              "afterHooks": [],
              "tests": [
                {
                  "title": "displays the correct page title",
                  "fullTitle": "Dashboard Page Dashboard Header displays the correct page title",
                  "timedOut": null,
                  "duration": 10814,
                  "state": "failed",
                  "speed": null,
                  "pass": false,
                  "fail": true,
                  "pending": false,
                  "context": null,
                  "code": "cy.get('h1').contains('Dashboard').should('exist');",
                  "err": {
                    "message": "AssertionError: Timed out retrying after 10000ms: Expected to find content: 'Dashboard' within the element: <h1.cl-headerTitle.text-primary.text-xl.font-semibold.🔒️.cl-internal-1tpvhd8> but never did.",
                    "estack": "AssertionError: Timed out retrying after 10000ms: Expected to find content: 'Dashboard' within the element: <h1.cl-headerTitle.text-primary.text-xl.font-semibold.🔒️.cl-internal-1tpvhd8> but never did.\n    at Context.eval (webpack://my-project/./config/cypress/e2e/dashboard/index.cy.js:16:41)",
                    "diff": null
                  },
                  "uuid": "f3133b64-39fb-4aae-908e-30c856656f8f",
                  "parentUUID": "2c1e0290-e5fc-4b8c-ba2a-ec484ff3134e",
                  "isHook": false,
                  "skipped": false
                },
                {
                  "title": "has a working date range filter",
                  "fullTitle": "Dashboard Page Dashboard Header has a working date range filter",
                  "timedOut": null,
                  "duration": 10614,
                  "state": "failed",
                  "speed": null,
                  "pass": false,
                  "fail": true,
                  "pending": false,
                  "context": null,
                  "code": "cy.get('select').should('exist');\ncy.get('select').select('Last 90 days');\ncy.get('select').should('have.value', 'Last 90 days');",
                  "err": {
                    "message": "AssertionError: Timed out retrying after 10000ms: Expected to find element: `select`, but never found it.",
                    "estack": "AssertionError: Timed out retrying after 10000ms: Expected to find element: `select`, but never found it.\n    at Context.eval (webpack://my-project/./config/cypress/e2e/dashboard/index.cy.js:20:23)",
                    "diff": null
                  },
                  "uuid": "a16b3a6c-2581-4639-a59f-a31d1eb5ab60",
                  "parentUUID": "2c1e0290-e5fc-4b8c-ba2a-ec484ff3134e",
                  "isHook": false,
                  "skipped": false
                },
                {
                  "title": "has a working export button",
                  "fullTitle": "Dashboard Page Dashboard Header has a working export button",
                  "timedOut": null,
                  "duration": 10627,
                  "state": "failed",
                  "speed": null,
                  "pass": false,
                  "fail": true,
                  "pending": false,
                  "context": null,
                  "code": "cy.contains('button', 'Export').should('exist');\ncy.contains('button', 'Export').click();\n// Since the actual export might not happen in test, we just verify the button works\ncy.contains('Dashboard data exported successfully').should('exist');",
                  "err": {
                    "message": "AssertionError: Timed out retrying after 10000ms: Expected to find content: 'Export' within the selector: 'button' but never did.",
                    "estack": "AssertionError: Timed out retrying after 10000ms: Expected to find content: 'Export' within the selector: 'button' but never did.\n    at Context.eval (webpack://my-project/./config/cypress/e2e/dashboard/index.cy.js:26:38)",
                    "diff": null
                  },
                  "uuid": "1b3ef154-c8ae-4e84-ba13-f559dddac975",
                  "parentUUID": "2c1e0290-e5fc-4b8c-ba2a-ec484ff3134e",
                  "isHook": false,
                  "skipped": false
                }
              ],
              "suites": [],
              "passes": [],
              "failures": [
                "f3133b64-39fb-4aae-908e-30c856656f8f",
                "a16b3a6c-2581-4639-a59f-a31d1eb5ab60",
                "1b3ef154-c8ae-4e84-ba13-f559dddac975"
              ],
              "pending": [],
              "skipped": [],
              "duration": 32055,
              "root": false,
              "rootEmpty": false,
              "_timeout": 2000
            },
            {
              "uuid": "4a248977-0ad6-4fe0-bfec-6ba4cfbee156",
              "title": "Performance Metrics",
              "fullFile": "",
              "file": "",
              "beforeHooks": [],
              "afterHooks": [],
              "tests": [
                {
                  "title": "displays all performance metric cards",
                  "fullTitle": "Dashboard Page Performance Metrics displays all performance metric cards",
                  "timedOut": null,
                  "duration": 10648,
                  "state": "failed",
                  "speed": null,
                  "pass": false,
                  "fail": true,
                  "pending": false,
                  "context": null,
                  "code": "cy.contains('Performance').should('exist');\ncy.get('[data-cy=\"metric-card\"]').should('have.length', 4);",
                  "err": {
                    "message": "AssertionError: Timed out retrying after 10000ms: Expected to find content: 'Performance' but never did.",
                    "estack": "AssertionError: Timed out retrying after 10000ms: Expected to find content: 'Performance' but never did.\n    at Context.eval (webpack://my-project/./config/cypress/e2e/dashboard/index.cy.js:36:33)",
                    "diff": null
                  },
                  "uuid": "932e0a00-bcf7-488e-ae01-6c014ede48bf",
                  "parentUUID": "4a248977-0ad6-4fe0-bfec-6ba4cfbee156",
                  "isHook": false,
                  "skipped": false
                },
                {
                  "title": "shows Total Campaigns metric",
                  "fullTitle": "Dashboard Page Performance Metrics shows Total Campaigns metric",
                  "timedOut": null,
                  "duration": 10628,
                  "state": "failed",
                  "speed": null,
                  "pass": false,
                  "fail": true,
                  "pending": false,
                  "context": null,
                  "code": "cy.contains('Total Campaigns').should('exist');\ncy.get('[data-cy=\"metric-card\"]').contains('Total Campaigns').parent().within(() => {\n  cy.get('p.text-2xl').should('exist');\n});",
                  "err": {
                    "message": "AssertionError: Timed out retrying after 10000ms: Expected to find content: 'Total Campaigns' but never did.",
                    "estack": "AssertionError: Timed out retrying after 10000ms: Expected to find content: 'Total Campaigns' but never did.\n    at Context.eval (webpack://my-project/./config/cypress/e2e/dashboard/index.cy.js:41:37)",
                    "diff": null
                  },
                  "uuid": "0941b313-499a-46e6-9563-2aa1a3d63b8a",
                  "parentUUID": "4a248977-0ad6-4fe0-bfec-6ba4cfbee156",
                  "isHook": false,
                  "skipped": false
                },
                {
                  "title": "shows Survey Responses metric",
                  "fullTitle": "Dashboard Page Performance Metrics shows Survey Responses metric",
                  "timedOut": null,
                  "duration": 10650,
                  "state": "failed",
                  "speed": null,
                  "pass": false,
                  "fail": true,
                  "pending": false,
                  "context": null,
                  "code": "cy.contains('Survey Responses').should('exist');\ncy.get('[data-cy=\"metric-card\"]').contains('Survey Responses').parent().within(() => {\n  cy.get('p.text-2xl').should('exist');\n});",
                  "err": {
                    "message": "AssertionError: Timed out retrying after 10000ms: Expected to find content: 'Survey Responses' but never did.",
                    "estack": "AssertionError: Timed out retrying after 10000ms: Expected to find content: 'Survey Responses' but never did.\n    at Context.eval (webpack://my-project/./config/cypress/e2e/dashboard/index.cy.js:51:38)",
                    "diff": null
                  },
                  "uuid": "ff8966e7-32eb-4dba-a85b-98f5c1b6da00",
                  "parentUUID": "4a248977-0ad6-4fe0-bfec-6ba4cfbee156",
                  "isHook": false,
                  "skipped": false
                },
                {
                  "title": "shows Live Campaigns metric",
                  "fullTitle": "Dashboard Page Performance Metrics shows Live Campaigns metric",
                  "timedOut": null,
                  "duration": 10654,
                  "state": "failed",
                  "speed": null,
                  "pass": false,
                  "fail": true,
                  "pending": false,
                  "context": null,
                  "code": "cy.contains('Live Campaigns').should('exist');\ncy.get('[data-cy=\"metric-card\"]').contains('Live Campaigns').parent().within(() => {\n  cy.get('p.text-2xl').should('exist');\n});",
                  "err": {
                    "message": "AssertionError: Timed out retrying after 10000ms: Expected to find content: 'Live Campaigns' but never did.",
                    "estack": "AssertionError: Timed out retrying after 10000ms: Expected to find content: 'Live Campaigns' but never did.\n    at Context.eval (webpack://my-project/./config/cypress/e2e/dashboard/index.cy.js:61:36)",
                    "diff": null
                  },
                  "uuid": "ce360ae7-9a94-439f-bd86-061d514859f1",
                  "parentUUID": "4a248977-0ad6-4fe0-bfec-6ba4cfbee156",
                  "isHook": false,
                  "skipped": false
                },
                {
                  "title": "shows Credits Available metric",
                  "fullTitle": "Dashboard Page Performance Metrics shows Credits Available metric",
                  "timedOut": null,
                  "duration": 10908,
                  "state": "failed",
                  "speed": null,
                  "pass": false,
                  "fail": true,
                  "pending": false,
                  "context": null,
                  "code": "cy.contains('Credits Available').should('exist');\ncy.get('[data-cy=\"metric-card\"]').contains('Credits Available').parent().within(() => {\n  cy.get('p.text-2xl').should('exist');\n});",
                  "err": {
                    "message": "AssertionError: Timed out retrying after 10000ms: Expected to find content: 'Credits Available' but never did.",
                    "estack": "AssertionError: Timed out retrying after 10000ms: Expected to find content: 'Credits Available' but never did.\n    at Context.eval (webpack://my-project/./config/cypress/e2e/dashboard/index.cy.js:71:39)",
                    "diff": null
                  },
                  "uuid": "c5d46dc6-e846-477c-a9a2-5e977b030df9",
                  "parentUUID": "4a248977-0ad6-4fe0-bfec-6ba4cfbee156",
                  "isHook": false,
                  "skipped": false
                }
              ],
              "suites": [],
              "passes": [],
              "failures": [
                "932e0a00-bcf7-488e-ae01-6c014ede48bf",
                "0941b313-499a-46e6-9563-2aa1a3d63b8a",
                "ff8966e7-32eb-4dba-a85b-98f5c1b6da00",
                "ce360ae7-9a94-439f-bd86-061d514859f1",
                "c5d46dc6-e846-477c-a9a2-5e977b030df9"
              ],
              "pending": [],
              "skipped": [],
              "duration": 53488,
              "root": false,
              "rootEmpty": false,
              "_timeout": 2000
            },
            {
              "uuid": "0a8e2d1d-7e88-46bf-b3d8-8bc2d38a038d",
              "title": "Campaign Calendar",
              "fullFile": "",
              "file": "",
              "beforeHooks": [],
              "afterHooks": [],
              "tests": [
                {
                  "title": "displays the calendar component",
                  "fullTitle": "Dashboard Page Campaign Calendar displays the calendar component",
                  "timedOut": null,
                  "duration": 10684,
                  "state": "failed",
                  "speed": null,
                  "pass": false,
                  "fail": true,
                  "pending": false,
                  "context": null,
                  "code": "cy.get('[data-cy=\"calendar-dashboard\"]').should('exist');",
                  "err": {
                    "message": "AssertionError: Timed out retrying after 10000ms: Expected to find element: `[data-cy=\"calendar-dashboard\"]`, but never found it.",
                    "estack": "AssertionError: Timed out retrying after 10000ms: Expected to find element: `[data-cy=\"calendar-dashboard\"]`, but never found it.\n    at Context.eval (webpack://my-project/./config/cypress/e2e/dashboard/index.cy.js:84:47)",
                    "diff": null
                  },
                  "uuid": "43786c23-3970-49b0-8114-9f522ebeaab1",
                  "parentUUID": "0a8e2d1d-7e88-46bf-b3d8-8bc2d38a038d",
                  "isHook": false,
                  "skipped": false
                },
                {
                  "title": "shows the current month by default",
                  "fullTitle": "Dashboard Page Campaign Calendar shows the current month by default",
                  "timedOut": null,
                  "duration": 10718,
                  "state": "failed",
                  "speed": null,
                  "pass": false,
                  "fail": true,
                  "pending": false,
                  "context": null,
                  "code": "const currentMonth = new Date().toLocaleString('default', {\n  month: 'long'\n});\ncy.get('[data-cy=\"calendar-dashboard\"]').contains(currentMonth).should('exist');",
                  "err": {
                    "message": "AssertionError: Timed out retrying after 10000ms: Expected to find element: `[data-cy=\"calendar-dashboard\"]`, but never found it.",
                    "estack": "AssertionError: Timed out retrying after 10000ms: Expected to find element: `[data-cy=\"calendar-dashboard\"]`, but never found it.\n    at Context.eval (webpack://my-project/./config/cypress/e2e/dashboard/index.cy.js:89:9)",
                    "diff": null
                  },
                  "uuid": "8f0e6771-d295-458c-b8d9-6bfbe481e856",
                  "parentUUID": "0a8e2d1d-7e88-46bf-b3d8-8bc2d38a038d",
                  "isHook": false,
                  "skipped": false
                },
                {
                  "title": "has navigation controls",
                  "fullTitle": "Dashboard Page Campaign Calendar has navigation controls",
                  "timedOut": null,
                  "duration": 10585,
                  "state": "failed",
                  "speed": null,
                  "pass": false,
                  "fail": true,
                  "pending": false,
                  "context": null,
                  "code": "cy.get('[data-cy=\"calendar-dashboard\"]').within(() => {\n  cy.get('button[aria-label=\"Previous month\"]').should('exist');\n  cy.get('button[aria-label=\"Next month\"]').should('exist');\n});",
                  "err": {
                    "message": "AssertionError: Timed out retrying after 10000ms: Expected to find element: `[data-cy=\"calendar-dashboard\"]`, but never found it.",
                    "estack": "AssertionError: Timed out retrying after 10000ms: Expected to find element: `[data-cy=\"calendar-dashboard\"]`, but never found it.\n    at Context.eval (webpack://my-project/./config/cypress/e2e/dashboard/index.cy.js:93:9)",
                    "diff": null
                  },
                  "uuid": "0ccc7461-a3e6-46a8-b44a-bbb528c0dda7",
                  "parentUUID": "0a8e2d1d-7e88-46bf-b3d8-8bc2d38a038d",
                  "isHook": false,
                  "skipped": false
                },
                {
                  "title": "can navigate to next month",
                  "fullTitle": "Dashboard Page Campaign Calendar can navigate to next month",
                  "timedOut": null,
                  "duration": 10715,
                  "state": "failed",
                  "speed": null,
                  "pass": false,
                  "fail": true,
                  "pending": false,
                  "context": null,
                  "code": "const currentDate = new Date();\nconst nextMonth = new Date(currentDate.getFullYear(), currentDate.getMonth() + 1, 1);\nconst nextMonthName = nextMonth.toLocaleString('default', {\n  month: 'long'\n});\ncy.get('[data-cy=\"calendar-dashboard\"]').within(() => {\n  cy.get('button[aria-label=\"Next month\"]').click();\n  cy.contains(nextMonthName).should('exist');\n});",
                  "err": {
                    "message": "AssertionError: Timed out retrying after 10000ms: Expected to find element: `[data-cy=\"calendar-dashboard\"]`, but never found it.",
                    "estack": "AssertionError: Timed out retrying after 10000ms: Expected to find element: `[data-cy=\"calendar-dashboard\"]`, but never found it.\n    at Context.eval (webpack://my-project/./config/cypress/e2e/dashboard/index.cy.js:104:9)",
                    "diff": null
                  },
                  "uuid": "fae47035-ce27-4b25-b8a6-f356d527aa0c",
                  "parentUUID": "0a8e2d1d-7e88-46bf-b3d8-8bc2d38a038d",
                  "isHook": false,
                  "skipped": false
                }
              ],
              "suites": [],
              "passes": [],
              "failures": [
                "43786c23-3970-49b0-8114-9f522ebeaab1",
                "8f0e6771-d295-458c-b8d9-6bfbe481e856",
                "0ccc7461-a3e6-46a8-b44a-bbb528c0dda7",
                "fae47035-ce27-4b25-b8a6-f356d527aa0c"
              ],
              "pending": [],
              "skipped": [],
              "duration": 42702,
              "root": false,
              "rootEmpty": false,
              "_timeout": 2000
            },
            {
              "uuid": "730b758f-20d0-4dcc-bbb3-5f006ca9d2a6",
              "title": "Upcoming Campaigns",
              "fullFile": "",
              "file": "",
              "beforeHooks": [],
              "afterHooks": [],
              "tests": [
                {
                  "title": "displays the upcoming campaigns section",
                  "fullTitle": "Dashboard Page Upcoming Campaigns displays the upcoming campaigns section",
                  "timedOut": null,
                  "duration": 10669,
                  "state": "failed",
                  "speed": null,
                  "pass": false,
                  "fail": true,
                  "pending": false,
                  "context": null,
                  "code": "cy.get('[data-cy=\"upcoming-campaigns-card\"]').should('exist');",
                  "err": {
                    "message": "AssertionError: Timed out retrying after 10000ms: Expected to find element: `[data-cy=\"upcoming-campaigns-card\"]`, but never found it.",
                    "estack": "AssertionError: Timed out retrying after 10000ms: Expected to find element: `[data-cy=\"upcoming-campaigns-card\"]`, but never found it.\n    at Context.eval (webpack://my-project/./config/cypress/e2e/dashboard/index.cy.js:114:52)",
                    "diff": null
                  },
                  "uuid": "2e773545-7b2d-4d11-9fc6-5bfd2eabe167",
                  "parentUUID": "730b758f-20d0-4dcc-bbb3-5f006ca9d2a6",
                  "isHook": false,
                  "skipped": false
                },
                {
                  "title": "shows campaign cards or empty state",
                  "fullTitle": "Dashboard Page Upcoming Campaigns shows campaign cards or empty state",
                  "timedOut": null,
                  "duration": 10597,
                  "state": "failed",
                  "speed": null,
                  "pass": false,
                  "fail": true,
                  "pending": false,
                  "context": null,
                  "code": "cy.get('[data-cy=\"upcoming-campaigns-card\"]').within(() => {\n  // Either campaign cards exist or there's an empty state message\n  cy.get('body').then($body => {\n    if ($body.find('[data-cy=\"campaign-card\"]').length > 0) {\n      cy.get('[data-cy=\"campaign-card\"]').should('exist');\n    } else {\n      cy.contains('No upcoming campaigns').should('exist');\n    }\n  });\n});",
                  "err": {
                    "message": "AssertionError: Timed out retrying after 10000ms: Expected to find element: `[data-cy=\"upcoming-campaigns-card\"]`, but never found it.",
                    "estack": "AssertionError: Timed out retrying after 10000ms: Expected to find element: `[data-cy=\"upcoming-campaigns-card\"]`, but never found it.\n    at Context.eval (webpack://my-project/./config/cypress/e2e/dashboard/index.cy.js:118:9)",
                    "diff": null
                  },
                  "uuid": "69d48ce8-d43c-4bc0-bfba-963559a42976",
                  "parentUUID": "730b758f-20d0-4dcc-bbb3-5f006ca9d2a6",
                  "isHook": false,
                  "skipped": false
                },
                {
                  "title": "has a functional New Campaign button",
                  "fullTitle": "Dashboard Page Upcoming Campaigns has a functional New Campaign button",
                  "timedOut": null,
                  "duration": 10633,
                  "state": "failed",
                  "speed": null,
                  "pass": false,
                  "fail": true,
                  "pending": false,
                  "context": null,
                  "code": "cy.get('[data-cy=\"upcoming-campaigns-card\"]').within(() => {\n  cy.contains('New Campaign').click();\n});\n// Should navigate to campaign wizard\ncy.url().should('include', '/campaigns/wizard/step-1');",
                  "err": {
                    "message": "AssertionError: Timed out retrying after 10000ms: Expected to find element: `[data-cy=\"upcoming-campaigns-card\"]`, but never found it.",
                    "estack": "AssertionError: Timed out retrying after 10000ms: Expected to find element: `[data-cy=\"upcoming-campaigns-card\"]`, but never found it.\n    at Context.eval (webpack://my-project/./config/cypress/e2e/dashboard/index.cy.js:131:9)",
                    "diff": null
                  },
                  "uuid": "642a437c-c4e8-493d-b6cc-7a06a1319078",
                  "parentUUID": "730b758f-20d0-4dcc-bbb3-5f006ca9d2a6",
                  "isHook": false,
                  "skipped": false
                }
              ],
              "suites": [],
              "passes": [],
              "failures": [
                "2e773545-7b2d-4d11-9fc6-5bfd2eabe167",
                "69d48ce8-d43c-4bc0-bfba-963559a42976",
                "642a437c-c4e8-493d-b6cc-7a06a1319078"
              ],
              "pending": [],
              "skipped": [],
              "duration": 31899,
              "root": false,
              "rootEmpty": false,
              "_timeout": 2000
            },
            {
              "uuid": "5367cae7-ffa9-401a-8dfc-ec2682d04dd9",
              "title": "Brand Health",
              "fullFile": "",
              "file": "",
              "beforeHooks": [],
              "afterHooks": [],
              "tests": [
                {
                  "title": "displays the brand health section",
                  "fullTitle": "Dashboard Page Brand Health displays the brand health section",
                  "timedOut": null,
                  "duration": 10682,
                  "state": "failed",
                  "speed": null,
                  "pass": false,
                  "fail": true,
                  "pending": false,
                  "context": null,
                  "code": "cy.contains('Brand Health').should('exist');",
                  "err": {
                    "message": "AssertionError: Timed out retrying after 10000ms: Expected to find content: 'Brand Health' but never did.",
                    "estack": "AssertionError: Timed out retrying after 10000ms: Expected to find content: 'Brand Health' but never did.\n    at Context.eval (webpack://my-project/./config/cypress/e2e/dashboard/index.cy.js:143:34)",
                    "diff": null
                  },
                  "uuid": "07d74d37-47c5-42b3-9bc3-3f0a31c448c0",
                  "parentUUID": "5367cae7-ffa9-401a-8dfc-ec2682d04dd9",
                  "isHook": false,
                  "skipped": false
                },
                {
                  "title": "shows the sentiment score",
                  "fullTitle": "Dashboard Page Brand Health shows the sentiment score",
                  "timedOut": null,
                  "duration": 10690,
                  "state": "failed",
                  "speed": null,
                  "pass": false,
                  "fail": true,
                  "pending": false,
                  "context": null,
                  "code": "cy.contains('Sentiment Score').should('exist');\ncy.contains('Positive Score').should('exist');",
                  "err": {
                    "message": "AssertionError: Timed out retrying after 10000ms: Expected to find content: 'Sentiment Score' but never did.",
                    "estack": "AssertionError: Timed out retrying after 10000ms: Expected to find content: 'Sentiment Score' but never did.\n    at Context.eval (webpack://my-project/./config/cypress/e2e/dashboard/index.cy.js:147:37)",
                    "diff": null
                  },
                  "uuid": "f74fe766-9afb-47dd-987c-0feccb9b8793",
                  "parentUUID": "5367cae7-ffa9-401a-8dfc-ec2682d04dd9",
                  "isHook": false,
                  "skipped": false
                },
                {
                  "title": "contains visualizations",
                  "fullTitle": "Dashboard Page Brand Health contains visualizations",
                  "timedOut": null,
                  "duration": 529,
                  "state": "passed",
                  "speed": "fast",
                  "pass": true,
                  "fail": false,
                  "pending": false,
                  "context": null,
                  "code": "// Find charts or graph elements\ncy.get('svg').should('exist');",
                  "err": {},
                  "uuid": "c13337c3-d5a8-4644-ae10-dc30fba0fc3c",
                  "parentUUID": "5367cae7-ffa9-401a-8dfc-ec2682d04dd9",
                  "isHook": false,
                  "skipped": false
                }
              ],
              "suites": [],
              "passes": ["c13337c3-d5a8-4644-ae10-dc30fba0fc3c"],
              "failures": [
                "07d74d37-47c5-42b3-9bc3-3f0a31c448c0",
                "f74fe766-9afb-47dd-987c-0feccb9b8793"
              ],
              "pending": [],
              "skipped": [],
              "duration": 21901,
              "root": false,
              "rootEmpty": false,
              "_timeout": 2000
            },
            {
              "uuid": "f8d736f8-4f88-44d5-a414-7f84bd8284ec",
              "title": "Dashboard Interactivity",
              "fullFile": "",
              "file": "",
              "beforeHooks": [],
              "afterHooks": [],
              "tests": [
                {
                  "title": "updates timeframe when filter changes",
                  "fullTitle": "Dashboard Page Dashboard Interactivity updates timeframe when filter changes",
                  "timedOut": null,
                  "duration": 10567,
                  "state": "failed",
                  "speed": null,
                  "pass": false,
                  "fail": true,
                  "pending": false,
                  "context": null,
                  "code": "cy.get('select').select('Last 90 days');\n// We can't fully test data changes, but we can verify the selection changed\ncy.get('select').should('have.value', 'Last 90 days');",
                  "err": {
                    "message": "AssertionError: Timed out retrying after 10000ms: Expected to find element: `select`, but never found it.",
                    "estack": "AssertionError: Timed out retrying after 10000ms: Expected to find element: `select`, but never found it.\n    at Context.eval (webpack://my-project/./config/cypress/e2e/dashboard/index.cy.js:160:9)",
                    "diff": null
                  },
                  "uuid": "b49c962e-325d-4d03-a5f0-729b313a3d20",
                  "parentUUID": "f8d736f8-4f88-44d5-a414-7f84bd8284ec",
                  "isHook": false,
                  "skipped": false
                },
                {
                  "title": "shows tooltips on hover of charts",
                  "fullTitle": "Dashboard Page Dashboard Interactivity shows tooltips on hover of charts",
                  "timedOut": null,
                  "duration": 10623,
                  "state": "failed",
                  "speed": null,
                  "pass": false,
                  "fail": true,
                  "pending": false,
                  "context": null,
                  "code": "// Find a chart and trigger hover event\ncy.get('[data-cy=\"chart-card\"]').first().within(() => {\n  cy.get('svg').first().trigger('mouseover');\n  // Tooltip should appear (but might not in headless mode)\n});",
                  "err": {
                    "message": "AssertionError: Timed out retrying after 10000ms: Expected to find element: `[data-cy=\"chart-card\"]`, but never found it.",
                    "estack": "AssertionError: Timed out retrying after 10000ms: Expected to find element: `[data-cy=\"chart-card\"]`, but never found it.\n    at Context.eval (webpack://my-project/./config/cypress/e2e/dashboard/index.cy.js:167:9)",
                    "diff": null
                  },
                  "uuid": "844467fc-69aa-4bd2-ac9c-96e3af12069d",
                  "parentUUID": "f8d736f8-4f88-44d5-a414-7f84bd8284ec",
                  "isHook": false,
                  "skipped": false
                }
              ],
              "suites": [],
              "passes": [],
              "failures": [
                "b49c962e-325d-4d03-a5f0-729b313a3d20",
                "844467fc-69aa-4bd2-ac9c-96e3af12069d"
              ],
              "pending": [],
              "skipped": [],
              "duration": 21190,
              "root": false,
              "rootEmpty": false,
              "_timeout": 2000
            }
          ],
          "passes": [],
          "failures": [],
          "pending": [],
          "skipped": [],
          "duration": 0,
          "root": false,
          "rootEmpty": false,
          "_timeout": 2000
        }
      ],
      "passes": [],
      "failures": [],
      "pending": [],
      "skipped": [],
      "duration": 0,
      "root": true,
      "rootEmpty": true,
      "_timeout": 2000
    }
  ],
  "meta": {
    "mocha": {
      "version": "7.2.0"
    },
    "mochawesome": {
      "options": {
        "quiet": false,
        "reportFilename": "mochawesome",
        "saveHtml": false,
        "saveJson": true,
        "consoleReporter": "spec",
        "useInlineDiffs": false,
        "code": true
      },
      "version": "7.1.3"
    },
    "marge": {
      "options": {
        "reportDir": "config/cypress/reports",
        "overwrite": false,
        "html": false,
        "json": true,
        "timestamp": "mmddyyyy_HHMMss"
      },
      "version": "6.2.0"
    }
  }
}
