{
  "stats": {
    "suites": 1,
    "tests": 1,
    "passes": 1,
    "pending": 0,
    "failures": 0,
    "start": "2025-05-24T12:30:03.650Z",
    "end": "2025-05-24T12:30:07.230Z",
    "duration": 3580,
    "testsRegistered": 1,
    "passPercent": 100,
    "pendingPercent": 0,
    "other": 0,
    "hasOther": false,
    "skipped": 0,
    "hasSkipped": false
  },
  "results": [
    {
      "uuid": "be60abb3-ce95-4e0d-abd4-149d2d847123",
      "title": "",
      "fullFile": "config/cypress/e2e/auth/signin.cy.js",
      "file": "config/cypress/e2e/auth/signin.cy.js",
      "beforeHooks": [],
      "afterHooks": [],
      "tests": [],
      "suites": [
        {
          "uuid": "c2c9de74-a4f1-466d-9ea9-cbed8807157a",
          "title": "Auth Flow",
          "fullFile": "",
          "file": "",
          "beforeHooks": [],
          "afterHooks": [],
          "tests": [
            {
              "title": "loads the auth page",
              "fullTitle": "Auth Flow loads the auth page",
              "timedOut": null,
              "duration": 3530,
              "state": "passed",
              "speed": "fast",
              "pass": true,
              "fail": false,
              "pending": false,
              "context": null,
              "code": "cy.visit('/auth/signin', {\n  failOnStatusCode: false\n});\ncy.get('body').should('exist');",
              "err": {},
              "uuid": "20bf8db0-683b-4085-9a86-cd83c15d0fae",
              "parentUUID": "c2c9de74-a4f1-466d-9ea9-cbed8807157a",
              "isHook": false,
              "skipped": false
            }
          ],
          "suites": [],
          "passes": ["20bf8db0-683b-4085-9a86-cd83c15d0fae"],
          "failures": [],
          "pending": [],
          "skipped": [],
          "duration": 3530,
          "root": false,
          "rootEmpty": false,
          "_timeout": 2000
        }
      ],
      "passes": [],
      "failures": [],
      "pending": [],
      "skipped": [],
      "duration": 0,
      "root": true,
      "rootEmpty": true,
      "_timeout": 2000
    }
  ],
  "meta": {
    "mocha": {
      "version": "7.2.0"
    },
    "mochawesome": {
      "options": {
        "quiet": false,
        "reportFilename": "mochawesome",
        "saveHtml": false,
        "saveJson": true,
        "consoleReporter": "spec",
        "useInlineDiffs": false,
        "code": true
      },
      "version": "7.1.3"
    },
    "marge": {
      "options": {
        "reportDir": "config/cypress/reports",
        "overwrite": false,
        "html": false,
        "json": true,
        "timestamp": "mmddyyyy_HHMMss"
      },
      "version": "6.2.0"
    }
  }
}
