{
  "stats": {
    "suites": 1,
    "tests": 4,
    "passes": 4,
    "pending": 0,
    "failures": 0,
    "start": "2025-05-23T13:34:07.540Z",
    "end": "2025-05-23T13:34:10.082Z",
    "duration": 2542,
    "testsRegistered": 4,
    "passPercent": 100,
    "pendingPercent": 0,
    "other": 0,
    "hasOther": false,
    "skipped": 0,
    "hasSkipped": false
  },
  "results": [
    {
      "uuid": "4b47b0fd-dc9b-4fde-b655-6c47d6d8e27f",
      "title": "",
      "fullFile": "config/cypress/e2e/shared/basic-functionality.cy.js",
      "file": "config/cypress/e2e/shared/basic-functionality.cy.js",
      "beforeHooks": [],
      "afterHooks": [],
      "tests": [],
      "suites": [
        {
          "uuid": "9c8695a5-239b-4af5-9237-8bcc71fc552d",
          "title": "Basic Application Functionality",
          "fullFile": "",
          "file": "",
          "beforeHooks": [],
          "afterHooks": [],
          "tests": [
            {
              "title": "should load the sign-in page successfully",
              "fullTitle": "Basic Application Functionality should load the sign-in page successfully",
              "timedOut": null,
              "duration": 902,
              "state": "passed",
              "speed": "fast",
              "pass": true,
              "fail": false,
              "pending": false,
              "context": null,
              "code": "cy.log('Testing basic page loading functionality');\n// Visit sign-in page (public route)\ncy.visit('/sign-in');\n// Verify page loads\ncy.url().should('include', '/sign-in');\n// Check if Clerk sign-in form loads\ncy.get('body').should('be.visible');\n// Log success\ncy.log('✅ Sign-in page loaded successfully');",
              "err": {},
              "uuid": "e2f9501a-69b7-4f40-b4c4-0cb939210ec7",
              "parentUUID": "9c8695a5-239b-4af5-9237-8bcc71fc552d",
              "isHook": false,
              "skipped": false
            },
            {
              "title": "should redirect unauthenticated users to sign-in",
              "fullTitle": "Basic Application Functionality should redirect unauthenticated users to sign-in",
              "timedOut": null,
              "duration": 478,
              "state": "passed",
              "speed": "fast",
              "pass": true,
              "fail": false,
              "pending": false,
              "context": null,
              "code": "cy.log('Testing authentication middleware protection');\n// Try to visit protected route\ncy.visit('/dashboard');\n// Should be redirected to sign-in\ncy.url({\n  timeout: 10000\n}).should('include', '/sign-in');\n// Log success\ncy.log('✅ Authentication middleware working correctly');",
              "err": {},
              "uuid": "7d1116d1-61d7-467e-acad-45b99c9bd9be",
              "parentUUID": "9c8695a5-239b-4af5-9237-8bcc71fc552d",
              "isHook": false,
              "skipped": false
            },
            {
              "title": "should have basic performance within budget",
              "fullTitle": "Basic Application Functionality should have basic performance within budget",
              "timedOut": null,
              "duration": 528,
              "state": "passed",
              "speed": "fast",
              "pass": true,
              "fail": false,
              "pending": false,
              "context": null,
              "code": "cy.log('Testing basic performance');\n// Test performance of public page\ncy.visit('/sign-in', {\n  onBeforeLoad: win => {\n    win.performance.mark('start');\n  },\n  onLoad: win => {\n    win.performance.mark('end');\n    win.performance.measure('page-load', 'start', 'end');\n  }\n});\n// Check performance\ncy.window().then(win => {\n  const measure = win.performance.getEntriesByName('page-load')[0];\n  if (measure) {\n    const loadTime = Math.round(measure.duration);\n    cy.log(`Page load time: ${loadTime}ms`);\n    // Assert reasonable load time (10 seconds max for first load)\n    expect(loadTime).to.be.lessThan(10000);\n  }\n});\n// Log success\ncy.log('✅ Performance test passed');",
              "err": {},
              "uuid": "82394607-fa78-48c4-b065-0253e9f28cb5",
              "parentUUID": "9c8695a5-239b-4af5-9237-8bcc71fc552d",
              "isHook": false,
              "skipped": false
            },
            {
              "title": "should test custom commands work",
              "fullTitle": "Basic Application Functionality should test custom commands work",
              "timedOut": null,
              "duration": 479,
              "state": "passed",
              "speed": "fast",
              "pass": true,
              "fail": false,
              "pending": false,
              "context": null,
              "code": "cy.log('Testing custom Cypress commands');\n// Test navigation command\ncy.visit('/sign-in');\n// Test if our enhanced waiting works\ncy.get('body').should('be.visible');\n// Test console error checking (should pass on sign-in page)\ncy.window().then(win => {\n  // Just check that console exists\n  expect(win.console).to.exist;\n});\n// Log success\ncy.log('✅ Custom commands working');",
              "err": {},
              "uuid": "72fd162c-9769-4912-880c-299b4c35127d",
              "parentUUID": "9c8695a5-239b-4af5-9237-8bcc71fc552d",
              "isHook": false,
              "skipped": false
            }
          ],
          "suites": [],
          "passes": [
            "e2f9501a-69b7-4f40-b4c4-0cb939210ec7",
            "7d1116d1-61d7-467e-acad-45b99c9bd9be",
            "82394607-fa78-48c4-b065-0253e9f28cb5",
            "72fd162c-9769-4912-880c-299b4c35127d"
          ],
          "failures": [],
          "pending": [],
          "skipped": [],
          "duration": 2387,
          "root": false,
          "rootEmpty": false,
          "_timeout": 2000
        }
      ],
      "passes": [],
      "failures": [],
      "pending": [],
      "skipped": [],
      "duration": 0,
      "root": true,
      "rootEmpty": true,
      "_timeout": 2000
    }
  ],
  "meta": {
    "mocha": {
      "version": "7.2.0"
    },
    "mochawesome": {
      "options": {
        "quiet": false,
        "reportFilename": "mochawesome",
        "saveHtml": false,
        "saveJson": true,
        "consoleReporter": "spec",
        "useInlineDiffs": false,
        "code": true
      },
      "version": "7.1.3"
    },
    "marge": {
      "options": {
        "reportDir": "config/cypress/reports",
        "overwrite": false,
        "html": false,
        "json": true,
        "timestamp": "mmddyyyy_HHMMss"
      },
      "version": "6.2.0"
    }
  }
}
