{
  "stats": {
    "suites": 7,
    "tests": 7,
    "passes": 6,
    "pending": 0,
    "failures": 1,
    "start": "2025-05-24T09:40:26.805Z",
    "end": "2025-05-24T09:41:08.799Z",
    "duration": 41994,
    "testsRegistered": 7,
    "passPercent": 85.71428571428571,
    "pendingPercent": 0,
    "other": 0,
    "hasOther": false,
    "skipped": 0,
    "hasSkipped": false
  },
  "results": [
    {
      "uuid": "6c9657c3-d263-480a-a334-140b6905806f",
      "title": "",
      "fullFile": "config/cypress/e2e/shared/data-cy-attributes.cy.js",
      "file": "config/cypress/e2e/shared/data-cy-attributes.cy.js",
      "beforeHooks": [],
      "afterHooks": [],
      "tests": [],
      "suites": [
        {
          "uuid": "16457d4b-d7a1-4989-9858-e4c830a68437",
          "title": "Data-cy Attributes Verification",
          "fullFile": "",
          "file": "",
          "beforeHooks": [],
          "afterHooks": [],
          "tests": [],
          "suites": [
            {
              "uuid": "2d4435b1-f698-407a-8151-d2c76b845647",
              "title": "Authentication and Navigation",
              "fullFile": "",
              "file": "",
              "beforeHooks": [],
              "afterHooks": [],
              "tests": [
                {
                  "title": "should find authentication page elements",
                  "fullTitle": "Data-cy Attributes Verification Authentication and Navigation should find authentication page elements",
                  "timedOut": null,
                  "duration": 3029,
                  "state": "passed",
                  "speed": "fast",
                  "pass": true,
                  "fail": false,
                  "pending": false,
                  "context": null,
                  "code": "// Note: Clerk components may not have data-cy attributes directly\n// but we can verify the page loads correctly\ncy.url().should('include', '/sign-in');",
                  "err": {},
                  "uuid": "832d86a7-02a9-4278-9094-65babaf28f29",
                  "parentUUID": "2d4435b1-f698-407a-8151-d2c76b845647",
                  "isHook": false,
                  "skipped": false
                },
                {
                  "title": "should find header elements when authenticated",
                  "fullTitle": "Data-cy Attributes Verification Authentication and Navigation should find header elements when authenticated",
                  "timedOut": null,
                  "duration": 11028,
                  "state": "failed",
                  "speed": null,
                  "pass": false,
                  "fail": true,
                  "pending": false,
                  "context": null,
                  "code": "// For now, let's test what we can access without full authentication\ncy.visit('/dashboard', {\n  failOnStatusCode: false\n});\n// Test header elements that should be present\ncy.get('[data-cy=\"main-header\"]').should('exist');",
                  "err": {
                    "message": "AssertionError: Timed out retrying after 10000ms: Expected to find element: `[data-cy=\"main-header\"]`, but never found it.",
                    "estack": "AssertionError: Timed out retrying after 10000ms: Expected to find element: `[data-cy=\"main-header\"]`, but never found it.\n    at Context.eval (webpack://my-project/./config/cypress/e2e/shared/data-cy-attributes.cy.js:28:46)",
                    "diff": null
                  },
                  "uuid": "22a1386c-421f-4697-9c1c-5d45c38cc145",
                  "parentUUID": "2d4435b1-f698-407a-8151-d2c76b845647",
                  "isHook": false,
                  "skipped": false
                }
              ],
              "suites": [],
              "passes": ["832d86a7-02a9-4278-9094-65babaf28f29"],
              "failures": ["22a1386c-421f-4697-9c1c-5d45c38cc145"],
              "pending": [],
              "skipped": [],
              "duration": 14057,
              "root": false,
              "rootEmpty": false,
              "_timeout": 2000
            },
            {
              "uuid": "fa86cc52-fa0d-4e26-a09d-e8df726338df",
              "title": "Dashboard Elements",
              "fullFile": "",
              "file": "",
              "beforeHooks": [],
              "afterHooks": [],
              "tests": [
                {
                  "title": "should find dashboard components when accessible",
                  "fullTitle": "Data-cy Attributes Verification Dashboard Elements should find dashboard components when accessible",
                  "timedOut": null,
                  "duration": 887,
                  "state": "passed",
                  "speed": "fast",
                  "pass": true,
                  "fail": false,
                  "pending": false,
                  "context": null,
                  "code": "// Attempt to visit dashboard (may redirect to sign-in)\ncy.visit('/dashboard', {\n  failOnStatusCode: false\n});\n// Check if we're redirected to sign-in\ncy.url().then(url => {\n  if (url.includes('/sign-in')) {\n    cy.log('Redirected to sign-in as expected for unauthenticated user');\n  } else {\n    // If somehow we're on dashboard, test the data-cy attributes\n    cy.get('[data-cy=\"dashboard-content\"]').should('exist');\n    cy.get('[data-cy=\"dashboard-header\"]').should('exist');\n    cy.get('[data-cy=\"dashboard-title\"]').should('exist');\n  }\n});",
                  "err": {},
                  "uuid": "e7f3adfe-85fd-444a-a48e-e8720c75deed",
                  "parentUUID": "fa86cc52-fa0d-4e26-a09d-e8df726338df",
                  "isHook": false,
                  "skipped": false
                }
              ],
              "suites": [],
              "passes": ["e7f3adfe-85fd-444a-a48e-e8720c75deed"],
              "failures": [],
              "pending": [],
              "skipped": [],
              "duration": 887,
              "root": false,
              "rootEmpty": false,
              "_timeout": 2000
            },
            {
              "uuid": "0c14a11a-9076-4c4e-b9e0-fff51e4e6074",
              "title": "Navigation Elements",
              "fullFile": "",
              "file": "",
              "beforeHooks": [],
              "afterHooks": [],
              "tests": [
                {
                  "title": "should find navigation elements",
                  "fullTitle": "Data-cy Attributes Verification Navigation Elements should find navigation elements",
                  "timedOut": null,
                  "duration": 2009,
                  "state": "passed",
                  "speed": "fast",
                  "pass": true,
                  "fail": false,
                  "pending": false,
                  "context": null,
                  "code": "// Test basic page structure that should be present\ncy.visit('/', {\n  failOnStatusCode: false\n});\n// These elements should be present on most pages\ncy.get('body').should('exist');\n// Check if header is present (it should be on most pages)\ncy.get('[data-cy=\"main-header\"]').should('exist');",
                  "err": {},
                  "uuid": "05dbdf36-aef4-4c92-90bb-6b0bde79e3e7",
                  "parentUUID": "0c14a11a-9076-4c4e-b9e0-fff51e4e6074",
                  "isHook": false,
                  "skipped": false
                }
              ],
              "suites": [],
              "passes": ["05dbdf36-aef4-4c92-90bb-6b0bde79e3e7"],
              "failures": [],
              "pending": [],
              "skipped": [],
              "duration": 2009,
              "root": false,
              "rootEmpty": false,
              "_timeout": 2000
            },
            {
              "uuid": "6c8ba909-dc00-4a13-b32d-fe79af795069",
              "title": "Search Functionality",
              "fullFile": "",
              "file": "",
              "beforeHooks": [],
              "afterHooks": [],
              "tests": [
                {
                  "title": "should find search bar elements when present",
                  "fullTitle": "Data-cy Attributes Verification Search Functionality should find search bar elements when present",
                  "timedOut": null,
                  "duration": 752,
                  "state": "passed",
                  "speed": "fast",
                  "pass": true,
                  "fail": false,
                  "pending": false,
                  "context": null,
                  "code": "cy.visit('/dashboard', {\n  failOnStatusCode: false\n});\n// Check for search elements if they exist on the page\ncy.get('body').then($body => {\n  if ($body.find('[data-cy=\"search-bar\"]').length > 0) {\n    cy.get('[data-cy=\"search-bar\"]').should('be.visible');\n    cy.get('[data-cy=\"search-input\"]').should('be.visible');\n    cy.get('[data-cy=\"search-icon\"]').should('be.visible');\n  } else {\n    cy.log('Search bar not found on this page');\n  }\n});",
                  "err": {},
                  "uuid": "d051ef4b-9914-4da1-9331-b0544921199d",
                  "parentUUID": "6c8ba909-dc00-4a13-b32d-fe79af795069",
                  "isHook": false,
                  "skipped": false
                }
              ],
              "suites": [],
              "passes": ["d051ef4b-9914-4da1-9331-b0544921199d"],
              "failures": [],
              "pending": [],
              "skipped": [],
              "duration": 752,
              "root": false,
              "rootEmpty": false,
              "_timeout": 2000
            },
            {
              "uuid": "f80afa7c-ee17-411d-a40b-ed0a563bc519",
              "title": "Button and Form Elements",
              "fullFile": "",
              "file": "",
              "beforeHooks": [],
              "afterHooks": [],
              "tests": [
                {
                  "title": "should verify button data-cy attributes work",
                  "fullTitle": "Data-cy Attributes Verification Button and Form Elements should verify button data-cy attributes work",
                  "timedOut": null,
                  "duration": 757,
                  "state": "passed",
                  "speed": "fast",
                  "pass": true,
                  "fail": false,
                  "pending": false,
                  "context": null,
                  "code": "cy.visit('/campaigns', {\n  failOnStatusCode: false\n});\n// Check if we can find campaign-related buttons\ncy.get('body').then($body => {\n  if ($body.find('[data-cy=\"new-campaign-button\"]').length > 0) {\n    cy.get('[data-cy=\"new-campaign-button\"]').should('exist');\n    cy.log('New campaign button found with data-cy attribute');\n  } else {\n    cy.log('New campaign button not accessible without authentication');\n  }\n});",
                  "err": {},
                  "uuid": "1079d8ec-0f99-4182-b7ba-697f4dfda9af",
                  "parentUUID": "f80afa7c-ee17-411d-a40b-ed0a563bc519",
                  "isHook": false,
                  "skipped": false
                }
              ],
              "suites": [],
              "passes": ["1079d8ec-0f99-4182-b7ba-697f4dfda9af"],
              "failures": [],
              "pending": [],
              "skipped": [],
              "duration": 757,
              "root": false,
              "rootEmpty": false,
              "_timeout": 2000
            },
            {
              "uuid": "ceaac5f8-92dd-4f0d-9218-0fd2ae84a46f",
              "title": "Data-cy Attribute Standards",
              "fullFile": "",
              "file": "",
              "beforeHooks": [],
              "afterHooks": [],
              "tests": [
                {
                  "title": "should verify all data-cy attributes follow naming convention",
                  "fullTitle": "Data-cy Attributes Verification Data-cy Attribute Standards should verify all data-cy attributes follow naming convention",
                  "timedOut": null,
                  "duration": 722,
                  "state": "passed",
                  "speed": "fast",
                  "pass": true,
                  "fail": false,
                  "pending": false,
                  "context": null,
                  "code": "cy.visit('/', {\n  failOnStatusCode: false\n});\n// Get all elements with data-cy attributes\ncy.get('[data-cy]').then($elements => {\n  const dataCyValues = [];\n  $elements.each((index, element) => {\n    const dataCy = element.getAttribute('data-cy');\n    if (dataCy) {\n      dataCyValues.push(dataCy);\n    }\n  });\n  // Log all found data-cy attributes\n  cy.log(`Found ${dataCyValues.length} elements with data-cy attributes`);\n  dataCyValues.forEach(value => {\n    cy.log(`data-cy=\"${value}\"`);\n    // Verify naming convention (kebab-case)\n    expect(value).to.match(/^[a-z][a-z0-9-]*[a-z0-9]$|^[a-z]$/, `data-cy=\"${value}\" should follow kebab-case convention`);\n  });\n});",
                  "err": {},
                  "uuid": "c68368d4-a138-4d57-ab59-c2a3e8beb82e",
                  "parentUUID": "ceaac5f8-92dd-4f0d-9218-0fd2ae84a46f",
                  "isHook": false,
                  "skipped": false
                }
              ],
              "suites": [],
              "passes": ["c68368d4-a138-4d57-ab59-c2a3e8beb82e"],
              "failures": [],
              "pending": [],
              "skipped": [],
              "duration": 722,
              "root": false,
              "rootEmpty": false,
              "_timeout": 2000
            }
          ],
          "passes": [],
          "failures": [],
          "pending": [],
          "skipped": [],
          "duration": 0,
          "root": false,
          "rootEmpty": false,
          "_timeout": 2000
        }
      ],
      "passes": [],
      "failures": [],
      "pending": [],
      "skipped": [],
      "duration": 0,
      "root": true,
      "rootEmpty": true,
      "_timeout": 2000
    }
  ],
  "meta": {
    "mocha": {
      "version": "7.2.0"
    },
    "mochawesome": {
      "options": {
        "quiet": false,
        "reportFilename": "mochawesome",
        "saveHtml": false,
        "saveJson": true,
        "consoleReporter": "spec",
        "useInlineDiffs": false,
        "code": true
      },
      "version": "7.1.3"
    },
    "marge": {
      "options": {
        "reportDir": "config/cypress/reports",
        "overwrite": false,
        "html": false,
        "json": true,
        "timestamp": "mmddyyyy_HHMMss"
      },
      "version": "6.2.0"
    }
  }
}
