{
  "stats": {
    "suites": 7,
    "tests": 7,
    "passes": 6,
    "pending": 0,
    "failures": 1,
    "start": "2025-05-24T09:41:34.515Z",
    "end": "2025-05-24T09:42:13.205Z",
    "duration": 38690,
    "testsRegistered": 7,
    "passPercent": 85.71428571428571,
    "pendingPercent": 0,
    "other": 0,
    "hasOther": false,
    "skipped": 0,
    "hasSkipped": false
  },
  "results": [
    {
      "uuid": "ff7eba28-0438-44d0-91c0-c7ccba114761",
      "title": "",
      "fullFile": "config/cypress/e2e/shared/data-cy-attributes.cy.js",
      "file": "config/cypress/e2e/shared/data-cy-attributes.cy.js",
      "beforeHooks": [],
      "afterHooks": [],
      "tests": [],
      "suites": [
        {
          "uuid": "3b46972f-da59-4ac0-afa2-745ea91277da",
          "title": "Data-cy Attributes Verification",
          "fullFile": "",
          "file": "",
          "beforeHooks": [],
          "afterHooks": [],
          "tests": [],
          "suites": [
            {
              "uuid": "d45a8d4a-9c01-4cda-8a84-d27c257f6a16",
              "title": "Authentication and Navigation",
              "fullFile": "",
              "file": "",
              "beforeHooks": [],
              "afterHooks": [],
              "tests": [
                {
                  "title": "should find authentication page elements",
                  "fullTitle": "Data-cy Attributes Verification Authentication and Navigation should find authentication page elements",
                  "timedOut": null,
                  "duration": 1136,
                  "state": "passed",
                  "speed": "fast",
                  "pass": true,
                  "fail": false,
                  "pending": false,
                  "context": null,
                  "code": "// Note: Clerk components may not have data-cy attributes directly\n// but we can verify the page loads correctly\ncy.url().should('include', '/sign-in');",
                  "err": {},
                  "uuid": "bee8f837-95dd-49c9-9c63-934c614982f8",
                  "parentUUID": "d45a8d4a-9c01-4cda-8a84-d27c257f6a16",
                  "isHook": false,
                  "skipped": false
                },
                {
                  "title": "should find header elements when authenticated",
                  "fullTitle": "Data-cy Attributes Verification Authentication and Navigation should find header elements when authenticated",
                  "timedOut": null,
                  "duration": 11106,
                  "state": "failed",
                  "speed": null,
                  "pass": false,
                  "fail": true,
                  "pending": false,
                  "context": null,
                  "code": "// Test header elements that should be present on sign-in page\ncy.visit('/sign-in');\n// Header should be present even on sign-in page\ncy.get('[data-cy=\"main-header\"]', {\n  timeout: 10000\n}).should('exist');\ncy.get('[data-cy=\"header-container\"]').should('exist');\n// Test that we can visit dashboard and either find header or get redirected\ncy.visit('/dashboard', {\n  failOnStatusCode: false\n});\ncy.url().then(url => {\n  if (url.includes('/dashboard')) {\n    // If we somehow accessed dashboard, header should exist\n    cy.get('[data-cy=\"main-header\"]').should('exist');\n  } else {\n    // If redirected to sign-in, header should still exist there\n    cy.get('[data-cy=\"main-header\"]').should('exist');\n  }\n});",
                  "err": {
                    "message": "AssertionError: Timed out retrying after 10000ms: Expected to find element: `[data-cy=\"main-header\"]`, but never found it.",
                    "estack": "AssertionError: Timed out retrying after 10000ms: Expected to find element: `[data-cy=\"main-header\"]`, but never found it.\n    at Context.eval (webpack://my-project/./config/cypress/e2e/shared/data-cy-attributes.cy.js:28:66)",
                    "diff": null
                  },
                  "uuid": "87b02eb3-123a-4a29-9c9e-92c66bb1fb06",
                  "parentUUID": "d45a8d4a-9c01-4cda-8a84-d27c257f6a16",
                  "isHook": false,
                  "skipped": false
                }
              ],
              "suites": [],
              "passes": ["bee8f837-95dd-49c9-9c63-934c614982f8"],
              "failures": ["87b02eb3-123a-4a29-9c9e-92c66bb1fb06"],
              "pending": [],
              "skipped": [],
              "duration": 12242,
              "root": false,
              "rootEmpty": false,
              "_timeout": 2000
            },
            {
              "uuid": "7c01ef77-0930-423b-b364-1086f49b3391",
              "title": "Dashboard Elements",
              "fullFile": "",
              "file": "",
              "beforeHooks": [],
              "afterHooks": [],
              "tests": [
                {
                  "title": "should find dashboard components when accessible",
                  "fullTitle": "Data-cy Attributes Verification Dashboard Elements should find dashboard components when accessible",
                  "timedOut": null,
                  "duration": 822,
                  "state": "passed",
                  "speed": "fast",
                  "pass": true,
                  "fail": false,
                  "pending": false,
                  "context": null,
                  "code": "// Attempt to visit dashboard (may redirect to sign-in)\ncy.visit('/dashboard', {\n  failOnStatusCode: false\n});\n// Check if we're redirected to sign-in\ncy.url().then(url => {\n  if (url.includes('/sign-in')) {\n    cy.log('Redirected to sign-in as expected for unauthenticated user');\n  } else {\n    // If somehow we're on dashboard, test the data-cy attributes\n    cy.get('[data-cy=\"dashboard-content\"]').should('exist');\n    cy.get('[data-cy=\"dashboard-header\"]').should('exist');\n    cy.get('[data-cy=\"dashboard-title\"]').should('exist');\n  }\n});",
                  "err": {},
                  "uuid": "29fb5842-c308-4502-89ae-68ef524043e2",
                  "parentUUID": "7c01ef77-0930-423b-b364-1086f49b3391",
                  "isHook": false,
                  "skipped": false
                }
              ],
              "suites": [],
              "passes": ["29fb5842-c308-4502-89ae-68ef524043e2"],
              "failures": [],
              "pending": [],
              "skipped": [],
              "duration": 822,
              "root": false,
              "rootEmpty": false,
              "_timeout": 2000
            },
            {
              "uuid": "b08f6bad-f71f-4887-b2f9-b693db8eacaa",
              "title": "Navigation Elements",
              "fullFile": "",
              "file": "",
              "beforeHooks": [],
              "afterHooks": [],
              "tests": [
                {
                  "title": "should find navigation elements",
                  "fullTitle": "Data-cy Attributes Verification Navigation Elements should find navigation elements",
                  "timedOut": null,
                  "duration": 727,
                  "state": "passed",
                  "speed": "fast",
                  "pass": true,
                  "fail": false,
                  "pending": false,
                  "context": null,
                  "code": "// Test basic page structure that should be present\ncy.visit('/', {\n  failOnStatusCode: false\n});\n// These elements should be present on most pages\ncy.get('body').should('exist');\n// Check if header is present (it should be on most pages)\ncy.get('[data-cy=\"main-header\"]').should('exist');",
                  "err": {},
                  "uuid": "b6b8296a-b495-4e2b-bb91-d726aceaa547",
                  "parentUUID": "b08f6bad-f71f-4887-b2f9-b693db8eacaa",
                  "isHook": false,
                  "skipped": false
                }
              ],
              "suites": [],
              "passes": ["b6b8296a-b495-4e2b-bb91-d726aceaa547"],
              "failures": [],
              "pending": [],
              "skipped": [],
              "duration": 727,
              "root": false,
              "rootEmpty": false,
              "_timeout": 2000
            },
            {
              "uuid": "41016cac-3ac3-4ef0-8a03-ef806877a57c",
              "title": "Search Functionality",
              "fullFile": "",
              "file": "",
              "beforeHooks": [],
              "afterHooks": [],
              "tests": [
                {
                  "title": "should find search bar elements when present",
                  "fullTitle": "Data-cy Attributes Verification Search Functionality should find search bar elements when present",
                  "timedOut": null,
                  "duration": 740,
                  "state": "passed",
                  "speed": "fast",
                  "pass": true,
                  "fail": false,
                  "pending": false,
                  "context": null,
                  "code": "cy.visit('/dashboard', {\n  failOnStatusCode: false\n});\n// Check for search elements if they exist on the page\ncy.get('body').then($body => {\n  if ($body.find('[data-cy=\"search-bar\"]').length > 0) {\n    cy.get('[data-cy=\"search-bar\"]').should('be.visible');\n    cy.get('[data-cy=\"search-input\"]').should('be.visible');\n    cy.get('[data-cy=\"search-icon\"]').should('be.visible');\n  } else {\n    cy.log('Search bar not found on this page');\n  }\n});",
                  "err": {},
                  "uuid": "97b8aafe-e097-4df3-973a-007dcac0df2d",
                  "parentUUID": "41016cac-3ac3-4ef0-8a03-ef806877a57c",
                  "isHook": false,
                  "skipped": false
                }
              ],
              "suites": [],
              "passes": ["97b8aafe-e097-4df3-973a-007dcac0df2d"],
              "failures": [],
              "pending": [],
              "skipped": [],
              "duration": 740,
              "root": false,
              "rootEmpty": false,
              "_timeout": 2000
            },
            {
              "uuid": "5ed3046c-e2ae-4856-b996-4bab50ef219d",
              "title": "Button and Form Elements",
              "fullFile": "",
              "file": "",
              "beforeHooks": [],
              "afterHooks": [],
              "tests": [
                {
                  "title": "should verify button data-cy attributes work",
                  "fullTitle": "Data-cy Attributes Verification Button and Form Elements should verify button data-cy attributes work",
                  "timedOut": null,
                  "duration": 679,
                  "state": "passed",
                  "speed": "fast",
                  "pass": true,
                  "fail": false,
                  "pending": false,
                  "context": null,
                  "code": "cy.visit('/campaigns', {\n  failOnStatusCode: false\n});\n// Check if we can find campaign-related buttons\ncy.get('body').then($body => {\n  if ($body.find('[data-cy=\"new-campaign-button\"]').length > 0) {\n    cy.get('[data-cy=\"new-campaign-button\"]').should('exist');\n    cy.log('New campaign button found with data-cy attribute');\n  } else {\n    cy.log('New campaign button not accessible without authentication');\n  }\n});",
                  "err": {},
                  "uuid": "1041b5bd-9a0a-4284-9c7f-3591eaffd697",
                  "parentUUID": "5ed3046c-e2ae-4856-b996-4bab50ef219d",
                  "isHook": false,
                  "skipped": false
                }
              ],
              "suites": [],
              "passes": ["1041b5bd-9a0a-4284-9c7f-3591eaffd697"],
              "failures": [],
              "pending": [],
              "skipped": [],
              "duration": 679,
              "root": false,
              "rootEmpty": false,
              "_timeout": 2000
            },
            {
              "uuid": "f9c428f9-c1bf-4b69-baba-c869fb2cf469",
              "title": "Data-cy Attribute Standards",
              "fullFile": "",
              "file": "",
              "beforeHooks": [],
              "afterHooks": [],
              "tests": [
                {
                  "title": "should verify all data-cy attributes follow naming convention",
                  "fullTitle": "Data-cy Attributes Verification Data-cy Attribute Standards should verify all data-cy attributes follow naming convention",
                  "timedOut": null,
                  "duration": 703,
                  "state": "passed",
                  "speed": "fast",
                  "pass": true,
                  "fail": false,
                  "pending": false,
                  "context": null,
                  "code": "cy.visit('/', {\n  failOnStatusCode: false\n});\n// Get all elements with data-cy attributes\ncy.get('[data-cy]').then($elements => {\n  const dataCyValues = [];\n  $elements.each((index, element) => {\n    const dataCy = element.getAttribute('data-cy');\n    if (dataCy) {\n      dataCyValues.push(dataCy);\n    }\n  });\n  // Log all found data-cy attributes\n  cy.log(`Found ${dataCyValues.length} elements with data-cy attributes`);\n  dataCyValues.forEach(value => {\n    cy.log(`data-cy=\"${value}\"`);\n    // Verify naming convention (kebab-case)\n    expect(value).to.match(/^[a-z][a-z0-9-]*[a-z0-9]$|^[a-z]$/, `data-cy=\"${value}\" should follow kebab-case convention`);\n  });\n});",
                  "err": {},
                  "uuid": "9d3a444d-c407-42da-8ae8-bdc17c58eeb0",
                  "parentUUID": "f9c428f9-c1bf-4b69-baba-c869fb2cf469",
                  "isHook": false,
                  "skipped": false
                }
              ],
              "suites": [],
              "passes": ["9d3a444d-c407-42da-8ae8-bdc17c58eeb0"],
              "failures": [],
              "pending": [],
              "skipped": [],
              "duration": 703,
              "root": false,
              "rootEmpty": false,
              "_timeout": 2000
            }
          ],
          "passes": [],
          "failures": [],
          "pending": [],
          "skipped": [],
          "duration": 0,
          "root": false,
          "rootEmpty": false,
          "_timeout": 2000
        }
      ],
      "passes": [],
      "failures": [],
      "pending": [],
      "skipped": [],
      "duration": 0,
      "root": true,
      "rootEmpty": true,
      "_timeout": 2000
    }
  ],
  "meta": {
    "mocha": {
      "version": "7.2.0"
    },
    "mochawesome": {
      "options": {
        "quiet": false,
        "reportFilename": "mochawesome",
        "saveHtml": false,
        "saveJson": true,
        "consoleReporter": "spec",
        "useInlineDiffs": false,
        "code": true
      },
      "version": "7.1.3"
    },
    "marge": {
      "options": {
        "reportDir": "config/cypress/reports",
        "overwrite": false,
        "html": false,
        "json": true,
        "timestamp": "mmddyyyy_HHMMss"
      },
      "version": "6.2.0"
    }
  }
}
