{
  "stats": {
    "suites": 7,
    "tests": 7,
    "passes": 7,
    "pending": 0,
    "failures": 0,
    "start": "2025-05-24T10:00:11.176Z",
    "end": "2025-05-24T10:00:17.554Z",
    "duration": 6378,
    "testsRegistered": 7,
    "passPercent": 100,
    "pendingPercent": 0,
    "other": 0,
    "hasOther": false,
    "skipped": 0,
    "hasSkipped": false
  },
  "results": [
    {
      "uuid": "e67ddad3-907c-4504-b981-4f8ff6dc9ffc",
      "title": "",
      "fullFile": "config/cypress/e2e/shared/data-cy-attributes.cy.js",
      "file": "config/cypress/e2e/shared/data-cy-attributes.cy.js",
      "beforeHooks": [],
      "afterHooks": [],
      "tests": [],
      "suites": [
        {
          "uuid": "536e68b2-86ee-4696-a8bf-dec98e2ada67",
          "title": "Data-cy Attributes Verification",
          "fullFile": "",
          "file": "",
          "beforeHooks": [],
          "afterHooks": [],
          "tests": [],
          "suites": [
            {
              "uuid": "29f29b6b-3e0a-4dbe-8231-2e35958d156f",
              "title": "Authentication and Navigation",
              "fullFile": "",
              "file": "",
              "beforeHooks": [],
              "afterHooks": [],
              "tests": [
                {
                  "title": "should find authentication page elements",
                  "fullTitle": "Data-cy Attributes Verification Authentication and Navigation should find authentication page elements",
                  "timedOut": null,
                  "duration": 734,
                  "state": "passed",
                  "speed": "fast",
                  "pass": true,
                  "fail": false,
                  "pending": false,
                  "context": null,
                  "code": "// Note: Clerk components may not have data-cy attributes directly\n// but we can verify the page loads correctly\ncy.url().should('include', '/sign-in');",
                  "err": {},
                  "uuid": "7aa7256d-d876-4d6c-a8ba-687630fd146e",
                  "parentUUID": "29f29b6b-3e0a-4dbe-8231-2e35958d156f",
                  "isHook": false,
                  "skipped": false
                },
                {
                  "title": "should find header elements when authenticated",
                  "fullTitle": "Data-cy Attributes Verification Authentication and Navigation should find header elements when authenticated",
                  "timedOut": null,
                  "duration": 923,
                  "state": "passed",
                  "speed": "fast",
                  "pass": true,
                  "fail": false,
                  "pending": false,
                  "context": null,
                  "code": "// Auth pages use a custom layout without the main header\n// Let's test a non-auth page that should have the header\ncy.visit('/', {\n  failOnStatusCode: false\n});\n// Check if header exists on root page\ncy.get('body').then($body => {\n  if ($body.find('[data-cy=\"main-header\"]').length > 0) {\n    cy.get('[data-cy=\"main-header\"]').should('exist');\n    cy.get('[data-cy=\"header-container\"]').should('exist');\n    cy.log('Header found on root page');\n  } else {\n    // Try dashboard page (might redirect to auth)\n    cy.visit('/dashboard', {\n      failOnStatusCode: false\n    });\n    cy.url().then(url => {\n      if (url.includes('/dashboard')) {\n        // If we can access dashboard, header should exist\n        cy.get('[data-cy=\"main-header\"]').should('exist');\n        cy.log('Header found on dashboard page');\n      } else {\n        // Auth pages have different layout, so we just log and pass\n        cy.log('Redirected to auth page - auth pages use custom layout without main header');\n      }\n    });\n  }\n});",
                  "err": {},
                  "uuid": "ed40a407-9f6b-4a85-a1ea-f9e948b497ae",
                  "parentUUID": "29f29b6b-3e0a-4dbe-8231-2e35958d156f",
                  "isHook": false,
                  "skipped": false
                }
              ],
              "suites": [],
              "passes": [
                "7aa7256d-d876-4d6c-a8ba-687630fd146e",
                "ed40a407-9f6b-4a85-a1ea-f9e948b497ae"
              ],
              "failures": [],
              "pending": [],
              "skipped": [],
              "duration": 1657,
              "root": false,
              "rootEmpty": false,
              "_timeout": 2000
            },
            {
              "uuid": "c7f318a1-6f6e-41ce-9ef7-7dfbd94b01bc",
              "title": "Dashboard Elements",
              "fullFile": "",
              "file": "",
              "beforeHooks": [],
              "afterHooks": [],
              "tests": [
                {
                  "title": "should find dashboard components when accessible",
                  "fullTitle": "Data-cy Attributes Verification Dashboard Elements should find dashboard components when accessible",
                  "timedOut": null,
                  "duration": 889,
                  "state": "passed",
                  "speed": "fast",
                  "pass": true,
                  "fail": false,
                  "pending": false,
                  "context": null,
                  "code": "// Attempt to visit dashboard (may redirect to sign-in)\ncy.visit('/dashboard', {\n  failOnStatusCode: false\n});\n// Check if we're redirected to sign-in\ncy.url().then(url => {\n  if (url.includes('/sign-in')) {\n    cy.log('Redirected to sign-in as expected for unauthenticated user');\n  } else {\n    // If somehow we're on dashboard, test the data-cy attributes\n    cy.get('[data-cy=\"dashboard-content\"]').should('exist');\n    cy.get('[data-cy=\"dashboard-header\"]').should('exist');\n    cy.get('[data-cy=\"dashboard-title\"]').should('exist');\n  }\n});",
                  "err": {},
                  "uuid": "810cdffe-c2e0-4a83-bb7a-31b10b5adeb0",
                  "parentUUID": "c7f318a1-6f6e-41ce-9ef7-7dfbd94b01bc",
                  "isHook": false,
                  "skipped": false
                }
              ],
              "suites": [],
              "passes": ["810cdffe-c2e0-4a83-bb7a-31b10b5adeb0"],
              "failures": [],
              "pending": [],
              "skipped": [],
              "duration": 889,
              "root": false,
              "rootEmpty": false,
              "_timeout": 2000
            },
            {
              "uuid": "aa6cac42-5555-46f8-bf9e-4a2b9b4047e5",
              "title": "Navigation Elements",
              "fullFile": "",
              "file": "",
              "beforeHooks": [],
              "afterHooks": [],
              "tests": [
                {
                  "title": "should find navigation elements",
                  "fullTitle": "Data-cy Attributes Verification Navigation Elements should find navigation elements",
                  "timedOut": null,
                  "duration": 876,
                  "state": "passed",
                  "speed": "fast",
                  "pass": true,
                  "fail": false,
                  "pending": false,
                  "context": null,
                  "code": "// Test basic page structure that should be present\ncy.visit('/', {\n  failOnStatusCode: false\n});\n// These elements should be present on most pages\ncy.get('body').should('exist');\n// Check if header is present (it should be on most pages)\ncy.get('[data-cy=\"main-header\"]').should('exist');",
                  "err": {},
                  "uuid": "df6b5381-97e7-4129-bbd0-394b0578cb44",
                  "parentUUID": "aa6cac42-5555-46f8-bf9e-4a2b9b4047e5",
                  "isHook": false,
                  "skipped": false
                }
              ],
              "suites": [],
              "passes": ["df6b5381-97e7-4129-bbd0-394b0578cb44"],
              "failures": [],
              "pending": [],
              "skipped": [],
              "duration": 876,
              "root": false,
              "rootEmpty": false,
              "_timeout": 2000
            },
            {
              "uuid": "b600e967-f2e5-4ff7-a008-256021a433f1",
              "title": "Search Functionality",
              "fullFile": "",
              "file": "",
              "beforeHooks": [],
              "afterHooks": [],
              "tests": [
                {
                  "title": "should find search bar elements when present",
                  "fullTitle": "Data-cy Attributes Verification Search Functionality should find search bar elements when present",
                  "timedOut": null,
                  "duration": 920,
                  "state": "passed",
                  "speed": "fast",
                  "pass": true,
                  "fail": false,
                  "pending": false,
                  "context": null,
                  "code": "cy.visit('/dashboard', {\n  failOnStatusCode: false\n});\n// Check for search elements if they exist on the page\ncy.get('body').then($body => {\n  if ($body.find('[data-cy=\"search-bar\"]').length > 0) {\n    cy.get('[data-cy=\"search-bar\"]').should('be.visible');\n    cy.get('[data-cy=\"search-input\"]').should('be.visible');\n    cy.get('[data-cy=\"search-icon\"]').should('be.visible');\n  } else {\n    cy.log('Search bar not found on this page');\n  }\n});",
                  "err": {},
                  "uuid": "d08ff40d-2417-4731-a537-59b5b96ced73",
                  "parentUUID": "b600e967-f2e5-4ff7-a008-256021a433f1",
                  "isHook": false,
                  "skipped": false
                }
              ],
              "suites": [],
              "passes": ["d08ff40d-2417-4731-a537-59b5b96ced73"],
              "failures": [],
              "pending": [],
              "skipped": [],
              "duration": 920,
              "root": false,
              "rootEmpty": false,
              "_timeout": 2000
            },
            {
              "uuid": "2af7689a-275d-41ff-af0e-465f1b2c23c2",
              "title": "Button and Form Elements",
              "fullFile": "",
              "file": "",
              "beforeHooks": [],
              "afterHooks": [],
              "tests": [
                {
                  "title": "should verify button data-cy attributes work",
                  "fullTitle": "Data-cy Attributes Verification Button and Form Elements should verify button data-cy attributes work",
                  "timedOut": null,
                  "duration": 843,
                  "state": "passed",
                  "speed": "fast",
                  "pass": true,
                  "fail": false,
                  "pending": false,
                  "context": null,
                  "code": "cy.visit('/campaigns', {\n  failOnStatusCode: false\n});\n// Check if we can find campaign-related buttons\ncy.get('body').then($body => {\n  if ($body.find('[data-cy=\"new-campaign-button\"]').length > 0) {\n    cy.get('[data-cy=\"new-campaign-button\"]').should('exist');\n    cy.log('New campaign button found with data-cy attribute');\n  } else {\n    cy.log('New campaign button not accessible without authentication');\n  }\n});",
                  "err": {},
                  "uuid": "57f351e9-5203-4112-966f-368b1c5530b7",
                  "parentUUID": "2af7689a-275d-41ff-af0e-465f1b2c23c2",
                  "isHook": false,
                  "skipped": false
                }
              ],
              "suites": [],
              "passes": ["57f351e9-5203-4112-966f-368b1c5530b7"],
              "failures": [],
              "pending": [],
              "skipped": [],
              "duration": 843,
              "root": false,
              "rootEmpty": false,
              "_timeout": 2000
            },
            {
              "uuid": "38762c49-1cf1-4f6c-91fe-d44ab22faf4d",
              "title": "Data-cy Attribute Standards",
              "fullFile": "",
              "file": "",
              "beforeHooks": [],
              "afterHooks": [],
              "tests": [
                {
                  "title": "should verify all data-cy attributes follow naming convention",
                  "fullTitle": "Data-cy Attributes Verification Data-cy Attribute Standards should verify all data-cy attributes follow naming convention",
                  "timedOut": null,
                  "duration": 905,
                  "state": "passed",
                  "speed": "fast",
                  "pass": true,
                  "fail": false,
                  "pending": false,
                  "context": null,
                  "code": "cy.visit('/', {\n  failOnStatusCode: false\n});\n// Get all elements with data-cy attributes\ncy.get('[data-cy]').then($elements => {\n  const dataCyValues = [];\n  $elements.each((index, element) => {\n    const dataCy = element.getAttribute('data-cy');\n    if (dataCy) {\n      dataCyValues.push(dataCy);\n    }\n  });\n  // Log all found data-cy attributes\n  cy.log(`Found ${dataCyValues.length} elements with data-cy attributes`);\n  dataCyValues.forEach(value => {\n    cy.log(`data-cy=\"${value}\"`);\n    // Verify naming convention (kebab-case)\n    expect(value).to.match(/^[a-z][a-z0-9-]*[a-z0-9]$|^[a-z]$/, `data-cy=\"${value}\" should follow kebab-case convention`);\n  });\n});",
                  "err": {},
                  "uuid": "1ada8595-64ca-42c9-97a5-d62cd92cd54d",
                  "parentUUID": "38762c49-1cf1-4f6c-91fe-d44ab22faf4d",
                  "isHook": false,
                  "skipped": false
                }
              ],
              "suites": [],
              "passes": ["1ada8595-64ca-42c9-97a5-d62cd92cd54d"],
              "failures": [],
              "pending": [],
              "skipped": [],
              "duration": 905,
              "root": false,
              "rootEmpty": false,
              "_timeout": 2000
            }
          ],
          "passes": [],
          "failures": [],
          "pending": [],
          "skipped": [],
          "duration": 0,
          "root": false,
          "rootEmpty": false,
          "_timeout": 2000
        }
      ],
      "passes": [],
      "failures": [],
      "pending": [],
      "skipped": [],
      "duration": 0,
      "root": true,
      "rootEmpty": true,
      "_timeout": 2000
    }
  ],
  "meta": {
    "mocha": {
      "version": "7.2.0"
    },
    "mochawesome": {
      "options": {
        "quiet": false,
        "reportFilename": "mochawesome",
        "saveHtml": false,
        "saveJson": true,
        "consoleReporter": "spec",
        "useInlineDiffs": false,
        "code": true
      },
      "version": "7.1.3"
    },
    "marge": {
      "options": {
        "reportDir": "config/cypress/reports",
        "overwrite": false,
        "html": false,
        "json": true,
        "timestamp": "mmddyyyy_HHMMss"
      },
      "version": "6.2.0"
    }
  }
}
