{
  "stats": {
    "suites": 5,
    "tests": 7,
    "passes": 3,
    "pending": 0,
    "failures": 4,
    "start": "2025-05-25T09:27:08.963Z",
    "end": "2025-05-25T09:29:19.746Z",
    "duration": 130783,
    "testsRegistered": 7,
    "passPercent": 42.857142857142854,
    "pendingPercent": 0,
    "other": 0,
    "hasOther": false,
    "skipped": 0,
    "hasSkipped": false
  },
  "results": [
    {
      "uuid": "a13cf4dd-337e-4053-b257-85a71ba0fe0f",
      "title": "",
      "fullFile": "config/cypress/e2e/auth/auth-official-clerk.cy.js",
      "file": "config/cypress/e2e/auth/auth-official-clerk.cy.js",
      "beforeHooks": [],
      "afterHooks": [],
      "tests": [],
      "suites": [
        {
          "uuid": "4ac7da44-9b93-4b8f-994e-b998409fc09b",
          "title": "Official Clerk Authentication - SSOT Reference",
          "fullFile": "",
          "file": "",
          "beforeHooks": [],
          "afterHooks": [],
          "tests": [],
          "suites": [
            {
              "uuid": "6b732543-ce6e-4612-9352-c0894ba0ee6a",
              "title": "Authenticated Route Access",
              "fullFile": "",
              "file": "",
              "beforeHooks": [],
              "afterHooks": [],
              "tests": [
                {
                  "title": "should access protected dashboard with real Clerk authentication",
                  "fullTitle": "Official Clerk Authentication - SSOT Reference Authenticated Route Access should access protected dashboard with real Clerk authentication",
                  "timedOut": null,
                  "duration": 10797,
                  "state": "failed",
                  "speed": null,
                  "pass": false,
                  "fail": true,
                  "pending": false,
                  "context": null,
                  "code": "// Visit protected route - Testing Token handles authentication automatically\ncy.visit('/dashboard');\n// Should be on dashboard, not redirected to sign-in\ncy.url().should('include', '/dashboard');\ncy.url().should('not.include', '/sign-in');\n// Wait for page to fully load\n_testHelpers.WaitUtilities.waitForPageLoad();\n// Wait for Clerk to be fully initialized\n_testHelpers.WaitUtilities.waitForAuthentication();\n// Verify authenticated UI elements are present\ncy.get('body').should('be.visible');\n// Check for dashboard-specific content\ncy.get('h1, h2, [data-cy*=\"dashboard\"], [data-testid*=\"dashboard\"]').should('exist').and('be.visible');\n// Verify we have access to protected content\n_testHelpers.AssertionHelpers.expectUrlToContain('/dashboard');",
                  "err": {
                    "message": "AssertionError: Timed out retrying after 10000ms: expected 'http://localhost:3000/sign-in?redirect_url=%2Fdashboard' to include '/dashboard'",
                    "estack": "AssertionError: Timed out retrying after 10000ms: expected 'http://localhost:3000/sign-in?redirect_url=%2Fdashboard' to include '/dashboard'\n    at Context.eval (webpack://my-project/./config/cypress/e2e/auth/auth-official-clerk.cy.js:31:21)",
                    "diff": null
                  },
                  "uuid": "2192197b-a193-4e35-a323-6553972cdf50",
                  "parentUUID": "6b732543-ce6e-4612-9352-c0894ba0ee6a",
                  "isHook": false,
                  "skipped": false
                },
                {
                  "title": "should access influencer marketplace with proper authentication",
                  "fullTitle": "Official Clerk Authentication - SSOT Reference Authenticated Route Access should access influencer marketplace with proper authentication",
                  "timedOut": null,
                  "duration": 10718,
                  "state": "failed",
                  "speed": null,
                  "pass": false,
                  "fail": true,
                  "pending": false,
                  "context": null,
                  "code": "// Visit another protected route\ncy.visit('/influencer-marketplace');\n// Should be on marketplace, not redirected\ncy.url().should('include', '/influencer-marketplace');\ncy.url().should('not.include', '/sign-in');\n// Wait for page load and authentication\n_testHelpers.WaitUtilities.waitForPageLoad();\n_testHelpers.WaitUtilities.waitForAuthentication();\n// Verify we can access the marketplace\ncy.get('body').should('be.visible');\n_testHelpers.AssertionHelpers.expectUrlToContain('/influencer-marketplace');",
                  "err": {
                    "message": "AssertionError: Timed out retrying after 10000ms: expected 'http://localhost:3000/sign-in?redirect_url=%2Finfluencer-marketplace' to include '/influencer-marketplace'",
                    "estack": "AssertionError: Timed out retrying after 10000ms: expected 'http://localhost:3000/sign-in?redirect_url=%2Finfluencer-marketplace' to include '/influencer-marketplace'\n    at Context.eval (webpack://my-project/./config/cypress/e2e/auth/auth-official-clerk.cy.js:57:21)",
                    "diff": null
                  },
                  "uuid": "06eaf08d-9ef4-4ed8-a565-261d279e1be4",
                  "parentUUID": "6b732543-ce6e-4612-9352-c0894ba0ee6a",
                  "isHook": false,
                  "skipped": false
                },
                {
                  "title": "should access settings page with authentication",
                  "fullTitle": "Official Clerk Authentication - SSOT Reference Authenticated Route Access should access settings page with authentication",
                  "timedOut": null,
                  "duration": 10698,
                  "state": "failed",
                  "speed": null,
                  "pass": false,
                  "fail": true,
                  "pending": false,
                  "context": null,
                  "code": "cy.visit('/settings');\n// Should access settings without redirect\ncy.url().should('include', '/settings');\ncy.url().should('not.include', '/sign-in');\n_testHelpers.WaitUtilities.waitForPageLoad();\n_testHelpers.WaitUtilities.waitForAuthentication();\ncy.get('body').should('be.visible');\n_testHelpers.AssertionHelpers.expectUrlToContain('/settings');",
                  "err": {
                    "message": "AssertionError: Timed out retrying after 10000ms: expected 'http://localhost:3000/sign-in?redirect_url=%2Fsettings' to include '/settings'",
                    "estack": "AssertionError: Timed out retrying after 10000ms: expected 'http://localhost:3000/sign-in?redirect_url=%2Fsettings' to include '/settings'\n    at Context.eval (webpack://my-project/./config/cypress/e2e/auth/auth-official-clerk.cy.js:73:21)",
                    "diff": null
                  },
                  "uuid": "b8fbce42-c5ba-4233-bb0c-b78dd036d82d",
                  "parentUUID": "6b732543-ce6e-4612-9352-c0894ba0ee6a",
                  "isHook": false,
                  "skipped": false
                }
              ],
              "suites": [],
              "passes": [],
              "failures": [
                "2192197b-a193-4e35-a323-6553972cdf50",
                "06eaf08d-9ef4-4ed8-a565-261d279e1be4",
                "b8fbce42-c5ba-4233-bb0c-b78dd036d82d"
              ],
              "pending": [],
              "skipped": [],
              "duration": 32213,
              "root": false,
              "rootEmpty": false,
              "_timeout": 2000
            },
            {
              "uuid": "f7d15224-eef5-4894-ad9f-d5c16fa8b6da",
              "title": "API Calls with Authentication",
              "fullFile": "",
              "file": "",
              "beforeHooks": [],
              "afterHooks": [],
              "tests": [
                {
                  "title": "should make authenticated API calls successfully",
                  "fullTitle": "Official Clerk Authentication - SSOT Reference API Calls with Authentication should make authenticated API calls successfully",
                  "timedOut": null,
                  "duration": 601,
                  "state": "passed",
                  "speed": "fast",
                  "pass": true,
                  "fail": false,
                  "pending": false,
                  "context": null,
                  "code": "cy.visit('/dashboard');\n// Wait for authentication\n_testHelpers.WaitUtilities.waitForAuthentication();\n// API calls should work with Testing Token\ncy.request({\n  method: 'GET',\n  url: '/api/dashboard',\n  failOnStatusCode: false\n}).then(response => {\n  // Should get a response (may be mocked or real)\n  expect(response.status).to.be.oneOf([200, 401, 404]);\n});",
                  "err": {},
                  "uuid": "3acb2afa-256c-4926-85ce-ba3f4162d939",
                  "parentUUID": "f7d15224-eef5-4894-ad9f-d5c16fa8b6da",
                  "isHook": false,
                  "skipped": false
                }
              ],
              "suites": [],
              "passes": ["3acb2afa-256c-4926-85ce-ba3f4162d939"],
              "failures": [],
              "pending": [],
              "skipped": [],
              "duration": 601,
              "root": false,
              "rootEmpty": false,
              "_timeout": 2000
            },
            {
              "uuid": "6cea3f4b-431f-4c73-ac70-d02002ec09db",
              "title": "Navigation Between Protected Routes",
              "fullFile": "",
              "file": "",
              "beforeHooks": [],
              "afterHooks": [],
              "tests": [
                {
                  "title": "should navigate between protected routes without re-authentication",
                  "fullTitle": "Official Clerk Authentication - SSOT Reference Navigation Between Protected Routes should navigate between protected routes without re-authentication",
                  "timedOut": null,
                  "duration": 10639,
                  "state": "failed",
                  "speed": null,
                  "pass": false,
                  "fail": true,
                  "pending": false,
                  "context": null,
                  "code": "// Start at dashboard\ncy.visit('/dashboard');\n_testHelpers.WaitUtilities.waitForAuthentication();\n_testHelpers.AssertionHelpers.expectUrlToContain('/dashboard');\n// Navigate to marketplace\ncy.visit('/influencer-marketplace');\n_testHelpers.WaitUtilities.waitForPageLoad();\n_testHelpers.AssertionHelpers.expectUrlToContain('/influencer-marketplace');\n// Navigate to settings\ncy.visit('/settings');\n_testHelpers.WaitUtilities.waitForPageLoad();\n_testHelpers.AssertionHelpers.expectUrlToContain('/settings');\n// Should maintain authentication throughout\n_testHelpers.WaitUtilities.waitForAuthentication();",
                  "err": {
                    "message": "AssertionError: Timed out retrying after 10000ms: expected 'http://localhost:3000/sign-in?redirect_url=%2Fdashboard' to include '/dashboard'",
                    "estack": "AssertionError: Timed out retrying after 10000ms: expected 'http://localhost:3000/sign-in?redirect_url=%2Fdashboard' to include '/dashboard'\n    at AssertionHelpers.expectUrlToContain (webpack://my-project/./config/cypress/support/utils/test-helpers.js:291:13)\n    at Context.eval (webpack://my-project/./config/cypress/e2e/auth/auth-official-clerk.cy.js:108:29)",
                    "diff": null
                  },
                  "uuid": "07fad47d-68d4-4b05-9117-b81b3128cad1",
                  "parentUUID": "6cea3f4b-431f-4c73-ac70-d02002ec09db",
                  "isHook": false,
                  "skipped": false
                }
              ],
              "suites": [],
              "passes": [],
              "failures": ["07fad47d-68d4-4b05-9117-b81b3128cad1"],
              "pending": [],
              "skipped": [],
              "duration": 10639,
              "root": false,
              "rootEmpty": false,
              "_timeout": 2000
            }
          ],
          "passes": [],
          "failures": [],
          "pending": [],
          "skipped": [],
          "duration": 0,
          "root": false,
          "rootEmpty": false,
          "_timeout": 2000
        },
        {
          "uuid": "8834732e-b8d5-4cd5-8e1f-d918b3625063",
          "title": "Public Route Access",
          "fullFile": "",
          "file": "",
          "beforeHooks": [],
          "afterHooks": [],
          "tests": [
            {
              "title": "should access public sign-in page without authentication",
              "fullTitle": "Public Route Access should access public sign-in page without authentication",
              "timedOut": null,
              "duration": 659,
              "state": "passed",
              "speed": "fast",
              "pass": true,
              "fail": false,
              "pending": false,
              "context": null,
              "code": "cy.visit('/sign-in');\ncy.url().should('include', '/sign-in');\ncy.get('body').should('be.visible');\n// Should show sign-in form or content\n_testHelpers.WaitUtilities.waitForPageLoad();",
              "err": {},
              "uuid": "3f289b4c-d011-416a-bcf7-3f4afbf05a70",
              "parentUUID": "8834732e-b8d5-4cd5-8e1f-d918b3625063",
              "isHook": false,
              "skipped": false
            },
            {
              "title": "should access homepage without authentication",
              "fullTitle": "Public Route Access should access homepage without authentication",
              "timedOut": null,
              "duration": 421,
              "state": "passed",
              "speed": "fast",
              "pass": true,
              "fail": false,
              "pending": false,
              "context": null,
              "code": "cy.visit('/');\ncy.url().should('not.include', '/sign-in');\ncy.get('body').should('be.visible');\n_testHelpers.WaitUtilities.waitForPageLoad();",
              "err": {},
              "uuid": "a99561e2-6aaa-41de-9ea9-5414245833bd",
              "parentUUID": "8834732e-b8d5-4cd5-8e1f-d918b3625063",
              "isHook": false,
              "skipped": false
            }
          ],
          "suites": [],
          "passes": [
            "3f289b4c-d011-416a-bcf7-3f4afbf05a70",
            "a99561e2-6aaa-41de-9ea9-5414245833bd"
          ],
          "failures": [],
          "pending": [],
          "skipped": [],
          "duration": 1080,
          "root": false,
          "rootEmpty": false,
          "_timeout": 2000
        }
      ],
      "passes": [],
      "failures": [],
      "pending": [],
      "skipped": [],
      "duration": 0,
      "root": true,
      "rootEmpty": true,
      "_timeout": 2000
    }
  ],
  "meta": {
    "mocha": {
      "version": "7.2.0"
    },
    "mochawesome": {
      "options": {
        "quiet": false,
        "reportFilename": "mochawesome",
        "saveHtml": false,
        "saveJson": true,
        "consoleReporter": "spec",
        "useInlineDiffs": false,
        "code": true
      },
      "version": "7.1.3"
    },
    "marge": {
      "options": {
        "reportDir": "config/cypress/reports",
        "overwrite": false,
        "html": false,
        "json": true,
        "timestamp": "mmddyyyy_HHMMss"
      },
      "version": "6.2.0"
    }
  }
}
