{
  "stats": {
    "suites": 1,
    "tests": 4,
    "passes": 4,
    "pending": 0,
    "failures": 0,
    "start": "2025-05-23T13:27:22.338Z",
    "end": "2025-05-23T13:27:26.626Z",
    "duration": 4288,
    "testsRegistered": 4,
    "passPercent": 100,
    "pendingPercent": 0,
    "other": 0,
    "hasOther": false,
    "skipped": 0,
    "hasSkipped": false
  },
  "results": [
    {
      "uuid": "11e9d3c6-b636-4c0e-aa57-2b63575c0de9",
      "title": "",
      "fullFile": "config/cypress/e2e/shared/basic-functionality.cy.js",
      "file": "config/cypress/e2e/shared/basic-functionality.cy.js",
      "beforeHooks": [],
      "afterHooks": [],
      "tests": [],
      "suites": [
        {
          "uuid": "9e2f415b-7978-4a16-a433-0235ab292852",
          "title": "Basic Application Functionality",
          "fullFile": "",
          "file": "",
          "beforeHooks": [],
          "afterHooks": [],
          "tests": [
            {
              "title": "should load the sign-in page successfully",
              "fullTitle": "Basic Application Functionality should load the sign-in page successfully",
              "timedOut": null,
              "duration": 1827,
              "state": "passed",
              "speed": "fast",
              "pass": true,
              "fail": false,
              "pending": false,
              "context": null,
              "code": "cy.log('Testing basic page loading functionality');\n// Visit sign-in page (public route)\ncy.visit('/sign-in');\n// Verify page loads\ncy.url().should('include', '/sign-in');\n// Check if Clerk sign-in form loads\ncy.get('body').should('be.visible');\n// Log success\ncy.log('✅ Sign-in page loaded successfully');",
              "err": {},
              "uuid": "a8418bbe-5e6b-4454-836e-fd4b3213b7d3",
              "parentUUID": "9e2f415b-7978-4a16-a433-0235ab292852",
              "isHook": false,
              "skipped": false
            },
            {
              "title": "should redirect unauthenticated users to sign-in",
              "fullTitle": "Basic Application Functionality should redirect unauthenticated users to sign-in",
              "timedOut": null,
              "duration": 690,
              "state": "passed",
              "speed": "fast",
              "pass": true,
              "fail": false,
              "pending": false,
              "context": null,
              "code": "cy.log('Testing authentication middleware protection');\n// Try to visit protected route\ncy.visit('/dashboard');\n// Should be redirected to sign-in\ncy.url({\n  timeout: 10000\n}).should('include', '/sign-in');\n// Log success\ncy.log('✅ Authentication middleware working correctly');",
              "err": {},
              "uuid": "72094552-dbf1-4961-84f4-60ae8e4cb8c7",
              "parentUUID": "9e2f415b-7978-4a16-a433-0235ab292852",
              "isHook": false,
              "skipped": false
            },
            {
              "title": "should have basic performance within budget",
              "fullTitle": "Basic Application Functionality should have basic performance within budget",
              "timedOut": null,
              "duration": 703,
              "state": "passed",
              "speed": "fast",
              "pass": true,
              "fail": false,
              "pending": false,
              "context": null,
              "code": "cy.log('Testing basic performance');\n// Test performance of public page\ncy.visit('/sign-in', {\n  onBeforeLoad: win => {\n    win.performance.mark('start');\n  },\n  onLoad: win => {\n    win.performance.mark('end');\n    win.performance.measure('page-load', 'start', 'end');\n  }\n});\n// Check performance\ncy.window().then(win => {\n  const measure = win.performance.getEntriesByName('page-load')[0];\n  if (measure) {\n    const loadTime = Math.round(measure.duration);\n    cy.log(`Page load time: ${loadTime}ms`);\n    // Assert reasonable load time (10 seconds max for first load)\n    expect(loadTime).to.be.lessThan(10000);\n  }\n});\n// Log success\ncy.log('✅ Performance test passed');",
              "err": {},
              "uuid": "725f4507-dc48-46a5-b1a2-2c82bd21b011",
              "parentUUID": "9e2f415b-7978-4a16-a433-0235ab292852",
              "isHook": false,
              "skipped": false
            },
            {
              "title": "should test custom commands work",
              "fullTitle": "Basic Application Functionality should test custom commands work",
              "timedOut": null,
              "duration": 647,
              "state": "passed",
              "speed": "fast",
              "pass": true,
              "fail": false,
              "pending": false,
              "context": null,
              "code": "cy.log('Testing custom Cypress commands');\n// Test navigation command\ncy.visit('/sign-in');\n// Test if our enhanced waiting works\ncy.get('body').should('be.visible');\n// Test console error checking (should pass on sign-in page)\ncy.window().then(win => {\n  // Just check that console exists\n  expect(win.console).to.exist;\n});\n// Log success\ncy.log('✅ Custom commands working');",
              "err": {},
              "uuid": "6b758e13-f880-4708-9199-4fa7ee8ed870",
              "parentUUID": "9e2f415b-7978-4a16-a433-0235ab292852",
              "isHook": false,
              "skipped": false
            }
          ],
          "suites": [],
          "passes": [
            "a8418bbe-5e6b-4454-836e-fd4b3213b7d3",
            "72094552-dbf1-4961-84f4-60ae8e4cb8c7",
            "725f4507-dc48-46a5-b1a2-2c82bd21b011",
            "6b758e13-f880-4708-9199-4fa7ee8ed870"
          ],
          "failures": [],
          "pending": [],
          "skipped": [],
          "duration": 3867,
          "root": false,
          "rootEmpty": false,
          "_timeout": 2000
        }
      ],
      "passes": [],
      "failures": [],
      "pending": [],
      "skipped": [],
      "duration": 0,
      "root": true,
      "rootEmpty": true,
      "_timeout": 2000
    }
  ],
  "meta": {
    "mocha": {
      "version": "7.2.0"
    },
    "mochawesome": {
      "options": {
        "quiet": false,
        "reportFilename": "mochawesome",
        "saveHtml": false,
        "saveJson": true,
        "consoleReporter": "spec",
        "useInlineDiffs": false,
        "code": true
      },
      "version": "7.1.3"
    },
    "marge": {
      "options": {
        "reportDir": "config/cypress/reports",
        "overwrite": false,
        "html": false,
        "json": true,
        "timestamp": "mmddyyyy_HHMMss"
      },
      "version": "6.2.0"
    }
  }
}
