{
  "stats": {
    "suites": 1,
    "tests": 1,
    "passes": 1,
    "pending": 0,
    "failures": 0,
    "start": "2025-05-24T13:09:47.868Z",
    "end": "2025-05-24T13:09:51.101Z",
    "duration": 3233,
    "testsRegistered": 1,
    "passPercent": 100,
    "pendingPercent": 0,
    "other": 0,
    "hasOther": false,
    "skipped": 0,
    "hasSkipped": false
  },
  "results": [
    {
      "uuid": "ff059f20-394c-47f8-8cb0-567eb3d75ea1",
      "title": "",
      "fullFile": "config/cypress/e2e/layout/header.cy.js",
      "file": "config/cypress/e2e/layout/header.cy.js",
      "beforeHooks": [],
      "afterHooks": [],
      "tests": [],
      "suites": [
        {
          "uuid": "557fb49c-41c9-4127-b0b8-b3f38069522e",
          "title": "Header",
          "fullFile": "",
          "file": "",
          "beforeHooks": [],
          "afterHooks": [],
          "tests": [
            {
              "title": "loads a page with header",
              "fullTitle": "Header loads a page with header",
              "timedOut": null,
              "duration": 3174,
              "state": "passed",
              "speed": "fast",
              "pass": true,
              "fail": false,
              "pending": false,
              "context": null,
              "code": "cy.visit('/', {\n  failOnStatusCode: false\n});\ncy.get('body').should('exist');",
              "err": {},
              "uuid": "a8d60172-2212-4d0d-8511-2c9e57826d74",
              "parentUUID": "557fb49c-41c9-4127-b0b8-b3f38069522e",
              "isHook": false,
              "skipped": false
            }
          ],
          "suites": [],
          "passes": ["a8d60172-2212-4d0d-8511-2c9e57826d74"],
          "failures": [],
          "pending": [],
          "skipped": [],
          "duration": 3174,
          "root": false,
          "rootEmpty": false,
          "_timeout": 2000
        }
      ],
      "passes": [],
      "failures": [],
      "pending": [],
      "skipped": [],
      "duration": 0,
      "root": true,
      "rootEmpty": true,
      "_timeout": 2000
    }
  ],
  "meta": {
    "mocha": {
      "version": "7.2.0"
    },
    "mochawesome": {
      "options": {
        "quiet": false,
        "reportFilename": "mochawesome",
        "saveHtml": false,
        "saveJson": true,
        "consoleReporter": "spec",
        "useInlineDiffs": false,
        "code": true
      },
      "version": "7.1.3"
    },
    "marge": {
      "options": {
        "reportDir": "config/cypress/reports",
        "overwrite": false,
        "html": false,
        "json": true,
        "timestamp": "mmddyyyy_HHMMss"
      },
      "version": "6.2.0"
    }
  }
}
