{
  "stats": {
    "suites": 2,
    "tests": 1,
    "passes": 0,
    "pending": 0,
    "failures": 1,
    "start": "2025-05-24T13:12:38.513Z",
    "end": "2025-05-24T13:12:38.996Z",
    "duration": 483,
    "testsRegistered": 45,
    "passPercent": 0,
    "pendingPercent": 0,
    "other": 0,
    "hasOther": false,
    "skipped": 44,
    "hasSkipped": true
  },
  "results": [
    {
      "uuid": "0eb7f9f8-e220-42f1-9218-b7a2a4fd8882",
      "title": "",
      "fullFile": "config/cypress/e2e/marketplace/marketplace-comprehensive.cy.js",
      "file": "config/cypress/e2e/marketplace/marketplace-comprehensive.cy.js",
      "beforeHooks": [],
      "afterHooks": [],
      "tests": [],
      "suites": [
        {
          "uuid": "a96d56c4-7735-4fc6-8ded-249cefc0da95",
          "title": "Marketplace & Influencer Module - Comprehensive Tests",
          "fullFile": "",
          "file": "",
          "beforeHooks": [],
          "afterHooks": [],
          "tests": [],
          "suites": [
            {
              "uuid": "0bfe594b-4242-4769-8918-c3718b3de616",
              "title": "Influencer Marketplace Discovery",
              "fullFile": "",
              "file": "",
              "beforeHooks": [],
              "afterHooks": [],
              "tests": [
                {
                  "title": "should display marketplace with influencer listings",
                  "fullTitle": "Marketplace & Influencer Module - Comprehensive Tests Influencer Marketplace Discovery should display marketplace with influencer listings",
                  "timedOut": null,
                  "duration": 118,
                  "state": "failed",
                  "speed": null,
                  "pass": false,
                  "fail": true,
                  "pending": false,
                  "context": null,
                  "code": "cy.measurePageLoadTime(() => {\n  marketplacePage.visit();\n}, 'marketplace-page-load', 3000);\nmarketplacePage.expectToBeOnMarketplacePage().expectInfluencersVisible().expectInfluencerCount(12);\ncy.wait('@getInfluencers');",
                  "err": {
                    "message": "Error: An error was thrown while processing a network event: A fixture file could not be found at any of the following paths:\n\n    > config/cypress/fixtures/influencers/marketplace-list.json\n    > config/cypress/fixtures/influencers/marketplace-list.json.[ext]\n\nCypress looked for these file extensions at the provided path:\n\n    > .json, .js, .coffee, .html, .txt, .csv, .png, .jpg, .jpeg, .gif, .tif, .tiff, .zip\n\nProvide a path to an existing fixture file.\n\nBecause this error occurred during a `before each` hook we are skipping the remaining tests in the current suite: `Marketplace & Influencer Mo...`",
                    "estack": "Error: An error was thrown while processing a network event: A fixture file could not be found at any of the following paths:\n\n    > config/cypress/fixtures/influencers/marketplace-list.json\n    > config/cypress/fixtures/influencers/marketplace-list.json.[ext]\n\nCypress looked for these file extensions at the provided path:\n\n    > .json, .js, .coffee, .html, .txt, .csv, .png, .jpg, .jpeg, .gif, .tif, .tiff, .zip\n\nProvide a path to an existing fixture file.\n\nBecause this error occurred during a `before each` hook we are skipping the remaining tests in the current suite: `Marketplace & Influencer Mo...`\n    at Object.<anonymous> (<embedded>:2749:159927)\n    at Object.tryCatcher (/Users/edadams/Library/Caches/Cypress/14.4.0/Cypress.app/Contents/Resources/app/node_modules/bluebird/js/release/util.js:16:23)\n    at Promise._settlePromiseFromHandler (/Users/edadams/Library/Caches/Cypress/14.4.0/Cypress.app/Contents/Resources/app/node_modules/bluebird/js/release/promise.js:512:31)\n    at Promise._settlePromise (/Users/edadams/Library/Caches/Cypress/14.4.0/Cypress.app/Contents/Resources/app/node_modules/bluebird/js/release/promise.js:569:18)\n    at Promise._settlePromise0 (/Users/edadams/Library/Caches/Cypress/14.4.0/Cypress.app/Contents/Resources/app/node_modules/bluebird/js/release/promise.js:614:10)\n    at Promise._settlePromises (/Users/edadams/Library/Caches/Cypress/14.4.0/Cypress.app/Contents/Resources/app/node_modules/bluebird/js/release/promise.js:694:18)\n    at Promise._fulfill (/Users/edadams/Library/Caches/Cypress/14.4.0/Cypress.app/Contents/Resources/app/node_modules/bluebird/js/release/promise.js:638:18)\n    at <unknown> (/Users/edadams/Library/Caches/Cypress/14.4.0/Cypress.app/Contents/Resources/app/node_modules/bluebird/js/release/nodeback.js:42:21)\n    at s (<embedded>:227:132401)\n    at D.<anonymous> (<embedded>:2743:271783)\n    at D.emit (node:events:518:28)\n    at D._finish (<embedded>:2743:272713)\n    at i (<embedded>:2743:272104)\n    at D._processSimple2 (<embedded>:2743:277870)\n    at <unknown> (<embedded>:2743:277723)\n    at D._stat2 (<embedded>:2743:278788)\n    at <unknown> (<embedded>:2743:278635)\n    at s (<embedded>:1067:24225)\n    at s (<embedded>:227:132401)\n    at r (<embedded>:2865:13639)\n    at FSReqCallback.oncomplete (node:fs:197:21)",
                    "diff": null
                  },
                  "uuid": "9c1b362b-08a8-4371-9975-356ddda6e2b6",
                  "parentUUID": "0bfe594b-4242-4769-8918-c3718b3de616",
                  "isHook": false,
                  "skipped": false
                },
                {
                  "title": "should handle empty search results gracefully",
                  "fullTitle": "Marketplace & Influencer Module - Comprehensive Tests Influencer Marketplace Discovery should handle empty search results gracefully",
                  "timedOut": null,
                  "duration": 0,
                  "state": "skipped",
                  "speed": null,
                  "pass": false,
                  "fail": false,
                  "pending": false,
                  "context": null,
                  "code": "marketplacePage.visit();\ncy.intercept('GET', '**/api/influencers**', {\n  statusCode: 200,\n  body: {\n    influencers: [],\n    total: 0,\n    page: 1,\n    limit: 12\n  }\n}).as('getEmptyResults');\nsearchAndFilterPage.performSearch('nonexistent-influencer-xyz').expectNoResults();\ncy.wait('@getEmptyResults');",
                  "err": {},
                  "uuid": "3d9c0a8c-7a58-43c1-a2bd-4b3a7604c59e",
                  "parentUUID": "0bfe594b-4242-4769-8918-c3718b3de616",
                  "isHook": false,
                  "skipped": true
                },
                {
                  "title": "should support pagination through influencer listings",
                  "fullTitle": "Marketplace & Influencer Module - Comprehensive Tests Influencer Marketplace Discovery should support pagination through influencer listings",
                  "timedOut": null,
                  "duration": 0,
                  "state": "skipped",
                  "speed": null,
                  "pass": false,
                  "fail": false,
                  "pending": false,
                  "context": null,
                  "code": "marketplacePage.visit();\n// Test pagination workflow\nmarketplacePage.expectCurrentPage(1).goToNextPage().expectCurrentPage(2).goToPreviousPage().expectCurrentPage(1);\n// Test direct page navigation\nmarketplacePage.goToPage(3).expectCurrentPage(3);",
                  "err": {},
                  "uuid": "b7cb7d20-09f1-494e-81d5-17e2d4db2f9e",
                  "parentUUID": "0bfe594b-4242-4769-8918-c3718b3de616",
                  "isHook": false,
                  "skipped": true
                },
                {
                  "title": "should maintain performance under load",
                  "fullTitle": "Marketplace & Influencer Module - Comprehensive Tests Influencer Marketplace Discovery should maintain performance under load",
                  "timedOut": null,
                  "duration": 0,
                  "state": "skipped",
                  "speed": null,
                  "pass": false,
                  "fail": false,
                  "pending": false,
                  "context": null,
                  "code": "// Test with large dataset\ncy.intercept('GET', '**/api/influencers**', {\n  fixture: 'influencers/large-dataset.json',\n  delay: 500\n}).as('getLargeDataset');\ncy.measurePageLoadTime(() => {\n  marketplacePage.visit();\n}, 'large-dataset-load', 5000);\nmarketplacePage.expectInfluencersVisible();\ncy.wait('@getLargeDataset');",
                  "err": {},
                  "uuid": "1b969348-354e-4e9d-af98-3df0a9ccf4e4",
                  "parentUUID": "0bfe594b-4242-4769-8918-c3718b3de616",
                  "isHook": false,
                  "skipped": true
                }
              ],
              "suites": [],
              "passes": [],
              "failures": ["9c1b362b-08a8-4371-9975-356ddda6e2b6"],
              "pending": [],
              "skipped": [
                "3d9c0a8c-7a58-43c1-a2bd-4b3a7604c59e",
                "b7cb7d20-09f1-494e-81d5-17e2d4db2f9e",
                "1b969348-354e-4e9d-af98-3df0a9ccf4e4"
              ],
              "duration": 118,
              "root": false,
              "rootEmpty": false,
              "_timeout": 2000
            },
            {
              "uuid": "7fae4d48-6f2c-4d42-827d-36e4634d745f",
              "title": "Advanced Search & Filtering",
              "fullFile": "",
              "file": "",
              "beforeHooks": [],
              "afterHooks": [],
              "tests": [
                {
                  "title": "should perform comprehensive multi-criteria search",
                  "fullTitle": "Marketplace & Influencer Module - Comprehensive Tests Advanced Search & Filtering should perform comprehensive multi-criteria search",
                  "timedOut": null,
                  "duration": 0,
                  "state": "skipped",
                  "speed": null,
                  "pass": false,
                  "fail": false,
                  "pending": false,
                  "context": null,
                  "code": "const searchCriteria = {\n  searchTerm: 'fashion',\n  platforms: ['INSTAGRAM', 'TIKTOK'],\n  minFollowers: 50000,\n  maxFollowers: 500000,\n  verifiedOnly: true,\n  audienceQuality: 'High',\n  categories: ['fashion', 'beauty'],\n  location: {\n    country: 'United States',\n    city: 'New York'\n  },\n  ageRange: '25-34',\n  gender: 'female',\n  language: 'English',\n  sortBy: 'engagement'\n};\ncy.measureInteractionTime(() => {\n  searchAndFilterPage.performComplexSearch(searchCriteria);\n}, 'complex-search', 2000);\nsearchAndFilterPage.expectSearchResultsVisible().expectActiveFilterCount(8).expectResultsSorted('engagement');",
                  "err": {},
                  "uuid": "b829ae6f-34c7-4c99-9aa2-48b77223ff0e",
                  "parentUUID": null,
                  "isHook": false,
                  "skipped": true
                },
                {
                  "title": "should handle search suggestions and autocomplete",
                  "fullTitle": "Marketplace & Influencer Module - Comprehensive Tests Advanced Search & Filtering should handle search suggestions and autocomplete",
                  "timedOut": null,
                  "duration": 0,
                  "state": "skipped",
                  "speed": null,
                  "pass": false,
                  "fail": false,
                  "pending": false,
                  "context": null,
                  "code": "searchAndFilterPage.testSearchSuggestions().expectSearchResultsVisible();",
                  "err": {},
                  "uuid": "a3d02ed4-851d-44c3-9094-4a1115b8a269",
                  "parentUUID": null,
                  "isHook": false,
                  "skipped": true
                },
                {
                  "title": "should support filter combinations and interactions",
                  "fullTitle": "Marketplace & Influencer Module - Comprehensive Tests Advanced Search & Filtering should support filter combinations and interactions",
                  "timedOut": null,
                  "duration": 0,
                  "state": "skipped",
                  "speed": null,
                  "pass": false,
                  "fail": false,
                  "pending": false,
                  "context": null,
                  "code": "searchAndFilterPage.testFilterCombinations();",
                  "err": {},
                  "uuid": "35b3d548-3c51-4b06-8871-a81bb7f08780",
                  "parentUUID": null,
                  "isHook": false,
                  "skipped": true
                },
                {
                  "title": "should maintain filter state across sessions",
                  "fullTitle": "Marketplace & Influencer Module - Comprehensive Tests Advanced Search & Filtering should maintain filter state across sessions",
                  "timedOut": null,
                  "duration": 0,
                  "state": "skipped",
                  "speed": null,
                  "pass": false,
                  "fail": false,
                  "pending": false,
                  "context": null,
                  "code": "// Apply complex filters\nsearchAndFilterPage.openFilters().filterByPlatform('INSTAGRAM').setFollowerRange(10000, 100000).filterVerifiedOnly().applyFilters();\n// Reload page and verify filters persist\ncy.reload();\nsearchAndFilterPage.expectActiveFilterCount(3);",
                  "err": {},
                  "uuid": "ac3f94cc-b887-4626-b90c-05d80ad2cdfc",
                  "parentUUID": null,
                  "isHook": false,
                  "skipped": true
                },
                {
                  "title": "should provide accurate search performance metrics",
                  "fullTitle": "Marketplace & Influencer Module - Comprehensive Tests Advanced Search & Filtering should provide accurate search performance metrics",
                  "timedOut": null,
                  "duration": 0,
                  "state": "skipped",
                  "speed": null,
                  "pass": false,
                  "fail": false,
                  "pending": false,
                  "context": null,
                  "code": "searchAndFilterPage.performSearch('beauty influencer').expectSearchTimeUnder(1000);",
                  "err": {},
                  "uuid": "8f715838-ce02-4977-90ef-83876c3f76ce",
                  "parentUUID": null,
                  "isHook": false,
                  "skipped": true
                },
                {
                  "title": "should test all sorting options",
                  "fullTitle": "Marketplace & Influencer Module - Comprehensive Tests Advanced Search & Filtering should test all sorting options",
                  "timedOut": null,
                  "duration": 0,
                  "state": "skipped",
                  "speed": null,
                  "pass": false,
                  "fail": false,
                  "pending": false,
                  "context": null,
                  "code": "searchAndFilterPage.testSortingOptions();",
                  "err": {},
                  "uuid": "92632c2f-1aea-4ec9-81a4-9bfb0d2f4cb9",
                  "parentUUID": null,
                  "isHook": false,
                  "skipped": true
                },
                {
                  "title": "should handle filter edge cases",
                  "fullTitle": "Marketplace & Influencer Module - Comprehensive Tests Advanced Search & Filtering should handle filter edge cases",
                  "timedOut": null,
                  "duration": 0,
                  "state": "skipped",
                  "speed": null,
                  "pass": false,
                  "fail": false,
                  "pending": false,
                  "context": null,
                  "code": "// Test extreme values\nsearchAndFilterPage.openFilters().setFollowerRange(999999999, 1000000000).applyFilters().expectNoResults();\n// Test invalid combinations\nsearchAndFilterPage.resetAllFilters().openFilters().setFollowerRange(1000000, 1000).applyFilters().expectNoResults();",
                  "err": {},
                  "uuid": "6d352c99-a3aa-4df5-afc5-70e3a5f3f7e8",
                  "parentUUID": null,
                  "isHook": false,
                  "skipped": true
                }
              ],
              "suites": [],
              "passes": [],
              "failures": [],
              "pending": [],
              "skipped": [
                "b829ae6f-34c7-4c99-9aa2-48b77223ff0e",
                "a3d02ed4-851d-44c3-9094-4a1115b8a269",
                "35b3d548-3c51-4b06-8871-a81bb7f08780",
                "ac3f94cc-b887-4626-b90c-05d80ad2cdfc",
                "8f715838-ce02-4977-90ef-83876c3f76ce",
                "92632c2f-1aea-4ec9-81a4-9bfb0d2f4cb9",
                "6d352c99-a3aa-4df5-afc5-70e3a5f3f7e8"
              ],
              "duration": 0,
              "root": false,
              "rootEmpty": false,
              "_timeout": 2000
            },
            {
              "uuid": "649bc43a-f9c7-424b-b17f-98b3e11f1db4",
              "title": "Influencer Profile Analytics",
              "fullFile": "",
              "file": "",
              "beforeHooks": [],
              "afterHooks": [],
              "tests": [
                {
                  "title": "should display comprehensive influencer profile",
                  "fullTitle": "Marketplace & Influencer Module - Comprehensive Tests Influencer Profile Analytics should display comprehensive influencer profile",
                  "timedOut": null,
                  "duration": 0,
                  "state": "skipped",
                  "speed": null,
                  "pass": false,
                  "fail": false,
                  "pending": false,
                  "context": null,
                  "code": "cy.measurePageLoadTime(() => {\n  influencerProfilePage.visitProfile(testInfluencer, testPlatform);\n}, 'profile-page-load', 3000);\ninfluencerProfilePage.expectToBeOnProfilePage(testInfluencer).expectProfileHeaderVisible().expectProfileDataLoaded();\ncy.wait('@getProfile');",
                  "err": {},
                  "uuid": "7a74975c-274b-4d2a-b33d-d97f5ce52d84",
                  "parentUUID": null,
                  "isHook": false,
                  "skipped": true
                },
                {
                  "title": "should provide complete analytics across all tabs",
                  "fullTitle": "Marketplace & Influencer Module - Comprehensive Tests Influencer Profile Analytics should provide complete analytics across all tabs",
                  "timedOut": null,
                  "duration": 0,
                  "state": "skipped",
                  "speed": null,
                  "pass": false,
                  "fail": false,
                  "pending": false,
                  "context": null,
                  "code": "influencerProfilePage.visitProfile(testInfluencer, testPlatform);\ninfluencerProfilePage.performCompleteProfileAnalysis().testAllAnalyticsTabs();",
                  "err": {},
                  "uuid": "ad1a68b4-a802-4418-a175-eb37f997b1c3",
                  "parentUUID": null,
                  "isHook": false,
                  "skipped": true
                },
                {
                  "title": "should handle tab switching performance",
                  "fullTitle": "Marketplace & Influencer Module - Comprehensive Tests Influencer Profile Analytics should handle tab switching performance",
                  "timedOut": null,
                  "duration": 0,
                  "state": "skipped",
                  "speed": null,
                  "pass": false,
                  "fail": false,
                  "pending": false,
                  "context": null,
                  "code": "influencerProfilePage.visitProfile(testInfluencer, testPlatform);\nconst tabs = ['performance', 'audience', 'content', 'demographics', 'contact', 'platform', 'advanced', 'risk', 'campaigns'];\ntabs.forEach(tab => {\n  cy.measureInteractionTime(() => {\n    influencerProfilePage.switchToTab(tab);\n  }, `tab-switch-${tab}`, 1000);\n  influencerProfilePage.expectTabActive(tab);\n});",
                  "err": {},
                  "uuid": "e2935b27-c040-40ae-acde-0b6f89067022",
                  "parentUUID": null,
                  "isHook": false,
                  "skipped": true
                },
                {
                  "title": "should generate and display risk assessment",
                  "fullTitle": "Marketplace & Influencer Module - Comprehensive Tests Influencer Profile Analytics should generate and display risk assessment",
                  "timedOut": null,
                  "duration": 0,
                  "state": "skipped",
                  "speed": null,
                  "pass": false,
                  "fail": false,
                  "pending": false,
                  "context": null,
                  "code": "influencerProfilePage.visitProfile(testInfluencer, testPlatform);\ninfluencerProfilePage.viewRiskAssessment().expectRiskScoreVisible().expectLowRiskScore();",
                  "err": {},
                  "uuid": "8416f28d-7307-4f32-9750-65d5746e712e",
                  "parentUUID": null,
                  "isHook": false,
                  "skipped": true
                },
                {
                  "title": "should support risk report generation",
                  "fullTitle": "Marketplace & Influencer Module - Comprehensive Tests Influencer Profile Analytics should support risk report generation",
                  "timedOut": null,
                  "duration": 0,
                  "state": "skipped",
                  "speed": null,
                  "pass": false,
                  "fail": false,
                  "pending": false,
                  "context": null,
                  "code": "influencerProfilePage.visitProfile(testInfluencer, testPlatform);\ncy.intercept('POST', '**/api/risk-reports', {\n  statusCode: 200,\n  body: {\n    success: true,\n    reportUrl: '/sample-report.pdf'\n  }\n}).as('generateRiskReport');\ninfluencerProfilePage.requestRiskReport().expectRiskReportGenerated();\ncy.wait('@generateRiskReport');",
                  "err": {},
                  "uuid": "e24d61c0-081d-4dd8-9234-0208dd80ef8a",
                  "parentUUID": null,
                  "isHook": false,
                  "skipped": true
                },
                {
                  "title": "should handle profile not found scenarios",
                  "fullTitle": "Marketplace & Influencer Module - Comprehensive Tests Influencer Profile Analytics should handle profile not found scenarios",
                  "timedOut": null,
                  "duration": 0,
                  "state": "skipped",
                  "speed": null,
                  "pass": false,
                  "fail": false,
                  "pending": false,
                  "context": null,
                  "code": "cy.intercept('GET', '**/api/influencers/fetch-profile**', {\n  statusCode: 404,\n  body: {\n    success: false,\n    error: 'Profile not found'\n  }\n}).as('getProfileNotFound');\ninfluencerProfilePage.visitProfile('nonexistent_user', testPlatform);\ninfluencerProfilePage.expectErrorState().expectProfileNotFound();\ncy.wait('@getProfileNotFound');",
                  "err": {},
                  "uuid": "d97df439-2de3-4cd0-a5a9-9d8e3d7ccc00",
                  "parentUUID": null,
                  "isHook": false,
                  "skipped": true
                },
                {
                  "title": "should maintain responsive design across devices",
                  "fullTitle": "Marketplace & Influencer Module - Comprehensive Tests Influencer Profile Analytics should maintain responsive design across devices",
                  "timedOut": null,
                  "duration": 0,
                  "state": "skipped",
                  "speed": null,
                  "pass": false,
                  "fail": false,
                  "pending": false,
                  "context": null,
                  "code": "influencerProfilePage.visitProfile(testInfluencer, testPlatform);\ninfluencerProfilePage.testMobileProfile();",
                  "err": {},
                  "uuid": "980abb29-252b-454c-a072-9f62f85f9e3d",
                  "parentUUID": null,
                  "isHook": false,
                  "skipped": true
                },
                {
                  "title": "should provide accessibility compliance",
                  "fullTitle": "Marketplace & Influencer Module - Comprehensive Tests Influencer Profile Analytics should provide accessibility compliance",
                  "timedOut": null,
                  "duration": 0,
                  "state": "skipped",
                  "speed": null,
                  "pass": false,
                  "fail": false,
                  "pending": false,
                  "context": null,
                  "code": "influencerProfilePage.visitProfile(testInfluencer, testPlatform);\ninfluencerProfilePage.checkProfileAccessibility();",
                  "err": {},
                  "uuid": "92d89d87-7479-4561-ab32-91e39286aa98",
                  "parentUUID": null,
                  "isHook": false,
                  "skipped": true
                }
              ],
              "suites": [],
              "passes": [],
              "failures": [],
              "pending": [],
              "skipped": [
                "7a74975c-274b-4d2a-b33d-d97f5ce52d84",
                "ad1a68b4-a802-4418-a175-eb37f997b1c3",
                "e2935b27-c040-40ae-acde-0b6f89067022",
                "8416f28d-7307-4f32-9750-65d5746e712e",
                "e24d61c0-081d-4dd8-9234-0208dd80ef8a",
                "d97df439-2de3-4cd0-a5a9-9d8e3d7ccc00",
                "980abb29-252b-454c-a072-9f62f85f9e3d",
                "92d89d87-7479-4561-ab32-91e39286aa98"
              ],
              "duration": 0,
              "root": false,
              "rootEmpty": false,
              "_timeout": 2000
            },
            {
              "uuid": "250a2599-f4ce-4ede-bdf4-45104df0b1b7",
              "title": "Influencer Engagement & Campaign Assignment",
              "fullFile": "",
              "file": "",
              "beforeHooks": [],
              "afterHooks": [],
              "tests": [
                {
                  "title": "should handle individual influencer campaign assignment",
                  "fullTitle": "Marketplace & Influencer Module - Comprehensive Tests Influencer Engagement & Campaign Assignment should handle individual influencer campaign assignment",
                  "timedOut": null,
                  "duration": 0,
                  "state": "skipped",
                  "speed": null,
                  "pass": false,
                  "fail": false,
                  "pending": false,
                  "context": null,
                  "code": "const collaborationDetails = {\n  type: 'sponsored-post',\n  description: 'Create sponsored post for new product launch featuring key benefits and call-to-action',\n  budget: 2500,\n  timeline: '2-weeks',\n  message: 'Hi! We love your content style and would like to collaborate on our upcoming campaign.'\n};\ncy.measureInteractionTime(() => {\n  influencerEngagementPage.performCompleteEngagementWorkflow('Fashion Influencer', 'Summer Collection Campaign', collaborationDetails);\n}, 'individual-engagement', 3000);\ninfluencerEngagementPage.expectCampaignAddSuccess();",
                  "err": {},
                  "uuid": "b85e3bcd-d0c0-402a-a87d-de8368600bb0",
                  "parentUUID": null,
                  "isHook": false,
                  "skipped": true
                },
                {
                  "title": "should support bulk influencer selection and assignment",
                  "fullTitle": "Marketplace & Influencer Module - Comprehensive Tests Influencer Engagement & Campaign Assignment should support bulk influencer selection and assignment",
                  "timedOut": null,
                  "duration": 0,
                  "state": "skipped",
                  "speed": null,
                  "pass": false,
                  "fail": false,
                  "pending": false,
                  "context": null,
                  "code": "// Select multiple influencers\nmarketplacePage.selectInfluencer('influencer1').selectInfluencer('influencer2').selectInfluencer('influencer3').expectSelectionCount(3).expectBulkAddButtonVisible(3);\n// Perform bulk assignment\ninfluencerEngagementPage.performBulkEngagementWorkflow('Beauty Campaign', 3);\ncy.wait('@bulkAddInfluencers');",
                  "err": {},
                  "uuid": "52738214-b0b0-4459-b37a-296020ac2cfb",
                  "parentUUID": null,
                  "isHook": false,
                  "skipped": true
                },
                {
                  "title": "should test all engagement types and collaboration options",
                  "fullTitle": "Marketplace & Influencer Module - Comprehensive Tests Influencer Engagement & Campaign Assignment should test all engagement types and collaboration options",
                  "timedOut": null,
                  "duration": 0,
                  "state": "skipped",
                  "speed": null,
                  "pass": false,
                  "fail": false,
                  "pending": false,
                  "context": null,
                  "code": "influencerEngagementPage.testEngagementTypes();",
                  "err": {},
                  "uuid": "c2d5b55d-318f-41e3-9694-7dc484ad54bd",
                  "parentUUID": null,
                  "isHook": false,
                  "skipped": true
                },
                {
                  "title": "should handle communication workflows",
                  "fullTitle": "Marketplace & Influencer Module - Comprehensive Tests Influencer Engagement & Campaign Assignment should handle communication workflows",
                  "timedOut": null,
                  "duration": 0,
                  "state": "skipped",
                  "speed": null,
                  "pass": false,
                  "fail": false,
                  "pending": false,
                  "context": null,
                  "code": "influencerEngagementPage.testCommunicationOptions();",
                  "err": {},
                  "uuid": "859ca75d-d2d2-4287-b73b-25f370e11273",
                  "parentUUID": null,
                  "isHook": false,
                  "skipped": true
                },
                {
                  "title": "should support campaign filtering and selection",
                  "fullTitle": "Marketplace & Influencer Module - Comprehensive Tests Influencer Engagement & Campaign Assignment should support campaign filtering and selection",
                  "timedOut": null,
                  "duration": 0,
                  "state": "skipped",
                  "speed": null,
                  "pass": false,
                  "fail": false,
                  "pending": false,
                  "context": null,
                  "code": "influencerEngagementPage.testCampaignFiltering();",
                  "err": {},
                  "uuid": "68b1df0f-ffc8-4efa-be9b-faddd9a674dc",
                  "parentUUID": null,
                  "isHook": false,
                  "skipped": true
                },
                {
                  "title": "should handle engagement workflow errors gracefully",
                  "fullTitle": "Marketplace & Influencer Module - Comprehensive Tests Influencer Engagement & Campaign Assignment should handle engagement workflow errors gracefully",
                  "timedOut": null,
                  "duration": 0,
                  "state": "skipped",
                  "speed": null,
                  "pass": false,
                  "fail": false,
                  "pending": false,
                  "context": null,
                  "code": "cy.intercept('POST', '**/api/campaigns/*/influencers/bulk-add', {\n  statusCode: 400,\n  body: {\n    success: false,\n    error: 'Campaign not found'\n  }\n}).as('bulkAddError');\nmarketplacePage.selectInfluencer('influencer1').expectBulkAddButtonVisible(1);\ninfluencerEngagementPage.openBulkAddDialog().selectBulkCampaign('Invalid Campaign').confirmBulkAdd().expectEngagementError('Campaign not found');\ncy.wait('@bulkAddError');",
                  "err": {},
                  "uuid": "920c7575-a14c-4077-b741-9e5457e0e4bd",
                  "parentUUID": null,
                  "isHook": false,
                  "skipped": true
                },
                {
                  "title": "should track engagement performance metrics",
                  "fullTitle": "Marketplace & Influencer Module - Comprehensive Tests Influencer Engagement & Campaign Assignment should track engagement performance metrics",
                  "timedOut": null,
                  "duration": 0,
                  "state": "skipped",
                  "speed": null,
                  "pass": false,
                  "fail": false,
                  "pending": false,
                  "context": null,
                  "code": "influencerEngagementPage.expectEngagementMetrics();",
                  "err": {},
                  "uuid": "99537022-0ad7-438f-8bea-8cba1e213288",
                  "parentUUID": null,
                  "isHook": false,
                  "skipped": true
                },
                {
                  "title": "should maintain engagement history",
                  "fullTitle": "Marketplace & Influencer Module - Comprehensive Tests Influencer Engagement & Campaign Assignment should maintain engagement history",
                  "timedOut": null,
                  "duration": 0,
                  "state": "skipped",
                  "speed": null,
                  "pass": false,
                  "fail": false,
                  "pending": false,
                  "context": null,
                  "code": "influencerEngagementPage.expectEngagementHistory();",
                  "err": {},
                  "uuid": "80f3853b-4757-4aa4-a36c-dfb5fec17447",
                  "parentUUID": null,
                  "isHook": false,
                  "skipped": true
                },
                {
                  "title": "should provide engagement accessibility",
                  "fullTitle": "Marketplace & Influencer Module - Comprehensive Tests Influencer Engagement & Campaign Assignment should provide engagement accessibility",
                  "timedOut": null,
                  "duration": 0,
                  "state": "skipped",
                  "speed": null,
                  "pass": false,
                  "fail": false,
                  "pending": false,
                  "context": null,
                  "code": "influencerEngagementPage.checkEngagementAccessibility();",
                  "err": {},
                  "uuid": "21d4cc42-6673-47d4-937d-a3cd04645327",
                  "parentUUID": null,
                  "isHook": false,
                  "skipped": true
                }
              ],
              "suites": [],
              "passes": [],
              "failures": [],
              "pending": [],
              "skipped": [
                "b85e3bcd-d0c0-402a-a87d-de8368600bb0",
                "52738214-b0b0-4459-b37a-296020ac2cfb",
                "c2d5b55d-318f-41e3-9694-7dc484ad54bd",
                "859ca75d-d2d2-4287-b73b-25f370e11273",
                "68b1df0f-ffc8-4efa-be9b-faddd9a674dc",
                "920c7575-a14c-4077-b741-9e5457e0e4bd",
                "99537022-0ad7-438f-8bea-8cba1e213288",
                "80f3853b-4757-4aa4-a36c-dfb5fec17447",
                "21d4cc42-6673-47d4-937d-a3cd04645327"
              ],
              "duration": 0,
              "root": false,
              "rootEmpty": false,
              "_timeout": 2000
            },
            {
              "uuid": "208a47ad-a64a-4515-9d69-398ee74f0e2d",
              "title": "Cross-Module Integration",
              "fullFile": "",
              "file": "",
              "beforeHooks": [],
              "afterHooks": [],
              "tests": [
                {
                  "title": "should support complete influencer discovery to campaign workflow",
                  "fullTitle": "Marketplace & Influencer Module - Comprehensive Tests Cross-Module Integration should support complete influencer discovery to campaign workflow",
                  "timedOut": null,
                  "duration": 0,
                  "state": "skipped",
                  "speed": null,
                  "pass": false,
                  "fail": false,
                  "pending": false,
                  "context": null,
                  "code": "// Start with marketplace discovery\nmarketplacePage.visit();\n// Perform advanced search\nsearchAndFilterPage.performComplexSearch({\n  searchTerm: 'fitness',\n  platforms: ['INSTAGRAM'],\n  minFollowers: 100000,\n  verifiedOnly: true,\n  audienceQuality: 'High'\n});\n// View specific influencer profile\nmarketplacePage.viewInfluencerProfile('fitness_influencer_1');\n// Analyze profile thoroughly\ninfluencerProfilePage.expectToBeOnProfilePage('fitness_influencer_1').performCompleteProfileAnalysis();\n// Add to campaign\ninfluencerEngagementPage.performCompleteEngagementWorkflow('Fitness Influencer', 'Health & Wellness Campaign', {\n  type: 'video-content',\n  description: 'Create workout video featuring our fitness equipment',\n  budget: 5000,\n  timeline: '3-weeks',\n  message: 'We admire your fitness content and would love to partner with you!'\n});\n// Return to marketplace\ninfluencerProfilePage.goBackToMarketplace();\nmarketplacePage.expectToBeOnMarketplacePage();",
                  "err": {},
                  "uuid": "aa3a1ccd-1bc3-40b6-8a47-5a5e95d9bcc6",
                  "parentUUID": null,
                  "isHook": false,
                  "skipped": true
                },
                {
                  "title": "should maintain consistent state across navigation",
                  "fullTitle": "Marketplace & Influencer Module - Comprehensive Tests Cross-Module Integration should maintain consistent state across navigation",
                  "timedOut": null,
                  "duration": 0,
                  "state": "skipped",
                  "speed": null,
                  "pass": false,
                  "fail": false,
                  "pending": false,
                  "context": null,
                  "code": "// Apply filters in marketplace\nmarketplacePage.visit();\nsearchAndFilterPage.openFilters().filterByPlatform('INSTAGRAM').setFollowerRange(50000, 200000).applyFilters();\n// Navigate to profile and back\nmarketplacePage.viewInfluencerProfile('test_influencer');\ninfluencerProfilePage.goBackToMarketplace();\n// Verify filters maintained\nsearchAndFilterPage.expectActiveFilterCount(2);",
                  "err": {},
                  "uuid": "ab90617b-b6aa-4715-9a71-33b583e60195",
                  "parentUUID": null,
                  "isHook": false,
                  "skipped": true
                },
                {
                  "title": "should handle concurrent operations",
                  "fullTitle": "Marketplace & Influencer Module - Comprehensive Tests Cross-Module Integration should handle concurrent operations",
                  "timedOut": null,
                  "duration": 0,
                  "state": "skipped",
                  "speed": null,
                  "pass": false,
                  "fail": false,
                  "pending": false,
                  "context": null,
                  "code": "marketplacePage.visit();\n// Select multiple influencers while performing search\nmarketplacePage.selectInfluencer('influencer1').selectInfluencer('influencer2');\nsearchAndFilterPage.performSearch('fashion');\n// Verify selection maintained through search\nmarketplacePage.expectSelectionCount(2);",
                  "err": {},
                  "uuid": "cbcb9c1f-f265-4f0e-aa91-ab1ae2b0092e",
                  "parentUUID": null,
                  "isHook": false,
                  "skipped": true
                }
              ],
              "suites": [],
              "passes": [],
              "failures": [],
              "pending": [],
              "skipped": [
                "aa3a1ccd-1bc3-40b6-8a47-5a5e95d9bcc6",
                "ab90617b-b6aa-4715-9a71-33b583e60195",
                "cbcb9c1f-f265-4f0e-aa91-ab1ae2b0092e"
              ],
              "duration": 0,
              "root": false,
              "rootEmpty": false,
              "_timeout": 2000
            },
            {
              "uuid": "885ee16e-6604-4dbf-bedf-ec5ca0f34687",
              "title": "Error Handling & Edge Cases",
              "fullFile": "",
              "file": "",
              "beforeHooks": [],
              "afterHooks": [],
              "tests": [
                {
                  "title": "should handle API timeouts gracefully",
                  "fullTitle": "Marketplace & Influencer Module - Comprehensive Tests Error Handling & Edge Cases should handle API timeouts gracefully",
                  "timedOut": null,
                  "duration": 0,
                  "state": "skipped",
                  "speed": null,
                  "pass": false,
                  "fail": false,
                  "pending": false,
                  "context": null,
                  "code": "cy.intercept('GET', '**/api/influencers**', {\n  statusCode: 408,\n  body: {\n    error: 'Request timeout'\n  },\n  delay: 5000\n}).as('getInfluencersTimeout');\nmarketplacePage.visit();\nmarketplacePage.expectErrorState();\ncy.wait('@getInfluencersTimeout');",
                  "err": {},
                  "uuid": "f6375df5-bc55-4c2c-b37f-80e64dd910cb",
                  "parentUUID": null,
                  "isHook": false,
                  "skipped": true
                },
                {
                  "title": "should handle network failures",
                  "fullTitle": "Marketplace & Influencer Module - Comprehensive Tests Error Handling & Edge Cases should handle network failures",
                  "timedOut": null,
                  "duration": 0,
                  "state": "skipped",
                  "speed": null,
                  "pass": false,
                  "fail": false,
                  "pending": false,
                  "context": null,
                  "code": "cy.intercept('GET', '**/api/influencers**', {\n  forceNetworkError: true\n}).as('networkError');\nmarketplacePage.visit();\nmarketplacePage.handleMarketplaceErrors();\ncy.wait('@networkError');",
                  "err": {},
                  "uuid": "8bc22d78-d211-449b-a23d-f6dc64c9d433",
                  "parentUUID": null,
                  "isHook": false,
                  "skipped": true
                },
                {
                  "title": "should recover from temporary failures",
                  "fullTitle": "Marketplace & Influencer Module - Comprehensive Tests Error Handling & Edge Cases should recover from temporary failures",
                  "timedOut": null,
                  "duration": 0,
                  "state": "skipped",
                  "speed": null,
                  "pass": false,
                  "fail": false,
                  "pending": false,
                  "context": null,
                  "code": "// First request fails\ncy.intercept('GET', '**/api/influencers**', {\n  statusCode: 500,\n  body: {\n    error: 'Server error'\n  }\n}).as('serverError');\nmarketplacePage.visit();\nmarketplacePage.expectErrorState();\n// Second request succeeds after retry\ncy.intercept('GET', '**/api/influencers**', {\n  fixture: 'influencers/marketplace-list.json'\n}).as('retrySuccess');\ncy.reload();\nmarketplacePage.expectInfluencersVisible();\ncy.wait('@serverError');\ncy.wait('@retrySuccess');",
                  "err": {},
                  "uuid": "f178c611-17f1-4b16-b123-edd4efd3248b",
                  "parentUUID": null,
                  "isHook": false,
                  "skipped": true
                },
                {
                  "title": "should handle invalid influencer data",
                  "fullTitle": "Marketplace & Influencer Module - Comprehensive Tests Error Handling & Edge Cases should handle invalid influencer data",
                  "timedOut": null,
                  "duration": 0,
                  "state": "skipped",
                  "speed": null,
                  "pass": false,
                  "fail": false,
                  "pending": false,
                  "context": null,
                  "code": "cy.intercept('GET', '**/api/influencers**', {\n  body: {\n    influencers: [{\n      id: null,\n      handle: null\n    }],\n    total: 1\n  }\n}).as('invalidData');\nmarketplacePage.visit();\n// Should gracefully handle invalid data without crashing\ncy.wait('@invalidData');",
                  "err": {},
                  "uuid": "f2d2e90c-fadf-4f6f-9cdb-d4a00482de7e",
                  "parentUUID": null,
                  "isHook": false,
                  "skipped": true
                }
              ],
              "suites": [],
              "passes": [],
              "failures": [],
              "pending": [],
              "skipped": [
                "f6375df5-bc55-4c2c-b37f-80e64dd910cb",
                "8bc22d78-d211-449b-a23d-f6dc64c9d433",
                "f178c611-17f1-4b16-b123-edd4efd3248b",
                "f2d2e90c-fadf-4f6f-9cdb-d4a00482de7e"
              ],
              "duration": 0,
              "root": false,
              "rootEmpty": false,
              "_timeout": 2000
            },
            {
              "uuid": "ca46f381-eba6-47e1-aec6-7e8d07502da7",
              "title": "Performance & Scalability",
              "fullFile": "",
              "file": "",
              "beforeHooks": [],
              "afterHooks": [],
              "tests": [
                {
                  "title": "should maintain performance with large datasets",
                  "fullTitle": "Marketplace & Influencer Module - Comprehensive Tests Performance & Scalability should maintain performance with large datasets",
                  "timedOut": null,
                  "duration": 0,
                  "state": "skipped",
                  "speed": null,
                  "pass": false,
                  "fail": false,
                  "pending": false,
                  "context": null,
                  "code": "// Test with 1000+ influencers\ncy.intercept('GET', '**/api/influencers**', {\n  fixture: 'influencers/large-dataset.json'\n}).as('largeDataset');\ncy.measurePageLoadTime(() => {\n  marketplacePage.visit();\n}, 'large-dataset-performance', 4000);\nmarketplacePage.expectInfluencersVisible();\ncy.wait('@largeDataset');",
                  "err": {},
                  "uuid": "fe63e270-3730-49b3-b849-f933f2c8b2d0",
                  "parentUUID": null,
                  "isHook": false,
                  "skipped": true
                },
                {
                  "title": "should optimize search performance",
                  "fullTitle": "Marketplace & Influencer Module - Comprehensive Tests Performance & Scalability should optimize search performance",
                  "timedOut": null,
                  "duration": 0,
                  "state": "skipped",
                  "speed": null,
                  "pass": false,
                  "fail": false,
                  "pending": false,
                  "context": null,
                  "code": "marketplacePage.visit();\ncy.measureInteractionTime(() => {\n  searchAndFilterPage.performSearch('beauty');\n}, 'search-performance', 1500);\nsearchAndFilterPage.expectSearchResultsVisible();",
                  "err": {},
                  "uuid": "e865def3-8ab0-40d4-838e-6af1d71e582e",
                  "parentUUID": null,
                  "isHook": false,
                  "skipped": true
                },
                {
                  "title": "should handle rapid filter changes",
                  "fullTitle": "Marketplace & Influencer Module - Comprehensive Tests Performance & Scalability should handle rapid filter changes",
                  "timedOut": null,
                  "duration": 0,
                  "state": "skipped",
                  "speed": null,
                  "pass": false,
                  "fail": false,
                  "pending": false,
                  "context": null,
                  "code": "marketplacePage.visit();\n// Rapidly apply multiple filters\nsearchAndFilterPage.openFilters().filterByPlatform('INSTAGRAM').filterByPlatform('TIKTOK').setFollowerRange(10000, 100000).filterVerifiedOnly().applyFilters();\nsearchAndFilterPage.expectFiltersApplied();",
                  "err": {},
                  "uuid": "0a49c4da-938c-4c41-86fb-2f6969859e7c",
                  "parentUUID": null,
                  "isHook": false,
                  "skipped": true
                },
                {
                  "title": "should maintain responsiveness during bulk operations",
                  "fullTitle": "Marketplace & Influencer Module - Comprehensive Tests Performance & Scalability should maintain responsiveness during bulk operations",
                  "timedOut": null,
                  "duration": 0,
                  "state": "skipped",
                  "speed": null,
                  "pass": false,
                  "fail": false,
                  "pending": false,
                  "context": null,
                  "code": "marketplacePage.visit();\n// Select many influencers\nfor (let i = 1; i <= 10; i++) {\n  marketplacePage.selectInfluencer(`influencer${i}`);\n}\nmarketplacePage.expectSelectionCount(10);\ncy.measureInteractionTime(() => {\n  influencerEngagementPage.performBulkEngagementWorkflow('Test Campaign', 10);\n}, 'bulk-operation-performance', 3000);",
                  "err": {},
                  "uuid": "ba44ca12-a53a-4a51-a39f-a751bfc63d7e",
                  "parentUUID": null,
                  "isHook": false,
                  "skipped": true
                }
              ],
              "suites": [],
              "passes": [],
              "failures": [],
              "pending": [],
              "skipped": [
                "fe63e270-3730-49b3-b849-f933f2c8b2d0",
                "e865def3-8ab0-40d4-838e-6af1d71e582e",
                "0a49c4da-938c-4c41-86fb-2f6969859e7c",
                "ba44ca12-a53a-4a51-a39f-a751bfc63d7e"
              ],
              "duration": 0,
              "root": false,
              "rootEmpty": false,
              "_timeout": 2000
            },
            {
              "uuid": "070a1045-db0d-4424-9400-a65ef84d3c2c",
              "title": "Security & Data Protection",
              "fullFile": "",
              "file": "",
              "beforeHooks": [],
              "afterHooks": [],
              "tests": [
                {
                  "title": "should protect sensitive influencer data",
                  "fullTitle": "Marketplace & Influencer Module - Comprehensive Tests Security & Data Protection should protect sensitive influencer data",
                  "timedOut": null,
                  "duration": 0,
                  "state": "skipped",
                  "speed": null,
                  "pass": false,
                  "fail": false,
                  "pending": false,
                  "context": null,
                  "code": "influencerProfilePage.visitProfile('test_influencer', 'INSTAGRAM');\n// Verify no sensitive data exposed in DOM\ncy.get('body').should('not.contain', 'password');\ncy.get('body').should('not.contain', 'api_key');\ncy.get('body').should('not.contain', 'secret');",
                  "err": {},
                  "uuid": "60785a03-de31-4e36-b942-22c310ea9a05",
                  "parentUUID": null,
                  "isHook": false,
                  "skipped": true
                },
                {
                  "title": "should validate campaign assignment permissions",
                  "fullTitle": "Marketplace & Influencer Module - Comprehensive Tests Security & Data Protection should validate campaign assignment permissions",
                  "timedOut": null,
                  "duration": 0,
                  "state": "skipped",
                  "speed": null,
                  "pass": false,
                  "fail": false,
                  "pending": false,
                  "context": null,
                  "code": "marketplacePage.visit();\n// Test unauthorized campaign access\ncy.intercept('POST', '**/api/campaigns/*/influencers/bulk-add', {\n  statusCode: 403,\n  body: {\n    error: 'Insufficient permissions'\n  }\n}).as('unauthorizedAccess');\nmarketplacePage.selectInfluencer('influencer1');\ninfluencerEngagementPage.openBulkAddDialog().selectBulkCampaign('Restricted Campaign').confirmBulkAdd().expectEngagementError('Insufficient permissions');\ncy.wait('@unauthorizedAccess');",
                  "err": {},
                  "uuid": "71a8ea92-7b7f-4daa-a0e5-a05ea3c35dad",
                  "parentUUID": null,
                  "isHook": false,
                  "skipped": true
                },
                {
                  "title": "should sanitize user inputs",
                  "fullTitle": "Marketplace & Influencer Module - Comprehensive Tests Security & Data Protection should sanitize user inputs",
                  "timedOut": null,
                  "duration": 0,
                  "state": "skipped",
                  "speed": null,
                  "pass": false,
                  "fail": false,
                  "pending": false,
                  "context": null,
                  "code": "marketplacePage.visit();\n// Test XSS prevention\nsearchAndFilterPage.performSearch('<script>alert(\"xss\")</script>');\n// Should not execute script\ncy.get('body').should('not.contain', 'alert');",
                  "err": {},
                  "uuid": "e2563b53-65f1-4b93-9f95-727137b3aeae",
                  "parentUUID": null,
                  "isHook": false,
                  "skipped": true
                }
              ],
              "suites": [],
              "passes": [],
              "failures": [],
              "pending": [],
              "skipped": [
                "60785a03-de31-4e36-b942-22c310ea9a05",
                "71a8ea92-7b7f-4daa-a0e5-a05ea3c35dad",
                "e2563b53-65f1-4b93-9f95-727137b3aeae"
              ],
              "duration": 0,
              "root": false,
              "rootEmpty": false,
              "_timeout": 2000
            },
            {
              "uuid": "30bbd523-2afe-4cfb-bb80-2dbaf23f1218",
              "title": "Analytics & Reporting",
              "fullFile": "",
              "file": "",
              "beforeHooks": [],
              "afterHooks": [],
              "tests": [
                {
                  "title": "should track marketplace usage analytics",
                  "fullTitle": "Marketplace & Influencer Module - Comprehensive Tests Analytics & Reporting should track marketplace usage analytics",
                  "timedOut": null,
                  "duration": 0,
                  "state": "skipped",
                  "speed": null,
                  "pass": false,
                  "fail": false,
                  "pending": false,
                  "context": null,
                  "code": "marketplacePage.visit();\n// Verify analytics events are fired\ncy.window().then(win => {\n  expect(win.analytics).to.exist;\n});\nsearchAndFilterPage.performSearch('fashion');\nmarketplacePage.viewInfluencerProfile('test_influencer');",
                  "err": {},
                  "uuid": "bdbb572d-c6f1-4ab3-b81b-b3c161a3e32c",
                  "parentUUID": null,
                  "isHook": false,
                  "skipped": true
                },
                {
                  "title": "should measure engagement success rates",
                  "fullTitle": "Marketplace & Influencer Module - Comprehensive Tests Analytics & Reporting should measure engagement success rates",
                  "timedOut": null,
                  "duration": 0,
                  "state": "skipped",
                  "speed": null,
                  "pass": false,
                  "fail": false,
                  "pending": false,
                  "context": null,
                  "code": "influencerEngagementPage.expectEngagementMetrics();",
                  "err": {},
                  "uuid": "41d64af7-940f-436e-8e0d-c3b918bf670f",
                  "parentUUID": null,
                  "isHook": false,
                  "skipped": true
                },
                {
                  "title": "should provide search analytics",
                  "fullTitle": "Marketplace & Influencer Module - Comprehensive Tests Analytics & Reporting should provide search analytics",
                  "timedOut": null,
                  "duration": 0,
                  "state": "skipped",
                  "speed": null,
                  "pass": false,
                  "fail": false,
                  "pending": false,
                  "context": null,
                  "code": "marketplacePage.visit();\nsearchAndFilterPage.performSearch('beauty').expectSearchTimeUnder(1000);",
                  "err": {},
                  "uuid": "c87a41d5-ebca-4d64-979f-b0bf75527ae5",
                  "parentUUID": null,
                  "isHook": false,
                  "skipped": true
                }
              ],
              "suites": [],
              "passes": [],
              "failures": [],
              "pending": [],
              "skipped": [
                "bdbb572d-c6f1-4ab3-b81b-b3c161a3e32c",
                "41d64af7-940f-436e-8e0d-c3b918bf670f",
                "c87a41d5-ebca-4d64-979f-b0bf75527ae5"
              ],
              "duration": 0,
              "root": false,
              "rootEmpty": false,
              "_timeout": 2000
            }
          ],
          "passes": [],
          "failures": [],
          "pending": [],
          "skipped": [],
          "duration": 0,
          "root": false,
          "rootEmpty": false,
          "_timeout": 2000
        }
      ],
      "passes": [],
      "failures": [],
      "pending": [],
      "skipped": [],
      "duration": 0,
      "root": true,
      "rootEmpty": true,
      "_timeout": 2000
    }
  ],
  "meta": {
    "mocha": {
      "version": "7.2.0"
    },
    "mochawesome": {
      "options": {
        "quiet": false,
        "reportFilename": "mochawesome",
        "saveHtml": false,
        "saveJson": true,
        "consoleReporter": "spec",
        "useInlineDiffs": false,
        "code": true
      },
      "version": "7.1.3"
    },
    "marge": {
      "options": {
        "reportDir": "config/cypress/reports",
        "overwrite": false,
        "html": false,
        "json": true,
        "timestamp": "mmddyyyy_HHMMss"
      },
      "version": "6.2.0"
    }
  }
}
