{
  "stats": {
    "suites": 0,
    "tests": 1,
    "passes": 0,
    "pending": 0,
    "failures": 1,
    "start": "2025-05-23T13:21:23.845Z",
    "end": "2025-05-23T13:21:24.540Z",
    "duration": 695,
    "testsRegistered": 1,
    "passPercent": 0,
    "pendingPercent": 0,
    "other": 0,
    "hasOther": false,
    "skipped": 0,
    "hasSkipped": false
  },
  "results": [
    {
      "uuid": "36573942-652d-4c81-a2bf-5df491ae9059",
      "title": "",
      "fullFile": "config/cypress/e2e/shared/test-auth.cy.js",
      "file": "config/cypress/e2e/shared/test-auth.cy.js",
      "beforeHooks": [],
      "afterHooks": [],
      "tests": [
        {
          "title": "An uncaught error was detected outside of a test",
          "fullTitle": "An uncaught error was detected outside of a test",
          "timedOut": null,
          "duration": 138,
          "state": "failed",
          "speed": null,
          "pass": false,
          "fail": true,
          "pending": false,
          "context": null,
          "code": "throw err;",
          "err": {
            "message": "CypressError: The following error originated from your test code, not from Cypress.\n\n  > `Cypress.Cookies.defaults()` was removed in Cypress version 12.0.0. Please update to use `cy.session()` instead.\n\nWhen Cypress detects uncaught errors originating from your test code it will automatically fail the current test.\n\nCypress could not associate this error to any specific test.\n\nWe dynamically generated a new test to display this failure.\n\nhttps://on.cypress.io/session",
            "estack": "CypressError: The following error originated from your test code, not from Cypress.\n\n  > `Cypress.Cookies.defaults()` was removed in Cypress version 12.0.0. Please update to use `cy.session()` instead.\n\nWhen Cypress detects uncaught errors originating from your test code it will automatically fail the current test.\n\nCypress could not associate this error to any specific test.\n\nWe dynamically generated a new test to display this failure.\n\nhttps://on.cypress.io/session\n    at Object.defaults (http://localhost:3000/__cypress/runner/cypress_runner.js:167704:67)\n    at eval (webpack://my-project/./config/cypress/support/e2e.js:115:16)\n    at eval (http://localhost:3000/__cypress/tests?p=config/cypress/support/e2e.js:3069:3)\n    at eval (http://localhost:3000/__cypress/tests?p=config/cypress/support/e2e.js:3071:12)\n    at eval (<anonymous>)\n    at <unknown> (http://localhost:3000/__cypress/runner/cypress_runner.js:112902:23)\n    at tryCatcher (http://localhost:3000/__cypress/runner/cypress_runner.js:1777:23)\n    at Object.gotValue (http://localhost:3000/__cypress/runner/cypress_runner.js:6446:18)\n    at Object.gotAccum (http://localhost:3000/__cypress/runner/cypress_runner.js:6435:25)\n    at Object.tryCatcher (http://localhost:3000/__cypress/runner/cypress_runner.js:1777:23)\n    at Promise._settlePromiseFromHandler (http://localhost:3000/__cypress/runner/cypress_runner.js:1489:31)\n    at Promise._settlePromise (http://localhost:3000/__cypress/runner/cypress_runner.js:1546:18)\n    at Promise._settlePromiseCtx (http://localhost:3000/__cypress/runner/cypress_runner.js:1583:10)\n    at _drainQueueStep (http://localhost:3000/__cypress/runner/cypress_runner.js:2381:12)\n    at _drainQueue (http://localhost:3000/__cypress/runner/cypress_runner.js:2370:9)\n    at Async._drainQueues (http://localhost:3000/__cypress/runner/cypress_runner.js:2386:5)\n    at Async.drainQueues (http://localhost:3000/__cypress/runner/cypress_runner.js:2256:14)",
            "diff": null
          },
          "uuid": "482f0d23-fc07-4f32-8d00-d5109684dae7",
          "parentUUID": "36573942-652d-4c81-a2bf-5df491ae9059",
          "isHook": false,
          "skipped": false
        }
      ],
      "suites": [],
      "passes": [],
      "failures": ["482f0d23-fc07-4f32-8d00-d5109684dae7"],
      "pending": [],
      "skipped": [],
      "duration": 138,
      "root": true,
      "rootEmpty": false,
      "_timeout": 2000
    }
  ],
  "meta": {
    "mocha": {
      "version": "7.2.0"
    },
    "mochawesome": {
      "options": {
        "quiet": false,
        "reportFilename": "mochawesome",
        "saveHtml": false,
        "saveJson": true,
        "consoleReporter": "spec",
        "useInlineDiffs": false,
        "code": true
      },
      "version": "7.1.3"
    },
    "marge": {
      "options": {
        "reportDir": "config/cypress/reports",
        "overwrite": false,
        "html": false,
        "json": true,
        "timestamp": "mmddyyyy_HHMMss"
      },
      "version": "6.2.0"
    }
  }
}
